{
  "uid" : "97e4cb3c4fad73c",
  "name" : "f12",
  "fullName" : "testPackage01.Test_NewValidationActions.f12",
  "historyId" : "e4f1c0befddb2cc79c696a26e59210d1",
  "time" : {
    "start" : 1615193282240,
    "stop" : 1615193282622,
    "duration" : 382
  },
  "status" : "passed",
  "flaky" : false,
  "newFailed" : false,
  "beforeStages" : [ {
    "name" : "openBrowser",
    "time" : {
      "start" : 1615193280727,
      "stop" : 1615193282202,
      "duration" : 1475
    },
    "description" : "",
    "status" : "passed",
    "steps" : [ {
      "name" : "Action [23]: Attempting to run remotely on: [Linux-64], [GoogleChrome], [http://localhost:4444/wd/hub], Headless Execution.",
      "time" : {
        "start" : 1615193280733,
        "stop" : 1615193280733,
        "duration" : 0
      },
      "status" : "passed",
      "steps" : [ ],
      "attachments" : [ ],
      "parameters" : [ {
        "name" : "actionCounter",
        "value" : "23"
      }, {
        "name" : "logText",
        "value" : "Attempting to run remotely on: [Linux-64], [GoogleChrome], [http://localhost:4444/wd/hub], Headless Execution."
      } ],
      "stepsCount" : 0,
      "attachmentsCount" : 0,
      "shouldDisplayMessage" : false,
      "hasContent" : true
    }, {
      "name" : "Action [24]: Successfully Opened [GoogleChrome].",
      "time" : {
        "start" : 1615193281419,
        "stop" : 1615193281420,
        "duration" : 1
      },
      "status" : "passed",
      "steps" : [ ],
      "attachments" : [ ],
      "parameters" : [ {
        "name" : "actionCounter",
        "value" : "24"
      }, {
        "name" : "logText",
        "value" : "Successfully Opened [GoogleChrome]."
      } ],
      "stepsCount" : 0,
      "attachmentsCount" : 0,
      "shouldDisplayMessage" : false,
      "hasContent" : true
    }, {
      "name" : "Action [25]: Browser Action [navigateToURL] successfully performed. With the following test data [https://the-internet.herokuapp.com/].",
      "time" : {
        "start" : 1615193282201,
        "stop" : 1615193282202,
        "duration" : 1
      },
      "status" : "passed",
      "steps" : [ ],
      "attachments" : [ ],
      "parameters" : [ {
        "name" : "actionCounter",
        "value" : "25"
      }, {
        "name" : "logText",
        "value" : "Browser Action [navigateToURL] successfully performed. With the following test data [https://the-internet.herokuapp.com/]."
      }, {
        "name" : "attachments",
        "value" : "[null]"
      } ],
      "stepsCount" : 0,
      "attachmentsCount" : 0,
      "shouldDisplayMessage" : false,
      "hasContent" : true
    } ],
    "attachments" : [ {
      "uid" : "3a150e420aa4a1b8",
      "name" : "Attachment: SHAFT Engine Logs - Current Method log: openBrowser",
      "source" : "3a150e420aa4a1b8.txt",
      "type" : "text/plain",
      "size" : 744
    } ],
    "parameters" : [ ],
    "stepsCount" : 3,
    "attachmentsCount" : 1,
    "shouldDisplayMessage" : false,
    "hasContent" : true
  } ],
  "testStage" : {
    "status" : "passed",
    "steps" : [ {
      "name" : "Action [26]: AssertElementExists FAILED; Expected [Element Should not Exist, locator 'By.tagName: h1'] and Actual [Element Exists]. Comparison Type [EQUALS]. Validation Type [NEGATIVE].",
      "time" : {
        "start" : 1615193282617,
        "stop" : 1615193282620,
        "duration" : 3
      },
      "status" : "passed",
      "steps" : [ ],
      "attachments" : [ {
        "uid" : "7bfc05fdb3de6c86",
        "name" : "Attachment: Screenshot - 1615193282530_f12_AssertElementExists_failed",
        "source" : "7bfc05fdb3de6c86.png",
        "type" : "image/png",
        "size" : 158296
      } ],
      "parameters" : [ {
        "name" : "actionCounter",
        "value" : "26"
      }, {
        "name" : "logText",
        "value" : "AssertElementExists FAILED; Expected [Element Should not Exist, locator 'By.tagName: h1'] and Actual [Element Exists]. Comparison Type [EQUALS]. Validation Type [NEGATIVE]."
      }, {
        "name" : "attachments",
        "value" : "[[Screenshot, 1615193282530_f12_AssertElementExists_failed, java.io.ByteArrayInputStream@687f62a5]]"
      } ],
      "stepsCount" : 0,
      "attachmentsCount" : 1,
      "shouldDisplayMessage" : false,
      "hasContent" : true
    } ],
    "attachments" : [ {
      "uid" : "326ca1679c46202",
      "name" : "Attachment: SHAFT Engine Logs - Current Method log: f12",
      "source" : "326ca1679c46202.txt",
      "type" : "text/plain",
      "size" : 837
    } ],
    "parameters" : [ ],
    "stepsCount" : 1,
    "attachmentsCount" : 2,
    "shouldDisplayMessage" : false,
    "hasContent" : true
  },
  "afterStages" : [ {
    "name" : "closeBrowser",
    "time" : {
      "start" : 1615193282625,
      "stop" : 1615193282918,
      "duration" : 293
    },
    "description" : "",
    "status" : "passed",
    "steps" : [ {
      "name" : "Action [27]: Successfully Closed All Browsers.",
      "time" : {
        "start" : 1615193282916,
        "stop" : 1615193282917,
        "duration" : 1
      },
      "status" : "passed",
      "steps" : [ ],
      "attachments" : [ ],
      "parameters" : [ {
        "name" : "actionCounter",
        "value" : "27"
      }, {
        "name" : "logText",
        "value" : "Successfully Closed All Browsers."
      } ],
      "stepsCount" : 0,
      "attachmentsCount" : 0,
      "shouldDisplayMessage" : false,
      "hasContent" : true
    } ],
    "attachments" : [ {
      "uid" : "8feebfcacfbe4b46",
      "name" : "Attachment: Selenium WebDriver Logs - server",
      "source" : "8feebfcacfbe4b46.txt",
      "type" : "text/plain",
      "size" : 1288
    }, {
      "uid" : "cf832aded7cdbd85",
      "name" : "Attachment: Selenium WebDriver Logs - performance",
      "source" : "cf832aded7cdbd85.txt",
      "type" : "text/plain",
      "size" : 68398
    }, {
      "uid" : "e315f13bda1e4bd8",
      "name" : "Attachment: Selenium WebDriver Logs - browser",
      "source" : "e315f13bda1e4bd8.txt",
      "type" : "text/plain",
      "size" : 759
    }, {
      "uid" : "21d381b25d1080cd",
      "name" : "Attachment: Selenium WebDriver Logs - driver",
      "source" : "21d381b25d1080cd.txt",
      "type" : "text/plain",
      "size" : 208921
    }, {
      "uid" : "a13a209a74583f04",
      "name" : "Attachment: SHAFT Engine Logs - Current Method log: closeBrowser",
      "source" : "a13a209a74583f04.txt",
      "type" : "text/plain",
      "size" : 531
    } ],
    "parameters" : [ ],
    "stepsCount" : 1,
    "attachmentsCount" : 5,
    "shouldDisplayMessage" : false,
    "hasContent" : true
  }, {
    "name" : "closureActivities",
    "time" : {
      "start" : 1615193678944,
      "stop" : 1615193679745,
      "duration" : 801
    },
    "description" : "",
    "status" : "passed",
    "steps" : [ {
      "name" : "Action [516]: Successfully Closed All Browsers.",
      "time" : {
        "start" : 1615193678945,
        "stop" : 1615193678945,
        "duration" : 0
      },
      "status" : "passed",
      "steps" : [ ],
      "attachments" : [ ],
      "parameters" : [ {
        "name" : "actionCounter",
        "value" : "516"
      }, {
        "name" : "logText",
        "value" : "Successfully Closed All Browsers."
      } ],
      "stepsCount" : 0,
      "attachmentsCount" : 0,
      "shouldDisplayMessage" : false,
      "hasContent" : true
    }, {
      "name" : "Action [517]: Issue Summary: Total Issues = 5, New issues for Failed Tests = 3, Open issues for Passed Tests = 2, Open issues for Failed Tests = 0. Kindly check the attached Issue details.",
      "time" : {
        "start" : 1615193678961,
        "stop" : 1615193678961,
        "duration" : 0
      },
      "status" : "passed",
      "steps" : [ ],
      "attachments" : [ {
        "uid" : "f79b8e92e37418f8",
        "name" : "Attachment: SHAFT Engine Logs - Issues log CSV: 20210308-085438",
        "source" : "f79b8e92e37418f8.csv",
        "type" : "text/csv",
        "size" : 690
      } ],
      "parameters" : [ {
        "name" : "actionCounter",
        "value" : "517"
      }, {
        "name" : "logText",
        "value" : "Issue Summary: Total Issues = 5, New issues for Failed Tests = 3, Open issues for Passed Tests = 2, Open issues for Failed Tests = 0. Kindly check the attached Issue details."
      }, {
        "name" : "attachments",
        "value" : "[[SHAFT Engine Logs, Issues log CSV: 20210308-085438, java.io.ByteArrayInputStream@12eaf6dc]]"
      } ],
      "stepsCount" : 0,
      "attachmentsCount" : 1,
      "shouldDisplayMessage" : false,
      "hasContent" : true
    } ],
    "attachments" : [ {
      "uid" : "78e235bdc871065",
      "name" : "Attachment: SHAFT Engine Logs - Execution log: 20210308-085438",
      "source" : "78e235bdc871065.txt",
      "type" : "text/plain",
      "size" : 418429
    }, {
      "uid" : "3c373d897e7816ea",
      "name" : "Attachment: HTML - Extent Emailable Execution Report",
      "source" : "3c373d897e7816ea.html",
      "type" : "text/html",
      "size" : 8828923
    } ],
    "parameters" : [ ],
    "stepsCount" : 2,
    "attachmentsCount" : 3,
    "shouldDisplayMessage" : false,
    "hasContent" : true
  } ],
  "labels" : [ {
    "name" : "package",
    "value" : "testPackage01.Test_NewValidationActions"
  }, {
    "name" : "testClass",
    "value" : "testPackage01.Test_NewValidationActions"
  }, {
    "name" : "testMethod",
    "value" : "f12"
  }, {
    "name" : "parentSuite",
    "value" : "SHAFT_Engine: Custom Suite"
  }, {
    "name" : "suite",
    "value" : "SHAFT_Engine: Custom Test"
  }, {
    "name" : "subSuite",
    "value" : "testPackage01.Test_NewValidationActions"
  }, {
    "name" : "host",
    "value" : "fv-az59-905"
  }, {
    "name" : "thread",
    "value" : "4017@fv-az59-905.main(1)"
  }, {
    "name" : "framework",
    "value" : "testng"
  }, {
    "name" : "language",
    "value" : "java"
  }, {
    "name" : "resultFormat",
    "value" : "allure2"
  } ],
  "parameters" : [ ],
  "links" : [ ],
  "hidden" : false,
  "retry" : false,
  "extra" : {
    "severity" : "normal",
    "retries" : [ ],
    "categories" : [ ],
    "tags" : [ ]
  },
  "source" : "97e4cb3c4fad73c.json",
  "parameterValues" : [ ]
}