{
  "uid" : "11f684044a4b3f2",
  "name" : "f15",
  "fullName" : "testPackage01.Test_NewValidationActions.f15",
  "historyId" : "8ad0e7501f35925a6444f1e8c5b341c5",
  "time" : {
    "start" : 1613266950636,
    "stop" : 1613266951052,
    "duration" : 416
  },
  "status" : "passed",
  "flaky" : false,
  "newFailed" : false,
  "beforeStages" : [ {
    "name" : "openBrowser",
    "time" : {
      "start" : 1613266949852,
      "stop" : 1613266950634,
      "duration" : 782
    },
    "description" : "",
    "status" : "passed",
    "steps" : [ {
      "name" : "Action [57]: Attempting to run remotely on: [Linux-64], [GoogleChrome], [http://localhost:4444/wd/hub], Headless Execution.",
      "time" : {
        "start" : 1613266949852,
        "stop" : 1613266949852,
        "duration" : 0
      },
      "status" : "passed",
      "steps" : [ ],
      "attachments" : [ ],
      "parameters" : [ {
        "name" : "actionCounter",
        "value" : "57"
      }, {
        "name" : "logText",
        "value" : "Attempting to run remotely on: [Linux-64], [GoogleChrome], [http://localhost:4444/wd/hub], Headless Execution."
      } ],
      "stepsCount" : 0,
      "attachmentsCount" : 0,
      "shouldDisplayMessage" : false,
      "hasContent" : true
    }, {
      "name" : "Action [58]: Successfully Opened [GoogleChrome].",
      "time" : {
        "start" : 1613266950102,
        "stop" : 1613266950103,
        "duration" : 1
      },
      "status" : "passed",
      "steps" : [ ],
      "attachments" : [ ],
      "parameters" : [ {
        "name" : "actionCounter",
        "value" : "58"
      }, {
        "name" : "logText",
        "value" : "Successfully Opened [GoogleChrome]."
      } ],
      "stepsCount" : 0,
      "attachmentsCount" : 0,
      "shouldDisplayMessage" : false,
      "hasContent" : true
    }, {
      "name" : "Action [59]: Browser Action [navigateToURL] successfully performed. With the following test data [https://the-internet.herokuapp.com/].",
      "time" : {
        "start" : 1613266950633,
        "stop" : 1613266950634,
        "duration" : 1
      },
      "status" : "passed",
      "steps" : [ ],
      "attachments" : [ ],
      "parameters" : [ {
        "name" : "actionCounter",
        "value" : "59"
      }, {
        "name" : "logText",
        "value" : "Browser Action [navigateToURL] successfully performed. With the following test data [https://the-internet.herokuapp.com/]."
      }, {
        "name" : "attachments",
        "value" : "[null]"
      } ],
      "stepsCount" : 0,
      "attachmentsCount" : 0,
      "shouldDisplayMessage" : false,
      "hasContent" : true
    } ],
    "attachments" : [ {
      "uid" : "e1875189ce7564f1",
      "name" : "Attachment: SHAFT Engine Logs - Current Method log: openBrowser",
      "source" : "e1875189ce7564f1.txt",
      "type" : "text/plain",
      "size" : 744
    } ],
    "parameters" : [ ],
    "stepsCount" : 3,
    "attachmentsCount" : 1,
    "shouldDisplayMessage" : false,
    "hasContent" : true
  } ],
  "testStage" : {
    "status" : "passed",
    "steps" : [ {
      "name" : "Action [60]: AssertElementAttribute FAILED; Expected [Value Should not be 'Welcome' for the 'text' attribute, element locator 'By.tagName: h1'] and Actual [Welcome to the-internet]. Comparison Type [CONTAINS]. Validation Type [NEGATIVE].",
      "time" : {
        "start" : 1613266951050,
        "stop" : 1613266951051,
        "duration" : 1
      },
      "status" : "passed",
      "steps" : [ ],
      "attachments" : [ {
        "uid" : "20cd42bb9c5c8bef",
        "name" : "Attachment: Screenshot - 1613266950966_f15_AssertElementAttribute_failed",
        "source" : "20cd42bb9c5c8bef.png",
        "type" : "image/png",
        "size" : 158296
      } ],
      "parameters" : [ {
        "name" : "actionCounter",
        "value" : "60"
      }, {
        "name" : "logText",
        "value" : "AssertElementAttribute FAILED; Expected [Value Should not be 'Welcome' for the 'text' attribute, element locator 'By.tagName: h1'] and Actual [Welcome to the-internet]. Comparison Type [CONTAINS]. Validation Type [NEGATIVE]."
      }, {
        "name" : "attachments",
        "value" : "[[Screenshot, 1613266950966_f15_AssertElementAttribute_failed, java.io.ByteArrayInputStream@6202f8bf]]"
      } ],
      "stepsCount" : 0,
      "attachmentsCount" : 1,
      "shouldDisplayMessage" : false,
      "hasContent" : true
    } ],
    "attachments" : [ {
      "uid" : "2e466a2a8a3b6630",
      "name" : "Attachment: SHAFT Engine Logs - Current Method log: f15",
      "source" : "2e466a2a8a3b6630.txt",
      "type" : "text/plain",
      "size" : 1043
    } ],
    "parameters" : [ ],
    "stepsCount" : 1,
    "attachmentsCount" : 2,
    "shouldDisplayMessage" : false,
    "hasContent" : true
  },
  "afterStages" : [ {
    "name" : "closeBrowser",
    "time" : {
      "start" : 1613266951055,
      "stop" : 1613266951254,
      "duration" : 199
    },
    "description" : "",
    "status" : "passed",
    "steps" : [ {
      "name" : "Action [61]: Successfully Closed All Browsers.",
      "time" : {
        "start" : 1613266951254,
        "stop" : 1613266951254,
        "duration" : 0
      },
      "status" : "passed",
      "steps" : [ ],
      "attachments" : [ ],
      "parameters" : [ {
        "name" : "actionCounter",
        "value" : "61"
      }, {
        "name" : "logText",
        "value" : "Successfully Closed All Browsers."
      } ],
      "stepsCount" : 0,
      "attachmentsCount" : 0,
      "shouldDisplayMessage" : false,
      "hasContent" : true
    } ],
    "attachments" : [ {
      "uid" : "d41e6bceb3fd4647",
      "name" : "Attachment: Selenium WebDriver Logs - server",
      "source" : "d41e6bceb3fd4647.txt",
      "type" : "text/plain",
      "size" : 1288
    }, {
      "uid" : "dd392c1241bd85a2",
      "name" : "Attachment: Selenium WebDriver Logs - performance",
      "source" : "dd392c1241bd85a2.txt",
      "type" : "text/plain",
      "size" : 57078
    }, {
      "uid" : "b9c423e509da3bd5",
      "name" : "Attachment: Selenium WebDriver Logs - browser",
      "source" : "b9c423e509da3bd5.txt",
      "type" : "text/plain",
      "size" : 757
    }, {
      "uid" : "bd6e8f556d26fe4",
      "name" : "Attachment: Selenium WebDriver Logs - driver",
      "source" : "bd6e8f556d26fe4.txt",
      "type" : "text/plain",
      "size" : 195571
    }, {
      "uid" : "4c56d974a7a86835",
      "name" : "Attachment: SHAFT Engine Logs - Current Method log: closeBrowser",
      "source" : "4c56d974a7a86835.txt",
      "type" : "text/plain",
      "size" : 531
    } ],
    "parameters" : [ ],
    "stepsCount" : 1,
    "attachmentsCount" : 5,
    "shouldDisplayMessage" : false,
    "hasContent" : true
  }, {
    "name" : "closureActivities",
    "time" : {
      "start" : 1613267267482,
      "stop" : 1613267267495,
      "duration" : 13
    },
    "description" : "",
    "status" : "passed",
    "steps" : [ {
      "name" : "Action [503]: Successfully Closed All Browsers.",
      "time" : {
        "start" : 1613267267483,
        "stop" : 1613267267483,
        "duration" : 0
      },
      "status" : "passed",
      "steps" : [ ],
      "attachments" : [ ],
      "parameters" : [ {
        "name" : "actionCounter",
        "value" : "503"
      }, {
        "name" : "logText",
        "value" : "Successfully Closed All Browsers."
      } ],
      "stepsCount" : 0,
      "attachmentsCount" : 0,
      "shouldDisplayMessage" : false,
      "hasContent" : true
    }, {
      "name" : "Action [504]: Issue Summary: Total Issues = 5, New issues for Failed Tests = 3, Open issues for Passed Tests = 2, Open issues for Failed Tests = 0. Kindly check the attached Issue details.",
      "time" : {
        "start" : 1613267267491,
        "stop" : 1613267267491,
        "duration" : 0
      },
      "status" : "passed",
      "steps" : [ ],
      "attachments" : [ {
        "uid" : "db54f91962052dfa",
        "name" : "Attachment: SHAFT Engine Logs - Issues log CSV: 20210214-014747",
        "source" : "db54f91962052dfa.csv",
        "type" : "text/csv",
        "size" : 690
      } ],
      "parameters" : [ {
        "name" : "actionCounter",
        "value" : "504"
      }, {
        "name" : "logText",
        "value" : "Issue Summary: Total Issues = 5, New issues for Failed Tests = 3, Open issues for Passed Tests = 2, Open issues for Failed Tests = 0. Kindly check the attached Issue details."
      }, {
        "name" : "attachments",
        "value" : "[[SHAFT Engine Logs, Issues log CSV: 20210214-014747, java.io.ByteArrayInputStream@3e71df15]]"
      } ],
      "stepsCount" : 0,
      "attachmentsCount" : 1,
      "shouldDisplayMessage" : false,
      "hasContent" : true
    } ],
    "attachments" : [ {
      "uid" : "42f4cca00250705",
      "name" : "Attachment: SHAFT Engine Logs - Execution log: 20210214-014747",
      "source" : "42f4cca00250705.txt",
      "type" : "text/plain",
      "size" : 435339
    } ],
    "parameters" : [ ],
    "stepsCount" : 2,
    "attachmentsCount" : 2,
    "shouldDisplayMessage" : false,
    "hasContent" : true
  } ],
  "labels" : [ {
    "name" : "package",
    "value" : "testPackage01.Test_NewValidationActions"
  }, {
    "name" : "testClass",
    "value" : "testPackage01.Test_NewValidationActions"
  }, {
    "name" : "testMethod",
    "value" : "f15"
  }, {
    "name" : "parentSuite",
    "value" : "SHAFT_Engine: Custom Suite"
  }, {
    "name" : "suite",
    "value" : "SHAFT_Engine: Custom Test"
  }, {
    "name" : "subSuite",
    "value" : "testPackage01.Test_NewValidationActions"
  }, {
    "name" : "host",
    "value" : "fv-az59-786"
  }, {
    "name" : "thread",
    "value" : "3975@fv-az59-786.main(1)"
  }, {
    "name" : "framework",
    "value" : "testng"
  }, {
    "name" : "language",
    "value" : "java"
  }, {
    "name" : "resultFormat",
    "value" : "allure2"
  } ],
  "parameters" : [ ],
  "links" : [ ],
  "hidden" : false,
  "retry" : false,
  "extra" : {
    "severity" : "normal",
    "retries" : [ ],
    "categories" : [ ],
    "tags" : [ ]
  },
  "source" : "11f684044a4b3f2.json",
  "parameterValues" : [ ]
}