{
  "uid" : "4354706915c1693a",
  "name" : "f12",
  "fullName" : "testPackage01.Test_NewValidationActions.f12",
  "historyId" : "e4f1c0befddb2cc79c696a26e59210d1",
  "time" : {
    "start" : 1614735963364,
    "stop" : 1614735963738,
    "duration" : 374
  },
  "status" : "passed",
  "flaky" : false,
  "newFailed" : false,
  "beforeStages" : [ {
    "name" : "openBrowser",
    "time" : {
      "start" : 1614735962505,
      "stop" : 1614735963352,
      "duration" : 847
    },
    "description" : "",
    "status" : "passed",
    "steps" : [ {
      "name" : "Action [58]: Attempting to run remotely on: [Linux-64], [GoogleChrome], [http://localhost:4444/wd/hub], Headless Execution.",
      "time" : {
        "start" : 1614735962510,
        "stop" : 1614735962510,
        "duration" : 0
      },
      "status" : "passed",
      "steps" : [ ],
      "attachments" : [ ],
      "parameters" : [ {
        "name" : "actionCounter",
        "value" : "58"
      }, {
        "name" : "logText",
        "value" : "Attempting to run remotely on: [Linux-64], [GoogleChrome], [http://localhost:4444/wd/hub], Headless Execution."
      } ],
      "stepsCount" : 0,
      "attachmentsCount" : 0,
      "shouldDisplayMessage" : false,
      "hasContent" : true
    }, {
      "name" : "Action [59]: Successfully Opened [GoogleChrome].",
      "time" : {
        "start" : 1614735962820,
        "stop" : 1614735962820,
        "duration" : 0
      },
      "status" : "passed",
      "steps" : [ ],
      "attachments" : [ ],
      "parameters" : [ {
        "name" : "actionCounter",
        "value" : "59"
      }, {
        "name" : "logText",
        "value" : "Successfully Opened [GoogleChrome]."
      } ],
      "stepsCount" : 0,
      "attachmentsCount" : 0,
      "shouldDisplayMessage" : false,
      "hasContent" : true
    }, {
      "name" : "Action [60]: Browser Action [navigateToURL] successfully performed. With the following test data [https://the-internet.herokuapp.com/].",
      "time" : {
        "start" : 1614735963349,
        "stop" : 1614735963349,
        "duration" : 0
      },
      "status" : "passed",
      "steps" : [ ],
      "attachments" : [ ],
      "parameters" : [ {
        "name" : "actionCounter",
        "value" : "60"
      }, {
        "name" : "logText",
        "value" : "Browser Action [navigateToURL] successfully performed. With the following test data [https://the-internet.herokuapp.com/]."
      }, {
        "name" : "attachments",
        "value" : "[null]"
      } ],
      "stepsCount" : 0,
      "attachmentsCount" : 0,
      "shouldDisplayMessage" : false,
      "hasContent" : true
    } ],
    "attachments" : [ {
      "uid" : "b0dc9c75a09544d8",
      "name" : "Attachment: SHAFT Engine Logs - Current Method log: openBrowser",
      "source" : "b0dc9c75a09544d8.txt",
      "type" : "text/plain",
      "size" : 744
    } ],
    "parameters" : [ ],
    "stepsCount" : 3,
    "attachmentsCount" : 1,
    "shouldDisplayMessage" : false,
    "hasContent" : true
  } ],
  "testStage" : {
    "status" : "passed",
    "steps" : [ {
      "name" : "Action [61]: AssertElementExists FAILED; Expected [Element Should not Exist, locator 'By.tagName: h1'] and Actual [Element Exists]. Comparison Type [EQUALS]. Validation Type [NEGATIVE].",
      "time" : {
        "start" : 1614735963736,
        "stop" : 1614735963737,
        "duration" : 1
      },
      "status" : "passed",
      "steps" : [ ],
      "attachments" : [ {
        "uid" : "c9116423f456de53",
        "name" : "Attachment: Screenshot - 1614735963645_f12_AssertElementExists_failed",
        "source" : "c9116423f456de53.png",
        "type" : "image/png",
        "size" : 158296
      } ],
      "parameters" : [ {
        "name" : "actionCounter",
        "value" : "61"
      }, {
        "name" : "logText",
        "value" : "AssertElementExists FAILED; Expected [Element Should not Exist, locator 'By.tagName: h1'] and Actual [Element Exists]. Comparison Type [EQUALS]. Validation Type [NEGATIVE]."
      }, {
        "name" : "attachments",
        "value" : "[[Screenshot, 1614735963645_f12_AssertElementExists_failed, java.io.ByteArrayInputStream@405d123c]]"
      } ],
      "stepsCount" : 0,
      "attachmentsCount" : 1,
      "shouldDisplayMessage" : false,
      "hasContent" : true
    } ],
    "attachments" : [ {
      "uid" : "a2b4e357eed655b2",
      "name" : "Attachment: SHAFT Engine Logs - Current Method log: f12",
      "source" : "a2b4e357eed655b2.txt",
      "type" : "text/plain",
      "size" : 838
    } ],
    "parameters" : [ ],
    "stepsCount" : 1,
    "attachmentsCount" : 2,
    "shouldDisplayMessage" : false,
    "hasContent" : true
  },
  "afterStages" : [ {
    "name" : "closeBrowser",
    "time" : {
      "start" : 1614735963739,
      "stop" : 1614735963936,
      "duration" : 197
    },
    "description" : "",
    "status" : "passed",
    "steps" : [ {
      "name" : "Action [62]: Successfully Closed All Browsers.",
      "time" : {
        "start" : 1614735963935,
        "stop" : 1614735963936,
        "duration" : 1
      },
      "status" : "passed",
      "steps" : [ ],
      "attachments" : [ ],
      "parameters" : [ {
        "name" : "actionCounter",
        "value" : "62"
      }, {
        "name" : "logText",
        "value" : "Successfully Closed All Browsers."
      } ],
      "stepsCount" : 0,
      "attachmentsCount" : 0,
      "shouldDisplayMessage" : false,
      "hasContent" : true
    } ],
    "attachments" : [ {
      "uid" : "6fb983e253cdd51a",
      "name" : "Attachment: Selenium WebDriver Logs - server",
      "source" : "6fb983e253cdd51a.txt",
      "type" : "text/plain",
      "size" : 1288
    }, {
      "uid" : "5346064bcdc7b325",
      "name" : "Attachment: Selenium WebDriver Logs - performance",
      "source" : "5346064bcdc7b325.txt",
      "type" : "text/plain",
      "size" : 56404
    }, {
      "uid" : "9e07f5f2b6e31ba9",
      "name" : "Attachment: Selenium WebDriver Logs - browser",
      "source" : "9e07f5f2b6e31ba9.txt",
      "type" : "text/plain",
      "size" : 757
    }, {
      "uid" : "a41af3c6187b0a27",
      "name" : "Attachment: Selenium WebDriver Logs - driver",
      "source" : "a41af3c6187b0a27.txt",
      "type" : "text/plain",
      "size" : 185920
    }, {
      "uid" : "4cc31c7598fa4e51",
      "name" : "Attachment: SHAFT Engine Logs - Current Method log: closeBrowser",
      "source" : "4cc31c7598fa4e51.txt",
      "type" : "text/plain",
      "size" : 531
    } ],
    "parameters" : [ ],
    "stepsCount" : 1,
    "attachmentsCount" : 5,
    "shouldDisplayMessage" : false,
    "hasContent" : true
  }, {
    "name" : "closureActivities",
    "time" : {
      "start" : 1614736250542,
      "stop" : 1614736251125,
      "duration" : 583
    },
    "description" : "",
    "status" : "passed",
    "steps" : [ {
      "name" : "Action [522]: Successfully Closed All Browsers.",
      "time" : {
        "start" : 1614736250542,
        "stop" : 1614736250542,
        "duration" : 0
      },
      "status" : "passed",
      "steps" : [ ],
      "attachments" : [ ],
      "parameters" : [ {
        "name" : "actionCounter",
        "value" : "522"
      }, {
        "name" : "logText",
        "value" : "Successfully Closed All Browsers."
      } ],
      "stepsCount" : 0,
      "attachmentsCount" : 0,
      "shouldDisplayMessage" : false,
      "hasContent" : true
    }, {
      "name" : "Action [523]: Issue Summary: Total Issues = 2, New issues for Failed Tests = 0, Open issues for Passed Tests = 2, Open issues for Failed Tests = 0. Kindly check the attached Issue details.",
      "time" : {
        "start" : 1614736250559,
        "stop" : 1614736250559,
        "duration" : 0
      },
      "status" : "passed",
      "steps" : [ ],
      "attachments" : [ {
        "uid" : "dfbcdb93c015329b",
        "name" : "Attachment: SHAFT Engine Logs - Issues log CSV: 20210303-015050",
        "source" : "dfbcdb93c015329b.csv",
        "type" : "text/csv",
        "size" : 228
      } ],
      "parameters" : [ {
        "name" : "actionCounter",
        "value" : "523"
      }, {
        "name" : "logText",
        "value" : "Issue Summary: Total Issues = 2, New issues for Failed Tests = 0, Open issues for Passed Tests = 2, Open issues for Failed Tests = 0. Kindly check the attached Issue details."
      }, {
        "name" : "attachments",
        "value" : "[[SHAFT Engine Logs, Issues log CSV: 20210303-015050, java.io.ByteArrayInputStream@427acbab]]"
      } ],
      "stepsCount" : 0,
      "attachmentsCount" : 1,
      "shouldDisplayMessage" : false,
      "hasContent" : true
    } ],
    "attachments" : [ {
      "uid" : "c374a1eaab1389f7",
      "name" : "Attachment: SHAFT Engine Logs - Execution log: 20210303-015050",
      "source" : "c374a1eaab1389f7.txt",
      "type" : "text/plain",
      "size" : 382614
    }, {
      "uid" : "98346cc3ee7697b9",
      "name" : "Attachment: HTML - Extent Emailable Execution Report",
      "source" : "98346cc3ee7697b9.html",
      "type" : "text/html",
      "size" : 7212867
    } ],
    "parameters" : [ ],
    "stepsCount" : 2,
    "attachmentsCount" : 3,
    "shouldDisplayMessage" : false,
    "hasContent" : true
  } ],
  "labels" : [ {
    "name" : "package",
    "value" : "testPackage01.Test_NewValidationActions"
  }, {
    "name" : "testClass",
    "value" : "testPackage01.Test_NewValidationActions"
  }, {
    "name" : "testMethod",
    "value" : "f12"
  }, {
    "name" : "parentSuite",
    "value" : "SHAFT_Engine: Custom Suite"
  }, {
    "name" : "suite",
    "value" : "SHAFT_Engine: Custom Test"
  }, {
    "name" : "subSuite",
    "value" : "testPackage01.Test_NewValidationActions"
  }, {
    "name" : "host",
    "value" : "fv-az92-228"
  }, {
    "name" : "thread",
    "value" : "4328@fv-az92-228.main(1)"
  }, {
    "name" : "framework",
    "value" : "testng"
  }, {
    "name" : "language",
    "value" : "java"
  }, {
    "name" : "resultFormat",
    "value" : "allure2"
  } ],
  "parameters" : [ ],
  "links" : [ ],
  "hidden" : false,
  "retry" : false,
  "extra" : {
    "severity" : "normal",
    "retries" : [ ],
    "categories" : [ ],
    "tags" : [ ]
  },
  "source" : "4354706915c1693a.json",
  "parameterValues" : [ ]
}