{
  "uid" : "2e8595fc8dca7de3",
  "name" : "f12",
  "fullName" : "testPackage01.Test_NewValidationActions.f12",
  "historyId" : "e4f1c0befddb2cc79c696a26e59210d1",
  "time" : {
    "start" : 1614390259518,
    "stop" : 1614390259871,
    "duration" : 353
  },
  "status" : "passed",
  "flaky" : false,
  "newFailed" : false,
  "beforeStages" : [ {
    "name" : "openBrowser",
    "time" : {
      "start" : 1614390258786,
      "stop" : 1614390259486,
      "duration" : 700
    },
    "description" : "",
    "status" : "passed",
    "steps" : [ {
      "name" : "Action [58]: Attempting to run remotely on: [Linux-64], [GoogleChrome], [http://localhost:4444/wd/hub], Headless Execution.",
      "time" : {
        "start" : 1614390258787,
        "stop" : 1614390258787,
        "duration" : 0
      },
      "status" : "passed",
      "steps" : [ ],
      "attachments" : [ ],
      "parameters" : [ {
        "name" : "actionCounter",
        "value" : "58"
      }, {
        "name" : "logText",
        "value" : "Attempting to run remotely on: [Linux-64], [GoogleChrome], [http://localhost:4444/wd/hub], Headless Execution."
      } ],
      "stepsCount" : 0,
      "attachmentsCount" : 0,
      "shouldDisplayMessage" : false,
      "hasContent" : true
    }, {
      "name" : "Action [59]: Successfully Opened [GoogleChrome].",
      "time" : {
        "start" : 1614390259025,
        "stop" : 1614390259026,
        "duration" : 1
      },
      "status" : "passed",
      "steps" : [ ],
      "attachments" : [ ],
      "parameters" : [ {
        "name" : "actionCounter",
        "value" : "59"
      }, {
        "name" : "logText",
        "value" : "Successfully Opened [GoogleChrome]."
      } ],
      "stepsCount" : 0,
      "attachmentsCount" : 0,
      "shouldDisplayMessage" : false,
      "hasContent" : true
    }, {
      "name" : "Action [60]: Browser Action [navigateToURL] successfully performed. With the following test data [https://the-internet.herokuapp.com/].",
      "time" : {
        "start" : 1614390259485,
        "stop" : 1614390259485,
        "duration" : 0
      },
      "status" : "passed",
      "steps" : [ ],
      "attachments" : [ ],
      "parameters" : [ {
        "name" : "actionCounter",
        "value" : "60"
      }, {
        "name" : "logText",
        "value" : "Browser Action [navigateToURL] successfully performed. With the following test data [https://the-internet.herokuapp.com/]."
      }, {
        "name" : "attachments",
        "value" : "[null]"
      } ],
      "stepsCount" : 0,
      "attachmentsCount" : 0,
      "shouldDisplayMessage" : false,
      "hasContent" : true
    } ],
    "attachments" : [ {
      "uid" : "c0d6a2c16c338c4c",
      "name" : "Attachment: SHAFT Engine Logs - Current Method log: openBrowser",
      "source" : "c0d6a2c16c338c4c.txt",
      "type" : "text/plain",
      "size" : 744
    } ],
    "parameters" : [ ],
    "stepsCount" : 3,
    "attachmentsCount" : 1,
    "shouldDisplayMessage" : false,
    "hasContent" : true
  } ],
  "testStage" : {
    "status" : "passed",
    "steps" : [ {
      "name" : "Action [61]: AssertElementExists FAILED; Expected [Element Should not Exist, locator 'By.tagName: h1'] and Actual [Element Exists]. Comparison Type [EQUALS]. Validation Type [NEGATIVE].",
      "time" : {
        "start" : 1614390259867,
        "stop" : 1614390259868,
        "duration" : 1
      },
      "status" : "passed",
      "steps" : [ ],
      "attachments" : [ {
        "uid" : "1036f8872e95b886",
        "name" : "Attachment: Screenshot - 1614390259777_f12_AssertElementExists_failed",
        "source" : "1036f8872e95b886.png",
        "type" : "image/png",
        "size" : 158296
      } ],
      "parameters" : [ {
        "name" : "actionCounter",
        "value" : "61"
      }, {
        "name" : "logText",
        "value" : "AssertElementExists FAILED; Expected [Element Should not Exist, locator 'By.tagName: h1'] and Actual [Element Exists]. Comparison Type [EQUALS]. Validation Type [NEGATIVE]."
      }, {
        "name" : "attachments",
        "value" : "[[Screenshot, 1614390259777_f12_AssertElementExists_failed, java.io.ByteArrayInputStream@57bc7f67]]"
      } ],
      "stepsCount" : 0,
      "attachmentsCount" : 1,
      "shouldDisplayMessage" : false,
      "hasContent" : true
    } ],
    "attachments" : [ {
      "uid" : "82bf3ae378d9fed7",
      "name" : "Attachment: SHAFT Engine Logs - Current Method log: f12",
      "source" : "82bf3ae378d9fed7.txt",
      "type" : "text/plain",
      "size" : 838
    } ],
    "parameters" : [ ],
    "stepsCount" : 1,
    "attachmentsCount" : 2,
    "shouldDisplayMessage" : false,
    "hasContent" : true
  },
  "afterStages" : [ {
    "name" : "closeBrowser",
    "time" : {
      "start" : 1614390259871,
      "stop" : 1614390260040,
      "duration" : 169
    },
    "description" : "",
    "status" : "passed",
    "steps" : [ {
      "name" : "Action [62]: Successfully Closed All Browsers.",
      "time" : {
        "start" : 1614390260039,
        "stop" : 1614390260039,
        "duration" : 0
      },
      "status" : "passed",
      "steps" : [ ],
      "attachments" : [ ],
      "parameters" : [ {
        "name" : "actionCounter",
        "value" : "62"
      }, {
        "name" : "logText",
        "value" : "Successfully Closed All Browsers."
      } ],
      "stepsCount" : 0,
      "attachmentsCount" : 0,
      "shouldDisplayMessage" : false,
      "hasContent" : true
    } ],
    "attachments" : [ {
      "uid" : "5eba1c26f390f717",
      "name" : "Attachment: Selenium WebDriver Logs - server",
      "source" : "5eba1c26f390f717.txt",
      "type" : "text/plain",
      "size" : 1288
    }, {
      "uid" : "930829fee12e8554",
      "name" : "Attachment: Selenium WebDriver Logs - performance",
      "source" : "930829fee12e8554.txt",
      "type" : "text/plain",
      "size" : 56850
    }, {
      "uid" : "740b1f35672cdb4f",
      "name" : "Attachment: Selenium WebDriver Logs - browser",
      "source" : "740b1f35672cdb4f.txt",
      "type" : "text/plain",
      "size" : 759
    }, {
      "uid" : "d3fd5e65d04d458f",
      "name" : "Attachment: Selenium WebDriver Logs - driver",
      "source" : "d3fd5e65d04d458f.txt",
      "type" : "text/plain",
      "size" : 185650
    }, {
      "uid" : "454cae8c718c87db",
      "name" : "Attachment: SHAFT Engine Logs - Current Method log: closeBrowser",
      "source" : "454cae8c718c87db.txt",
      "type" : "text/plain",
      "size" : 531
    } ],
    "parameters" : [ ],
    "stepsCount" : 1,
    "attachmentsCount" : 5,
    "shouldDisplayMessage" : false,
    "hasContent" : true
  }, {
    "name" : "closureActivities",
    "time" : {
      "start" : 1614390535902,
      "stop" : 1614390536653,
      "duration" : 751
    },
    "description" : "",
    "status" : "passed",
    "steps" : [ {
      "name" : "Action [522]: Successfully Closed All Browsers.",
      "time" : {
        "start" : 1614390535902,
        "stop" : 1614390535902,
        "duration" : 0
      },
      "status" : "passed",
      "steps" : [ ],
      "attachments" : [ ],
      "parameters" : [ {
        "name" : "actionCounter",
        "value" : "522"
      }, {
        "name" : "logText",
        "value" : "Successfully Closed All Browsers."
      } ],
      "stepsCount" : 0,
      "attachmentsCount" : 0,
      "shouldDisplayMessage" : false,
      "hasContent" : true
    }, {
      "name" : "Action [523]: Issue Summary: Total Issues = 2, New issues for Failed Tests = 0, Open issues for Passed Tests = 2, Open issues for Failed Tests = 0. Kindly check the attached Issue details.",
      "time" : {
        "start" : 1614390535910,
        "stop" : 1614390535910,
        "duration" : 0
      },
      "status" : "passed",
      "steps" : [ ],
      "attachments" : [ {
        "uid" : "c5584b34b77f64f6",
        "name" : "Attachment: SHAFT Engine Logs - Issues log CSV: 20210227-014855",
        "source" : "c5584b34b77f64f6.csv",
        "type" : "text/csv",
        "size" : 228
      } ],
      "parameters" : [ {
        "name" : "actionCounter",
        "value" : "523"
      }, {
        "name" : "logText",
        "value" : "Issue Summary: Total Issues = 2, New issues for Failed Tests = 0, Open issues for Passed Tests = 2, Open issues for Failed Tests = 0. Kindly check the attached Issue details."
      }, {
        "name" : "attachments",
        "value" : "[[SHAFT Engine Logs, Issues log CSV: 20210227-014855, java.io.ByteArrayInputStream@2ef731d4]]"
      } ],
      "stepsCount" : 0,
      "attachmentsCount" : 1,
      "shouldDisplayMessage" : false,
      "hasContent" : true
    } ],
    "attachments" : [ {
      "uid" : "efb9e5594bc30f6f",
      "name" : "Attachment: SHAFT Engine Logs - Execution log: 20210227-014855",
      "source" : "efb9e5594bc30f6f.txt",
      "type" : "text/plain",
      "size" : 382612
    }, {
      "uid" : "46efad7e7aa61c5d",
      "name" : "Attachment: HTML - Extent Emailable Execution Report",
      "source" : "46efad7e7aa61c5d.html",
      "type" : "text/html",
      "size" : 7425302
    } ],
    "parameters" : [ ],
    "stepsCount" : 2,
    "attachmentsCount" : 3,
    "shouldDisplayMessage" : false,
    "hasContent" : true
  } ],
  "labels" : [ {
    "name" : "package",
    "value" : "testPackage01.Test_NewValidationActions"
  }, {
    "name" : "testClass",
    "value" : "testPackage01.Test_NewValidationActions"
  }, {
    "name" : "testMethod",
    "value" : "f12"
  }, {
    "name" : "parentSuite",
    "value" : "SHAFT_Engine: Custom Suite"
  }, {
    "name" : "suite",
    "value" : "SHAFT_Engine: Custom Test"
  }, {
    "name" : "subSuite",
    "value" : "testPackage01.Test_NewValidationActions"
  }, {
    "name" : "host",
    "value" : "fv-az59-111"
  }, {
    "name" : "thread",
    "value" : "3860@fv-az59-111.main(1)"
  }, {
    "name" : "framework",
    "value" : "testng"
  }, {
    "name" : "language",
    "value" : "java"
  }, {
    "name" : "resultFormat",
    "value" : "allure2"
  } ],
  "parameters" : [ ],
  "links" : [ ],
  "hidden" : false,
  "retry" : false,
  "extra" : {
    "severity" : "normal",
    "retries" : [ ],
    "categories" : [ ],
    "tags" : [ ]
  },
  "source" : "2e8595fc8dca7de3.json",
  "parameterValues" : [ ]
}