{
  "uid" : "f76857a5c8661be8",
  "name" : "assertComparativeRelation_greaterThanOrEquals_false_equals_expectedToFail",
  "fullName" : "unitTests.tests_validations_assertions.assertComparativeRelation_greaterThanOrEquals_false_equals_expectedToFail",
  "historyId" : "a7ae2e4757a67e15ea26bc18a732a5d0",
  "time" : {
    "start" : 1617675194413,
    "stop" : 1617675194418,
    "duration" : 5
  },
  "status" : "passed",
  "flaky" : false,
  "newFailed" : false,
  "beforeStages" : [ ],
  "testStage" : {
    "status" : "passed",
    "steps" : [ {
      "name" : "Action [94]: AssertComparativeRelation FAILED; Expected [1] and Actual [1]. Comparison Type [GREATER_THAN_OR_EQUALS]. Validation Type [NEGATIVE].",
      "time" : {
        "start" : 1617675194416,
        "stop" : 1617675194416,
        "duration" : 0
      },
      "status" : "passed",
      "steps" : [ ],
      "attachments" : [ ],
      "parameters" : [ {
        "name" : "actionCounter",
        "value" : "94"
      }, {
        "name" : "logText",
        "value" : "AssertComparativeRelation FAILED; Expected [1] and Actual [1]. Comparison Type [GREATER_THAN_OR_EQUALS]. Validation Type [NEGATIVE]."
      } ],
      "stepsCount" : 0,
      "attachmentsCount" : 0,
      "shouldDisplayMessage" : false,
      "hasContent" : true
    } ],
    "attachments" : [ {
      "uid" : "4c3209d2ffec7bdb",
      "name" : "Attachment: SHAFT Engine Logs - Current Method log: assertComparativeRelation_greaterThanOrEquals_false_equals_expectedToFail",
      "source" : "4c3209d2ffec7bdb.txt",
      "type" : "text/plain",
      "size" : 664
    } ],
    "parameters" : [ ],
    "stepsCount" : 1,
    "attachmentsCount" : 1,
    "shouldDisplayMessage" : false,
    "hasContent" : true
  },
  "afterStages" : [ {
    "name" : "closureActivities",
    "time" : {
      "start" : 1617675522771,
      "stop" : 1617675523512,
      "duration" : 741
    },
    "description" : "",
    "status" : "passed",
    "steps" : [ {
      "name" : "Action [522]: Successfully Closed All Browsers.",
      "time" : {
        "start" : 1617675522772,
        "stop" : 1617675522772,
        "duration" : 0
      },
      "status" : "passed",
      "steps" : [ ],
      "attachments" : [ ],
      "parameters" : [ {
        "name" : "actionCounter",
        "value" : "522"
      }, {
        "name" : "logText",
        "value" : "Successfully Closed All Browsers."
      } ],
      "stepsCount" : 0,
      "attachmentsCount" : 0,
      "shouldDisplayMessage" : false,
      "hasContent" : true
    }, {
      "name" : "Action [523]: Issue Summary: Total Issues = 2, New issues for Failed Tests = 0, Open issues for Passed Tests = 2, Open issues for Failed Tests = 0. Kindly check the attached Issue details.",
      "time" : {
        "start" : 1617675522788,
        "stop" : 1617675522788,
        "duration" : 0
      },
      "status" : "passed",
      "steps" : [ ],
      "attachments" : [ {
        "uid" : "7b6ede3faa00f317",
        "name" : "Attachment: SHAFT Engine Logs - Issues log CSV: 20210406-021842",
        "source" : "7b6ede3faa00f317.csv",
        "type" : "text/csv",
        "size" : 228
      } ],
      "parameters" : [ {
        "name" : "actionCounter",
        "value" : "523"
      }, {
        "name" : "logText",
        "value" : "Issue Summary: Total Issues = 2, New issues for Failed Tests = 0, Open issues for Passed Tests = 2, Open issues for Failed Tests = 0. Kindly check the attached Issue details."
      }, {
        "name" : "attachments",
        "value" : "[[SHAFT Engine Logs, Issues log CSV: 20210406-021842, java.io.ByteArrayInputStream@78b79e3]]"
      } ],
      "stepsCount" : 0,
      "attachmentsCount" : 1,
      "shouldDisplayMessage" : false,
      "hasContent" : true
    } ],
    "attachments" : [ {
      "uid" : "9d92ed84d290c63",
      "name" : "Attachment: SHAFT Engine Logs - Execution log: 20210406-021842",
      "source" : "9d92ed84d290c63.txt",
      "type" : "text/plain",
      "size" : 382737
    }, {
      "uid" : "c8a874a766f5aeac",
      "name" : "Attachment: HTML - Extent Emailable Execution Report",
      "source" : "c8a874a766f5aeac.html",
      "type" : "text/html",
      "size" : 7375003
    } ],
    "parameters" : [ ],
    "stepsCount" : 2,
    "attachmentsCount" : 3,
    "shouldDisplayMessage" : false,
    "hasContent" : true
  } ],
  "labels" : [ {
    "name" : "package",
    "value" : "unitTests.tests_validations_assertions"
  }, {
    "name" : "testClass",
    "value" : "unitTests.tests_validations_assertions"
  }, {
    "name" : "testMethod",
    "value" : "assertComparativeRelation_greaterThanOrEquals_false_equals_expectedToFail"
  }, {
    "name" : "parentSuite",
    "value" : "SHAFT_Engine: Custom Suite"
  }, {
    "name" : "suite",
    "value" : "SHAFT_Engine: Custom Test"
  }, {
    "name" : "subSuite",
    "value" : "unitTests.tests_validations_assertions"
  }, {
    "name" : "host",
    "value" : "fv-az37-789"
  }, {
    "name" : "thread",
    "value" : "4336@fv-az37-789.main(1)"
  }, {
    "name" : "framework",
    "value" : "testng"
  }, {
    "name" : "language",
    "value" : "java"
  }, {
    "name" : "resultFormat",
    "value" : "allure2"
  } ],
  "parameters" : [ ],
  "links" : [ ],
  "hidden" : false,
  "retry" : false,
  "extra" : {
    "severity" : "normal",
    "retries" : [ ],
    "categories" : [ ],
    "tags" : [ ]
  },
  "source" : "f76857a5c8661be8.json",
  "parameterValues" : [ ]
}