{
  "uid" : "ead1a491891c3511",
  "name" : "assertElementAttribute_true_containsComparison_expectedToFail",
  "fullName" : "unitTests.tests_validations_assertions.assertElementAttribute_true_containsComparison_expectedToFail",
  "historyId" : "f5eb3e0657331ec851f236cbdec9dbc3",
  "time" : {
    "start" : 1619748294453,
    "stop" : 1619748294455,
    "duration" : 2
  },
  "status" : "skipped",
  "statusMessage" : "Browser Factory Action [createNewRemoteDriverInstance] failed. With the following test data [Unhandled Error.].",
  "statusTrace" : "java.lang.AssertionError: Browser Factory Action [createNewRemoteDriverInstance] failed. With the following test data [Unhandled Error.].\n\tat org.testng.Assert.fail(Assert.java:87)\n\tat com.shaft.gui.browser.BrowserFactory.failAction(BrowserFactory.java:243)\n\tat com.shaft.gui.browser.BrowserFactory.createNewRemoteDriverInstance(BrowserFactory.java:608)\n\tat com.shaft.gui.browser.BrowserFactory.getBrowser(BrowserFactory.java:716)\n\tat com.shaft.gui.browser.BrowserFactory.getBrowser(BrowserFactory.java:124)\n\tat unitTests.tests_validations_assertions.beforeMethod(tests_validations_assertions.java:406)\n\tat java.base/jdk.internal.reflect.NativeMethodAccessorImpl.invoke0(Native Method)\n\tat java.base/jdk.internal.reflect.NativeMethodAccessorImpl.invoke(NativeMethodAccessorImpl.java:64)\n\tat java.base/jdk.internal.reflect.DelegatingMethodAccessorImpl.invoke(DelegatingMethodAccessorImpl.java:43)\n\tat java.base/java.lang.reflect.Method.invoke(Method.java:564)\n\tat org.testng.internal.MethodInvocationHelper.invokeMethod(MethodInvocationHelper.java:133)\n\tat org.testng.internal.MethodInvocationHelper.invokeMethodConsideringTimeout(MethodInvocationHelper.java:62)\n\tat org.testng.internal.ConfigInvoker.invokeConfigurationMethod(ConfigInvoker.java:385)\n\tat org.testng.internal.ConfigInvoker.invokeConfigurations(ConfigInvoker.java:321)\n\tat org.testng.internal.TestInvoker.runConfigMethods(TestInvoker.java:700)\n\tat org.testng.internal.TestInvoker.invokeMethod(TestInvoker.java:527)\n\tat org.testng.internal.TestInvoker.invokeTestMethod(TestInvoker.java:173)\n\tat org.testng.internal.MethodRunner.runInSequence(MethodRunner.java:46)\n\tat org.testng.internal.TestInvoker$MethodInvocationAgent.invoke(TestInvoker.java:824)\n\tat org.testng.internal.TestInvoker.invokeTestMethods(TestInvoker.java:146)\n\tat org.testng.internal.TestMethodWorker.invokeTestMethods(TestMethodWorker.java:146)\n\tat org.testng.internal.TestMethodWorker.run(TestMethodWorker.java:128)\n\tat java.base/java.util.ArrayList.forEach(ArrayList.java:1511)\n\tat org.testng.TestRunner.privateRun(TestRunner.java:794)\n\tat org.testng.TestRunner.run(TestRunner.java:596)\n\tat org.testng.SuiteRunner.runTest(SuiteRunner.java:377)\n\tat org.testng.SuiteRunner.runSequentially(SuiteRunner.java:371)\n\tat org.testng.SuiteRunner.privateRun(SuiteRunner.java:332)\n\tat org.testng.SuiteRunner.run(SuiteRunner.java:276)\n\tat org.testng.SuiteRunnerWorker.runSuite(SuiteRunnerWorker.java:53)\n\tat org.testng.SuiteRunnerWorker.run(SuiteRunnerWorker.java:96)\n\tat org.testng.TestNG.runSuitesSequentially(TestNG.java:1212)\n\tat org.testng.TestNG.runSuitesLocally(TestNG.java:1134)\n\tat org.testng.TestNG.runSuites(TestNG.java:1063)\n\tat org.testng.TestNG.run(TestNG.java:1031)\n\tat org.apache.maven.surefire.testng.TestNGExecutor.run(TestNGExecutor.java:136)\n\tat org.apache.maven.surefire.testng.TestNGDirectoryTestSuite.executeMulti(TestNGDirectoryTestSuite.java:193)\n\tat org.apache.maven.surefire.testng.TestNGDirectoryTestSuite.execute(TestNGDirectoryTestSuite.java:94)\n\tat org.apache.maven.surefire.testng.TestNGProvider.invoke(TestNGProvider.java:145)\n\tat org.apache.maven.surefire.booter.ForkedBooter.runSuitesInProcess(ForkedBooter.java:428)\n\tat org.apache.maven.surefire.booter.ForkedBooter.execute(ForkedBooter.java:162)\n\tat org.apache.maven.surefire.booter.ForkedBooter.run(ForkedBooter.java:562)\n\tat org.apache.maven.surefire.booter.ForkedBooter.main(ForkedBooter.java:548)\nCaused by: org.openqa.selenium.WebDriverException: unknown error: Chrome failed to start: exited abnormally.\n  (chrome not reachable)\n  (The process started from chrome location /usr/bin/google-chrome is no longer running, so ChromeDriver is assuming that Chrome has crashed.)\n  (Driver info: chromedriver=81.0.4044.138 (8c6c7ba89cc9453625af54f11fd83179e23450fa-refs/branch-heads/4044@{#999}),platform=Linux 5.4.0-1046-azure x86_64) (WARNING: The server did not provide any stacktrace information)\nCommand duration or timeout: 1.12 seconds\nBuild info: version: '3.141.59', revision: 'e82be7d358', time: '2018-11-14T08:25:53'\nSystem info: host: 'e917d9bb7c5b', ip: '172.18.0.3', os.name: 'Linux', os.arch: 'amd64', os.version: '5.4.0-1046-azure', java.version: '1.8.0_252'\nDriver info: driver.version: unknown\nCommand duration or timeout: 1.19 seconds\n\tat java.base/jdk.internal.reflect.NativeConstructorAccessorImpl.newInstance0(Native Method)\n\tat java.base/jdk.internal.reflect.NativeConstructorAccessorImpl.newInstance(NativeConstructorAccessorImpl.java:64)\n\tat java.base/jdk.internal.reflect.DelegatingConstructorAccessorImpl.newInstance(DelegatingConstructorAccessorImpl.java:45)\n\tat java.base/java.lang.reflect.Constructor.newInstanceWithCaller(Constructor.java:500)\n\tat java.base/java.lang.reflect.Constructor.newInstance(Constructor.java:481)\n\tat org.openqa.selenium.remote.ErrorHandler.createThrowable(ErrorHandler.java:214)\n\tat org.openqa.selenium.remote.ErrorHandler.throwIfResponseFailed(ErrorHandler.java:166)\n\tat org.openqa.selenium.remote.JsonWireProtocolResponse.lambda$errorHandler$0(JsonWireProtocolResponse.java:54)\n\tat org.openqa.selenium.remote.HandshakeResponse.lambda$getResponseFunction$0(HandshakeResponse.java:30)\n\tat org.openqa.selenium.remote.ProtocolHandshake.lambda$createSession$0(ProtocolHandshake.java:126)\n\tat java.base/java.util.stream.ReferencePipeline$3$1.accept(ReferencePipeline.java:195)\n\tat java.base/java.util.Spliterators$ArraySpliterator.tryAdvance(Spliterators.java:958)\n\tat java.base/java.util.stream.ReferencePipeline.forEachWithCancel(ReferencePipeline.java:127)\n\tat java.base/java.util.stream.AbstractPipeline.copyIntoWithCancel(AbstractPipeline.java:502)\n\tat java.base/java.util.stream.AbstractPipeline.copyInto(AbstractPipeline.java:488)\n\tat java.base/java.util.stream.AbstractPipeline.wrapAndCopyInto(AbstractPipeline.java:474)\n\tat java.base/java.util.stream.FindOps$FindOp.evaluateSequential(FindOps.java:150)\n\tat java.base/java.util.stream.AbstractPipeline.evaluate(AbstractPipeline.java:234)\n\tat java.base/java.util.stream.ReferencePipeline.findFirst(ReferencePipeline.java:543)\n\tat org.openqa.selenium.remote.ProtocolHandshake.createSession(ProtocolHandshake.java:128)\n\tat org.openqa.selenium.remote.ProtocolHandshake.createSession(ProtocolHandshake.java:74)\n\tat org.openqa.selenium.remote.HttpCommandExecutor.execute(HttpCommandExecutor.java:136)\n\tat org.openqa.selenium.remote.RemoteWebDriver.execute(RemoteWebDriver.java:552)\n\tat org.openqa.selenium.remote.RemoteWebDriver.startSession(RemoteWebDriver.java:213)\n\tat org.openqa.selenium.remote.RemoteWebDriver.<init>(RemoteWebDriver.java:131)\n\tat org.openqa.selenium.remote.RemoteWebDriver.<init>(RemoteWebDriver.java:144)\n\tat com.shaft.gui.browser.BrowserFactory.createNewRemoteDriverInstance(BrowserFactory.java:550)\n\t... 40 more\nCaused by: org.openqa.selenium.WebDriverException: unknown error: Chrome failed to start: exited abnormally.\n  (chrome not reachable)\n  (The process started from chrome location /usr/bin/google-chrome is no longer running, so ChromeDriver is assuming that Chrome has crashed.)\n  (Driver info: chromedriver=81.0.4044.138 (8c6c7ba89cc9453625af54f11fd83179e23450fa-refs/branch-heads/4044@{#999}),platform=Linux 5.4.0-1046-azure x86_64) (WARNING: The server did not provide any stacktrace information)\nCommand duration or timeout: 1.12 seconds\nBuild info: version: '3.141.59', revision: 'e82be7d358', time: '2018-11-14T08:25:53'\nSystem info: host: 'e917d9bb7c5b', ip: '172.18.0.3', os.name: 'Linux', os.arch: 'amd64', os.version: '5.4.0-1046-azure', java.version: '1.8.0_252'\nDriver info: driver.version: unknown\nBuild info: version: '3.141.59', revision: 'e82be7d358', time: '2018-11-14T08:17:03'\nSystem info: host: 'fv-az99-305', ip: '10.1.0.57', os.name: 'Linux', os.arch: 'amd64', os.version: '5.4.0-1046-azure', java.version: '15.0.3'\nDriver info: driver.version: unknown\n\tat sun.reflect.NativeConstructorAccessorImpl.newInstance0(Native Method)\n\tat sun.reflect.NativeConstructorAccessorImpl.newInstance(NativeConstructorAccessorImpl.java:62)\n\tat sun.reflect.DelegatingConstructorAccessorImpl.newInstance(DelegatingConstructorAccessorImpl.java:45)\n\tat java.lang.reflect.Constructor.newInstance(Constructor.java:423)\n\tat org.openqa.selenium.remote.ErrorHandler.createThrowable(ErrorHandler.java:214)\n\tat org.openqa.selenium.remote.ErrorHandler.throwIfResponseFailed(ErrorHandler.java:166)\n\tat org.openqa.selenium.remote.JsonWireProtocolResponse.lambda$errorHandler$0(JsonWireProtocolResponse.java:54)\n\tat org.openqa.selenium.remote.HandshakeResponse.lambda$getResponseFunction$0(HandshakeResponse.java:30)\n\tat org.openqa.selenium.remote.ProtocolHandshake.lambda$createSession$0(ProtocolHandshake.java:126)\n\tat java.util.stream.ReferencePipeline$3$1.accept(ReferencePipeline.java:193)\n\tat java.util.Spliterators$ArraySpliterator.tryAdvance(Spliterators.java:958)\n\tat java.util.stream.ReferencePipeline.forEachWithCancel(ReferencePipeline.java:126)\n\tat java.util.stream.AbstractPipeline.copyIntoWithCancel(AbstractPipeline.java:499)\n\tat java.util.stream.AbstractPipeline.copyInto(AbstractPipeline.java:486)\n\tat java.util.stream.AbstractPipeline.wrapAndCopyInto(AbstractPipeline.java:472)\n\tat java.util.stream.FindOps$FindOp.evaluateSequential(FindOps.java:152)\n\tat java.util.stream.AbstractPipeline.evaluate(AbstractPipeline.java:234)\n\tat java.util.stream.ReferencePipeline.findFirst(ReferencePipeline.java:531)\n\tat org.openqa.selenium.remote.ProtocolHandshake.createSession(ProtocolHandshake.java:128)\n\tat org.openqa.selenium.remote.ProtocolHandshake.createSession(ProtocolHandshake.java:74)\n\tat org.openqa.selenium.grid.session.remote.RemoteSession$Factory.performHandshake(RemoteSession.java:147)\n\tat org.openqa.selenium.grid.session.remote.ServicedSession$Factory.apply(ServicedSession.java:161)\n\tat org.openqa.selenium.remote.server.ActiveSessionFactory.lambda$apply$12(ActiveSessionFactory.java:180)\n\tat java.util.stream.ReferencePipeline$3$1.accept(ReferencePipeline.java:193)\n\tat java.util.stream.ReferencePipeline$11$1.accept(ReferencePipeline.java:440)\n\tat java.util.stream.ReferencePipeline$2$1.accept(ReferencePipeline.java:175)\n\tat java.util.Spliterators$ArraySpliterator.tryAdvance(Spliterators.java:958)\n\tat java.util.stream.ReferencePipeline.forEachWithCancel(ReferencePipeline.java:126)\n\tat java.util.stream.AbstractPipeline.copyIntoWithCancel(AbstractPipeline.java:499)\n\tat java.util.stream.AbstractPipeline.copyInto(AbstractPipeline.java:486)\n\tat java.util.stream.AbstractPipeline.wrapAndCopyInto(AbstractPipeline.java:472)\n\tat java.util.stream.FindOps$FindOp.evaluateSequential(FindOps.java:152)\n\tat java.util.stream.AbstractPipeline.evaluate(AbstractPipeline.java:234)\n\tat java.util.stream.ReferencePipeline.findFirst(ReferencePipeline.java:531)\n\tat org.openqa.selenium.remote.server.ActiveSessionFactory.apply(ActiveSessionFactory.java:183)\n\tat org.openqa.selenium.remote.server.NewSessionPipeline.lambda$null$2(NewSessionPipeline.java:66)\n\tat java.util.stream.ReferencePipeline$3$1.accept(ReferencePipeline.java:193)\n\tat java.util.stream.ReferencePipeline$2$1.accept(ReferencePipeline.java:175)\n\tat java.util.Collections$2.tryAdvance(Collections.java:4719)\n\tat java.util.stream.ReferencePipeline.forEachWithCancel(ReferencePipeline.java:126)\n\tat java.util.stream.AbstractPipeline.copyIntoWithCancel(AbstractPipeline.java:499)\n\tat java.util.stream.AbstractPipeline.copyInto(AbstractPipeline.java:486)\n\tat java.util.stream.AbstractPipeline.wrapAndCopyInto(AbstractPipeline.java:472)\n\tat java.util.stream.FindOps$FindOp.evaluateSequential(FindOps.java:152)\n\tat java.util.stream.AbstractPipeline.evaluate(AbstractPipeline.java:234)\n\tat java.util.stream.ReferencePipeline.findFirst(ReferencePipeline.java:531)\n\tat org.openqa.selenium.remote.server.NewSessionPipeline.lambda$createNewSession$3(NewSessionPipeline.java:69)\n\tat java.util.stream.ReferencePipeline$3$1.accept(ReferencePipeline.java:193)\n\tat java.util.stream.ReferencePipeline$3$1.accept(ReferencePipeline.java:193)\n\tat java.util.stream.ReferencePipeline$3$1.accept(ReferencePipeline.java:193)\n\tat java.util.stream.DistinctOps$1$2.accept(DistinctOps.java:175)\n\tat java.util.stream.ReferencePipeline$2$1.accept(ReferencePipeline.java:175)\n\tat java.util.stream.ReferencePipeline$3$1.accept(ReferencePipeline.java:193)\n\tat java.util.stream.ReferencePipeline$2$1.accept(ReferencePipeline.java:175)\n\tat java.util.stream.Streams$StreamBuilderImpl.tryAdvance(Streams.java:405)\n\tat java.util.stream.Streams$ConcatSpliterator.tryAdvance(Streams.java:728)\n\tat java.util.stream.ReferencePipeline.forEachWithCancel(ReferencePipeline.java:126)\n\tat java.util.stream.AbstractPipeline.copyIntoWithCancel(AbstractPipeline.java:499)\n\tat java.util.stream.AbstractPipeline.copyInto(AbstractPipeline.java:486)\n\tat java.util.stream.AbstractPipeline.wrapAndCopyInto(AbstractPipeline.java:472)\n\tat java.util.stream.FindOps$FindOp.evaluateSequential(FindOps.java:152)\n\tat java.util.stream.AbstractPipeline.evaluate(AbstractPipeline.java:234)\n\tat java.util.stream.ReferencePipeline.findFirst(ReferencePipeline.java:531)\n\tat org.openqa.selenium.remote.server.NewSessionPipeline.createNewSession(NewSessionPipeline.java:72)\n\tat org.openqa.selenium.remote.server.commandhandler.BeginSession.execute(BeginSession.java:65)\n\tat org.openqa.selenium.remote.server.WebDriverServlet.lambda$handle$0(WebDriverServlet.java:235)\n\tat java.util.concurrent.Executors$RunnableAdapter.call(Executors.java:511)\n\tat java.util.concurrent.FutureTask.run(FutureTask.java:266)\n\tat java.util.concurrent.ThreadPoolExecutor.runWorker(ThreadPoolExecutor.java:1149)\n\tat java.util.concurrent.ThreadPoolExecutor$Worker.run(ThreadPoolExecutor.java:624)\n\tat java.lang.Thread.run(Thread.java:748)\n",
  "flaky" : false,
  "newFailed" : false,
  "beforeStages" : [ {
    "name" : "beforeMethod",
    "time" : {
      "start" : 1619748294451,
      "stop" : 1619748294451,
      "duration" : 0
    },
    "description" : "",
    "status" : "broken",
    "steps" : [ ],
    "attachments" : [ ],
    "parameters" : [ ],
    "stepsCount" : 0,
    "attachmentsCount" : 0,
    "shouldDisplayMessage" : false,
    "hasContent" : false
  } ],
  "testStage" : {
    "status" : "skipped",
    "statusMessage" : "Browser Factory Action [createNewRemoteDriverInstance] failed. With the following test data [Unhandled Error.].",
    "statusTrace" : "java.lang.AssertionError: Browser Factory Action [createNewRemoteDriverInstance] failed. With the following test data [Unhandled Error.].\n\tat org.testng.Assert.fail(Assert.java:87)\n\tat com.shaft.gui.browser.BrowserFactory.failAction(BrowserFactory.java:243)\n\tat com.shaft.gui.browser.BrowserFactory.createNewRemoteDriverInstance(BrowserFactory.java:608)\n\tat com.shaft.gui.browser.BrowserFactory.getBrowser(BrowserFactory.java:716)\n\tat com.shaft.gui.browser.BrowserFactory.getBrowser(BrowserFactory.java:124)\n\tat unitTests.tests_validations_assertions.beforeMethod(tests_validations_assertions.java:406)\n\tat java.base/jdk.internal.reflect.NativeMethodAccessorImpl.invoke0(Native Method)\n\tat java.base/jdk.internal.reflect.NativeMethodAccessorImpl.invoke(NativeMethodAccessorImpl.java:64)\n\tat java.base/jdk.internal.reflect.DelegatingMethodAccessorImpl.invoke(DelegatingMethodAccessorImpl.java:43)\n\tat java.base/java.lang.reflect.Method.invoke(Method.java:564)\n\tat org.testng.internal.MethodInvocationHelper.invokeMethod(MethodInvocationHelper.java:133)\n\tat org.testng.internal.MethodInvocationHelper.invokeMethodConsideringTimeout(MethodInvocationHelper.java:62)\n\tat org.testng.internal.ConfigInvoker.invokeConfigurationMethod(ConfigInvoker.java:385)\n\tat org.testng.internal.ConfigInvoker.invokeConfigurations(ConfigInvoker.java:321)\n\tat org.testng.internal.TestInvoker.runConfigMethods(TestInvoker.java:700)\n\tat org.testng.internal.TestInvoker.invokeMethod(TestInvoker.java:527)\n\tat org.testng.internal.TestInvoker.invokeTestMethod(TestInvoker.java:173)\n\tat org.testng.internal.MethodRunner.runInSequence(MethodRunner.java:46)\n\tat org.testng.internal.TestInvoker$MethodInvocationAgent.invoke(TestInvoker.java:824)\n\tat org.testng.internal.TestInvoker.invokeTestMethods(TestInvoker.java:146)\n\tat org.testng.internal.TestMethodWorker.invokeTestMethods(TestMethodWorker.java:146)\n\tat org.testng.internal.TestMethodWorker.run(TestMethodWorker.java:128)\n\tat java.base/java.util.ArrayList.forEach(ArrayList.java:1511)\n\tat org.testng.TestRunner.privateRun(TestRunner.java:794)\n\tat org.testng.TestRunner.run(TestRunner.java:596)\n\tat org.testng.SuiteRunner.runTest(SuiteRunner.java:377)\n\tat org.testng.SuiteRunner.runSequentially(SuiteRunner.java:371)\n\tat org.testng.SuiteRunner.privateRun(SuiteRunner.java:332)\n\tat org.testng.SuiteRunner.run(SuiteRunner.java:276)\n\tat org.testng.SuiteRunnerWorker.runSuite(SuiteRunnerWorker.java:53)\n\tat org.testng.SuiteRunnerWorker.run(SuiteRunnerWorker.java:96)\n\tat org.testng.TestNG.runSuitesSequentially(TestNG.java:1212)\n\tat org.testng.TestNG.runSuitesLocally(TestNG.java:1134)\n\tat org.testng.TestNG.runSuites(TestNG.java:1063)\n\tat org.testng.TestNG.run(TestNG.java:1031)\n\tat org.apache.maven.surefire.testng.TestNGExecutor.run(TestNGExecutor.java:136)\n\tat org.apache.maven.surefire.testng.TestNGDirectoryTestSuite.executeMulti(TestNGDirectoryTestSuite.java:193)\n\tat org.apache.maven.surefire.testng.TestNGDirectoryTestSuite.execute(TestNGDirectoryTestSuite.java:94)\n\tat org.apache.maven.surefire.testng.TestNGProvider.invoke(TestNGProvider.java:145)\n\tat org.apache.maven.surefire.booter.ForkedBooter.runSuitesInProcess(ForkedBooter.java:428)\n\tat org.apache.maven.surefire.booter.ForkedBooter.execute(ForkedBooter.java:162)\n\tat org.apache.maven.surefire.booter.ForkedBooter.run(ForkedBooter.java:562)\n\tat org.apache.maven.surefire.booter.ForkedBooter.main(ForkedBooter.java:548)\nCaused by: org.openqa.selenium.WebDriverException: unknown error: Chrome failed to start: exited abnormally.\n  (chrome not reachable)\n  (The process started from chrome location /usr/bin/google-chrome is no longer running, so ChromeDriver is assuming that Chrome has crashed.)\n  (Driver info: chromedriver=81.0.4044.138 (8c6c7ba89cc9453625af54f11fd83179e23450fa-refs/branch-heads/4044@{#999}),platform=Linux 5.4.0-1046-azure x86_64) (WARNING: The server did not provide any stacktrace information)\nCommand duration or timeout: 1.12 seconds\nBuild info: version: '3.141.59', revision: 'e82be7d358', time: '2018-11-14T08:25:53'\nSystem info: host: 'e917d9bb7c5b', ip: '172.18.0.3', os.name: 'Linux', os.arch: 'amd64', os.version: '5.4.0-1046-azure', java.version: '1.8.0_252'\nDriver info: driver.version: unknown\nCommand duration or timeout: 1.19 seconds\n\tat java.base/jdk.internal.reflect.NativeConstructorAccessorImpl.newInstance0(Native Method)\n\tat java.base/jdk.internal.reflect.NativeConstructorAccessorImpl.newInstance(NativeConstructorAccessorImpl.java:64)\n\tat java.base/jdk.internal.reflect.DelegatingConstructorAccessorImpl.newInstance(DelegatingConstructorAccessorImpl.java:45)\n\tat java.base/java.lang.reflect.Constructor.newInstanceWithCaller(Constructor.java:500)\n\tat java.base/java.lang.reflect.Constructor.newInstance(Constructor.java:481)\n\tat org.openqa.selenium.remote.ErrorHandler.createThrowable(ErrorHandler.java:214)\n\tat org.openqa.selenium.remote.ErrorHandler.throwIfResponseFailed(ErrorHandler.java:166)\n\tat org.openqa.selenium.remote.JsonWireProtocolResponse.lambda$errorHandler$0(JsonWireProtocolResponse.java:54)\n\tat org.openqa.selenium.remote.HandshakeResponse.lambda$getResponseFunction$0(HandshakeResponse.java:30)\n\tat org.openqa.selenium.remote.ProtocolHandshake.lambda$createSession$0(ProtocolHandshake.java:126)\n\tat java.base/java.util.stream.ReferencePipeline$3$1.accept(ReferencePipeline.java:195)\n\tat java.base/java.util.Spliterators$ArraySpliterator.tryAdvance(Spliterators.java:958)\n\tat java.base/java.util.stream.ReferencePipeline.forEachWithCancel(ReferencePipeline.java:127)\n\tat java.base/java.util.stream.AbstractPipeline.copyIntoWithCancel(AbstractPipeline.java:502)\n\tat java.base/java.util.stream.AbstractPipeline.copyInto(AbstractPipeline.java:488)\n\tat java.base/java.util.stream.AbstractPipeline.wrapAndCopyInto(AbstractPipeline.java:474)\n\tat java.base/java.util.stream.FindOps$FindOp.evaluateSequential(FindOps.java:150)\n\tat java.base/java.util.stream.AbstractPipeline.evaluate(AbstractPipeline.java:234)\n\tat java.base/java.util.stream.ReferencePipeline.findFirst(ReferencePipeline.java:543)\n\tat org.openqa.selenium.remote.ProtocolHandshake.createSession(ProtocolHandshake.java:128)\n\tat org.openqa.selenium.remote.ProtocolHandshake.createSession(ProtocolHandshake.java:74)\n\tat org.openqa.selenium.remote.HttpCommandExecutor.execute(HttpCommandExecutor.java:136)\n\tat org.openqa.selenium.remote.RemoteWebDriver.execute(RemoteWebDriver.java:552)\n\tat org.openqa.selenium.remote.RemoteWebDriver.startSession(RemoteWebDriver.java:213)\n\tat org.openqa.selenium.remote.RemoteWebDriver.<init>(RemoteWebDriver.java:131)\n\tat org.openqa.selenium.remote.RemoteWebDriver.<init>(RemoteWebDriver.java:144)\n\tat com.shaft.gui.browser.BrowserFactory.createNewRemoteDriverInstance(BrowserFactory.java:550)\n\t... 40 more\nCaused by: org.openqa.selenium.WebDriverException: unknown error: Chrome failed to start: exited abnormally.\n  (chrome not reachable)\n  (The process started from chrome location /usr/bin/google-chrome is no longer running, so ChromeDriver is assuming that Chrome has crashed.)\n  (Driver info: chromedriver=81.0.4044.138 (8c6c7ba89cc9453625af54f11fd83179e23450fa-refs/branch-heads/4044@{#999}),platform=Linux 5.4.0-1046-azure x86_64) (WARNING: The server did not provide any stacktrace information)\nCommand duration or timeout: 1.12 seconds\nBuild info: version: '3.141.59', revision: 'e82be7d358', time: '2018-11-14T08:25:53'\nSystem info: host: 'e917d9bb7c5b', ip: '172.18.0.3', os.name: 'Linux', os.arch: 'amd64', os.version: '5.4.0-1046-azure', java.version: '1.8.0_252'\nDriver info: driver.version: unknown\nBuild info: version: '3.141.59', revision: 'e82be7d358', time: '2018-11-14T08:17:03'\nSystem info: host: 'fv-az99-305', ip: '10.1.0.57', os.name: 'Linux', os.arch: 'amd64', os.version: '5.4.0-1046-azure', java.version: '15.0.3'\nDriver info: driver.version: unknown\n\tat sun.reflect.NativeConstructorAccessorImpl.newInstance0(Native Method)\n\tat sun.reflect.NativeConstructorAccessorImpl.newInstance(NativeConstructorAccessorImpl.java:62)\n\tat sun.reflect.DelegatingConstructorAccessorImpl.newInstance(DelegatingConstructorAccessorImpl.java:45)\n\tat java.lang.reflect.Constructor.newInstance(Constructor.java:423)\n\tat org.openqa.selenium.remote.ErrorHandler.createThrowable(ErrorHandler.java:214)\n\tat org.openqa.selenium.remote.ErrorHandler.throwIfResponseFailed(ErrorHandler.java:166)\n\tat org.openqa.selenium.remote.JsonWireProtocolResponse.lambda$errorHandler$0(JsonWireProtocolResponse.java:54)\n\tat org.openqa.selenium.remote.HandshakeResponse.lambda$getResponseFunction$0(HandshakeResponse.java:30)\n\tat org.openqa.selenium.remote.ProtocolHandshake.lambda$createSession$0(ProtocolHandshake.java:126)\n\tat java.util.stream.ReferencePipeline$3$1.accept(ReferencePipeline.java:193)\n\tat java.util.Spliterators$ArraySpliterator.tryAdvance(Spliterators.java:958)\n\tat java.util.stream.ReferencePipeline.forEachWithCancel(ReferencePipeline.java:126)\n\tat java.util.stream.AbstractPipeline.copyIntoWithCancel(AbstractPipeline.java:499)\n\tat java.util.stream.AbstractPipeline.copyInto(AbstractPipeline.java:486)\n\tat java.util.stream.AbstractPipeline.wrapAndCopyInto(AbstractPipeline.java:472)\n\tat java.util.stream.FindOps$FindOp.evaluateSequential(FindOps.java:152)\n\tat java.util.stream.AbstractPipeline.evaluate(AbstractPipeline.java:234)\n\tat java.util.stream.ReferencePipeline.findFirst(ReferencePipeline.java:531)\n\tat org.openqa.selenium.remote.ProtocolHandshake.createSession(ProtocolHandshake.java:128)\n\tat org.openqa.selenium.remote.ProtocolHandshake.createSession(ProtocolHandshake.java:74)\n\tat org.openqa.selenium.grid.session.remote.RemoteSession$Factory.performHandshake(RemoteSession.java:147)\n\tat org.openqa.selenium.grid.session.remote.ServicedSession$Factory.apply(ServicedSession.java:161)\n\tat org.openqa.selenium.remote.server.ActiveSessionFactory.lambda$apply$12(ActiveSessionFactory.java:180)\n\tat java.util.stream.ReferencePipeline$3$1.accept(ReferencePipeline.java:193)\n\tat java.util.stream.ReferencePipeline$11$1.accept(ReferencePipeline.java:440)\n\tat java.util.stream.ReferencePipeline$2$1.accept(ReferencePipeline.java:175)\n\tat java.util.Spliterators$ArraySpliterator.tryAdvance(Spliterators.java:958)\n\tat java.util.stream.ReferencePipeline.forEachWithCancel(ReferencePipeline.java:126)\n\tat java.util.stream.AbstractPipeline.copyIntoWithCancel(AbstractPipeline.java:499)\n\tat java.util.stream.AbstractPipeline.copyInto(AbstractPipeline.java:486)\n\tat java.util.stream.AbstractPipeline.wrapAndCopyInto(AbstractPipeline.java:472)\n\tat java.util.stream.FindOps$FindOp.evaluateSequential(FindOps.java:152)\n\tat java.util.stream.AbstractPipeline.evaluate(AbstractPipeline.java:234)\n\tat java.util.stream.ReferencePipeline.findFirst(ReferencePipeline.java:531)\n\tat org.openqa.selenium.remote.server.ActiveSessionFactory.apply(ActiveSessionFactory.java:183)\n\tat org.openqa.selenium.remote.server.NewSessionPipeline.lambda$null$2(NewSessionPipeline.java:66)\n\tat java.util.stream.ReferencePipeline$3$1.accept(ReferencePipeline.java:193)\n\tat java.util.stream.ReferencePipeline$2$1.accept(ReferencePipeline.java:175)\n\tat java.util.Collections$2.tryAdvance(Collections.java:4719)\n\tat java.util.stream.ReferencePipeline.forEachWithCancel(ReferencePipeline.java:126)\n\tat java.util.stream.AbstractPipeline.copyIntoWithCancel(AbstractPipeline.java:499)\n\tat java.util.stream.AbstractPipeline.copyInto(AbstractPipeline.java:486)\n\tat java.util.stream.AbstractPipeline.wrapAndCopyInto(AbstractPipeline.java:472)\n\tat java.util.stream.FindOps$FindOp.evaluateSequential(FindOps.java:152)\n\tat java.util.stream.AbstractPipeline.evaluate(AbstractPipeline.java:234)\n\tat java.util.stream.ReferencePipeline.findFirst(ReferencePipeline.java:531)\n\tat org.openqa.selenium.remote.server.NewSessionPipeline.lambda$createNewSession$3(NewSessionPipeline.java:69)\n\tat java.util.stream.ReferencePipeline$3$1.accept(ReferencePipeline.java:193)\n\tat java.util.stream.ReferencePipeline$3$1.accept(ReferencePipeline.java:193)\n\tat java.util.stream.ReferencePipeline$3$1.accept(ReferencePipeline.java:193)\n\tat java.util.stream.DistinctOps$1$2.accept(DistinctOps.java:175)\n\tat java.util.stream.ReferencePipeline$2$1.accept(ReferencePipeline.java:175)\n\tat java.util.stream.ReferencePipeline$3$1.accept(ReferencePipeline.java:193)\n\tat java.util.stream.ReferencePipeline$2$1.accept(ReferencePipeline.java:175)\n\tat java.util.stream.Streams$StreamBuilderImpl.tryAdvance(Streams.java:405)\n\tat java.util.stream.Streams$ConcatSpliterator.tryAdvance(Streams.java:728)\n\tat java.util.stream.ReferencePipeline.forEachWithCancel(ReferencePipeline.java:126)\n\tat java.util.stream.AbstractPipeline.copyIntoWithCancel(AbstractPipeline.java:499)\n\tat java.util.stream.AbstractPipeline.copyInto(AbstractPipeline.java:486)\n\tat java.util.stream.AbstractPipeline.wrapAndCopyInto(AbstractPipeline.java:472)\n\tat java.util.stream.FindOps$FindOp.evaluateSequential(FindOps.java:152)\n\tat java.util.stream.AbstractPipeline.evaluate(AbstractPipeline.java:234)\n\tat java.util.stream.ReferencePipeline.findFirst(ReferencePipeline.java:531)\n\tat org.openqa.selenium.remote.server.NewSessionPipeline.createNewSession(NewSessionPipeline.java:72)\n\tat org.openqa.selenium.remote.server.commandhandler.BeginSession.execute(BeginSession.java:65)\n\tat org.openqa.selenium.remote.server.WebDriverServlet.lambda$handle$0(WebDriverServlet.java:235)\n\tat java.util.concurrent.Executors$RunnableAdapter.call(Executors.java:511)\n\tat java.util.concurrent.FutureTask.run(FutureTask.java:266)\n\tat java.util.concurrent.ThreadPoolExecutor.runWorker(ThreadPoolExecutor.java:1149)\n\tat java.util.concurrent.ThreadPoolExecutor$Worker.run(ThreadPoolExecutor.java:624)\n\tat java.lang.Thread.run(Thread.java:748)\n",
    "steps" : [ ],
    "attachments" : [ {
      "uid" : "25e86674f4907042",
      "name" : "Attachment: SHAFT Engine Logs - Current Method log: assertElementAttribute_true_containsComparison_expectedToFail",
      "source" : "25e86674f4907042.txt",
      "type" : "text/plain",
      "size" : 474
    } ],
    "parameters" : [ ],
    "stepsCount" : 0,
    "attachmentsCount" : 1,
    "shouldDisplayMessage" : true,
    "hasContent" : true
  },
  "afterStages" : [ {
    "name" : "afterMethod",
    "time" : {
      "start" : 1619748294457,
      "stop" : 1619748294457,
      "duration" : 0
    },
    "description" : "",
    "status" : "broken",
    "steps" : [ ],
    "attachments" : [ ],
    "parameters" : [ ],
    "stepsCount" : 0,
    "attachmentsCount" : 0,
    "shouldDisplayMessage" : false,
    "hasContent" : false
  }, {
    "name" : "closureActivities",
    "time" : {
      "start" : 1619748359371,
      "stop" : 1619748359839,
      "duration" : 468
    },
    "description" : "",
    "status" : "passed",
    "steps" : [ {
      "name" : "Action [391]: Successfully Closed All Browsers.",
      "time" : {
        "start" : 1619748359371,
        "stop" : 1619748359371,
        "duration" : 0
      },
      "status" : "passed",
      "steps" : [ ],
      "attachments" : [ ],
      "parameters" : [ {
        "name" : "actionCounter",
        "value" : "391"
      }, {
        "name" : "logText",
        "value" : "Successfully Closed All Browsers."
      } ],
      "stepsCount" : 0,
      "attachmentsCount" : 0,
      "shouldDisplayMessage" : false,
      "hasContent" : true
    }, {
      "name" : "Action [392]: Issue Summary: Total Issues = 3, New issues for Failed Tests = 1, Open issues for Passed Tests = 2, Open issues for Failed Tests = 0. Kindly check the attached Issue details.",
      "time" : {
        "start" : 1619748359382,
        "stop" : 1619748359382,
        "duration" : 0
      },
      "status" : "passed",
      "steps" : [ ],
      "attachments" : [ {
        "uid" : "ca6c753c78b832f",
        "name" : "Attachment: SHAFT Engine Logs - Issues log CSV: 20210430-020559",
        "source" : "ca6c753c78b832f.csv",
        "type" : "text/csv",
        "size" : 370
      } ],
      "parameters" : [ {
        "name" : "actionCounter",
        "value" : "392"
      }, {
        "name" : "logText",
        "value" : "Issue Summary: Total Issues = 3, New issues for Failed Tests = 1, Open issues for Passed Tests = 2, Open issues for Failed Tests = 0. Kindly check the attached Issue details."
      }, {
        "name" : "attachments",
        "value" : "[[SHAFT Engine Logs, Issues log CSV: 20210430-020559, java.io.ByteArrayInputStream@2c5138af]]"
      } ],
      "stepsCount" : 0,
      "attachmentsCount" : 1,
      "shouldDisplayMessage" : false,
      "hasContent" : true
    } ],
    "attachments" : [ {
      "uid" : "1ebd48cfd5497f3",
      "name" : "Attachment: SHAFT Engine Logs - Execution log: 20210430-020559",
      "source" : "1ebd48cfd5497f3.txt",
      "type" : "text/plain",
      "size" : 263606
    }, {
      "uid" : "6870d26c9cf7d482",
      "name" : "Attachment: HTML - Extent Emailable Execution Report",
      "source" : "6870d26c9cf7d482.html",
      "type" : "text/html",
      "size" : 5122451
    } ],
    "parameters" : [ ],
    "stepsCount" : 2,
    "attachmentsCount" : 3,
    "shouldDisplayMessage" : false,
    "hasContent" : true
  } ],
  "labels" : [ {
    "name" : "package",
    "value" : "unitTests.tests_validations_assertions"
  }, {
    "name" : "testClass",
    "value" : "unitTests.tests_validations_assertions"
  }, {
    "name" : "testMethod",
    "value" : "assertElementAttribute_true_containsComparison_expectedToFail"
  }, {
    "name" : "parentSuite",
    "value" : "SHAFT_Engine: Custom Suite"
  }, {
    "name" : "suite",
    "value" : "SHAFT_Engine: Custom Test"
  }, {
    "name" : "subSuite",
    "value" : "unitTests.tests_validations_assertions"
  }, {
    "name" : "host",
    "value" : "fv-az99-305"
  }, {
    "name" : "thread",
    "value" : "3956@fv-az99-305.main(1)"
  }, {
    "name" : "framework",
    "value" : "testng"
  }, {
    "name" : "language",
    "value" : "java"
  }, {
    "name" : "resultFormat",
    "value" : "allure2"
  } ],
  "parameters" : [ ],
  "links" : [ ],
  "hidden" : false,
  "retry" : false,
  "extra" : {
    "severity" : "normal",
    "retries" : [ ],
    "categories" : [ ],
    "history" : {
      "statistic" : {
        "failed" : 1,
        "broken" : 0,
        "skipped" : 1,
        "passed" : 9,
        "unknown" : 0,
        "total" : 11
      },
      "items" : [ {
        "uid" : "bad65427bacb8893",
        "reportUrl" : "https://MahmoudElSharkawy.github.io/SHAFT_ENGINE/allure/118//#testresult/bad65427bacb8893",
        "status" : "passed",
        "time" : {
          "start" : 1619661898490,
          "stop" : 1619661899465,
          "duration" : 975
        }
      }, {
        "uid" : "71678f605246ec93",
        "reportUrl" : "https://MahmoudElSharkawy.github.io/SHAFT_ENGINE/allure/117//#testresult/71678f605246ec93",
        "status" : "passed",
        "time" : {
          "start" : 1619575539244,
          "stop" : 1619575540115,
          "duration" : 871
        }
      }, {
        "uid" : "26432e92207f8abd",
        "reportUrl" : "https://MahmoudElSharkawy.github.io/SHAFT_ENGINE/allure/116//#testresult/26432e92207f8abd",
        "status" : "failed",
        "statusDetails" : "Element Action [identifyUniqueElement] failed. With the following test data [zero elements found matching this locator \"By.name: q\".].",
        "time" : {
          "start" : 1619489160051,
          "stop" : 1619489185592,
          "duration" : 25541
        }
      }, {
        "uid" : "8f6c6b6f0603b5ec",
        "reportUrl" : "https://MahmoudElSharkawy.github.io/SHAFT_ENGINE/allure/115//#testresult/8f6c6b6f0603b5ec",
        "status" : "passed",
        "time" : {
          "start" : 1619403221721,
          "stop" : 1619403222782,
          "duration" : 1061
        }
      }, {
        "uid" : "c48c94f826675a0f",
        "reportUrl" : "https://MahmoudElSharkawy.github.io/SHAFT_ENGINE/allure/114//#testresult/c48c94f826675a0f",
        "status" : "passed",
        "time" : {
          "start" : 1619316812252,
          "stop" : 1619316813228,
          "duration" : 976
        }
      }, {
        "uid" : "10d1bd43048e7283",
        "reportUrl" : "https://MahmoudElSharkawy.github.io/SHAFT_ENGINE/allure/113//#testresult/10d1bd43048e7283",
        "status" : "passed",
        "time" : {
          "start" : 1619278125326,
          "stop" : 1619278126319,
          "duration" : 993
        }
      }, {
        "uid" : "cff21a13eb7d817",
        "reportUrl" : "https://MahmoudElSharkawy.github.io/SHAFT_ENGINE/allure/112//#testresult/cff21a13eb7d817",
        "status" : "passed",
        "time" : {
          "start" : 1619230082627,
          "stop" : 1619230083573,
          "duration" : 946
        }
      }, {
        "uid" : "25a4fac139e4872e",
        "reportUrl" : "https://MahmoudElSharkawy.github.io/SHAFT_ENGINE/allure/111//#testresult/25a4fac139e4872e",
        "status" : "passed",
        "time" : {
          "start" : 1619143890582,
          "stop" : 1619143891492,
          "duration" : 910
        }
      }, {
        "uid" : "2f0ce09f0b12d972",
        "reportUrl" : "https://MahmoudElSharkawy.github.io/SHAFT_ENGINE/allure/108//#testresult/2f0ce09f0b12d972",
        "status" : "passed",
        "time" : {
          "start" : 1619101883621,
          "stop" : 1619101884629,
          "duration" : 1008
        }
      }, {
        "uid" : "b60f423d9b975d31",
        "reportUrl" : "https://MahmoudElSharkawy.github.io/SHAFT_ENGINE/allure/96//#testresult/b60f423d9b975d31",
        "status" : "passed",
        "time" : {
          "start" : 1618884556986,
          "stop" : 1618884557918,
          "duration" : 932
        }
      } ]
    },
    "tags" : [ ]
  },
  "source" : "ead1a491891c3511.json",
  "parameterValues" : [ ]
}