{
  "uid" : "3a053f95bb66210e",
  "name" : "f12",
  "fullName" : "testPackage01.Test_NewValidationActions.f12",
  "historyId" : "e4f1c0befddb2cc79c696a26e59210d1",
  "time" : {
    "start" : 1615254497513,
    "stop" : 1615254497893,
    "duration" : 380
  },
  "status" : "passed",
  "flaky" : false,
  "newFailed" : false,
  "beforeStages" : [ {
    "name" : "openBrowser",
    "time" : {
      "start" : 1615254496290,
      "stop" : 1615254497469,
      "duration" : 1179
    },
    "description" : "",
    "status" : "passed",
    "steps" : [ {
      "name" : "Action [23]: Attempting to run remotely on: [Linux-64], [GoogleChrome], [http://localhost:4444/wd/hub], Headless Execution.",
      "time" : {
        "start" : 1615254496291,
        "stop" : 1615254496291,
        "duration" : 0
      },
      "status" : "passed",
      "steps" : [ ],
      "attachments" : [ ],
      "parameters" : [ {
        "name" : "actionCounter",
        "value" : "23"
      }, {
        "name" : "logText",
        "value" : "Attempting to run remotely on: [Linux-64], [GoogleChrome], [http://localhost:4444/wd/hub], Headless Execution."
      } ],
      "stepsCount" : 0,
      "attachmentsCount" : 0,
      "shouldDisplayMessage" : false,
      "hasContent" : true
    }, {
      "name" : "Action [24]: Successfully Opened [GoogleChrome].",
      "time" : {
        "start" : 1615254496895,
        "stop" : 1615254496895,
        "duration" : 0
      },
      "status" : "passed",
      "steps" : [ ],
      "attachments" : [ ],
      "parameters" : [ {
        "name" : "actionCounter",
        "value" : "24"
      }, {
        "name" : "logText",
        "value" : "Successfully Opened [GoogleChrome]."
      } ],
      "stepsCount" : 0,
      "attachmentsCount" : 0,
      "shouldDisplayMessage" : false,
      "hasContent" : true
    }, {
      "name" : "Action [25]: Browser Action [navigateToURL] successfully performed. With the following test data [https://the-internet.herokuapp.com/].",
      "time" : {
        "start" : 1615254497468,
        "stop" : 1615254497468,
        "duration" : 0
      },
      "status" : "passed",
      "steps" : [ ],
      "attachments" : [ ],
      "parameters" : [ {
        "name" : "actionCounter",
        "value" : "25"
      }, {
        "name" : "logText",
        "value" : "Browser Action [navigateToURL] successfully performed. With the following test data [https://the-internet.herokuapp.com/]."
      }, {
        "name" : "attachments",
        "value" : "[null]"
      } ],
      "stepsCount" : 0,
      "attachmentsCount" : 0,
      "shouldDisplayMessage" : false,
      "hasContent" : true
    } ],
    "attachments" : [ {
      "uid" : "aa270dbe68836f7b",
      "name" : "Attachment: SHAFT Engine Logs - Current Method log: openBrowser",
      "source" : "aa270dbe68836f7b.txt",
      "type" : "text/plain",
      "size" : 744
    } ],
    "parameters" : [ ],
    "stepsCount" : 3,
    "attachmentsCount" : 1,
    "shouldDisplayMessage" : false,
    "hasContent" : true
  } ],
  "testStage" : {
    "status" : "passed",
    "steps" : [ {
      "name" : "Action [26]: AssertElementExists FAILED; Expected [Element Should not Exist, locator 'By.tagName: h1'] and Actual [Element Exists]. Comparison Type [EQUALS]. Validation Type [NEGATIVE].",
      "time" : {
        "start" : 1615254497890,
        "stop" : 1615254497892,
        "duration" : 2
      },
      "status" : "passed",
      "steps" : [ ],
      "attachments" : [ {
        "uid" : "c4a1cfb85fada594",
        "name" : "Attachment: Screenshot - 1615254497790_f12_AssertElementExists_failed",
        "source" : "c4a1cfb85fada594.png",
        "type" : "image/png",
        "size" : 158296
      } ],
      "parameters" : [ {
        "name" : "actionCounter",
        "value" : "26"
      }, {
        "name" : "logText",
        "value" : "AssertElementExists FAILED; Expected [Element Should not Exist, locator 'By.tagName: h1'] and Actual [Element Exists]. Comparison Type [EQUALS]. Validation Type [NEGATIVE]."
      }, {
        "name" : "attachments",
        "value" : "[[Screenshot, 1615254497790_f12_AssertElementExists_failed, java.io.ByteArrayInputStream@e4348c0]]"
      } ],
      "stepsCount" : 0,
      "attachmentsCount" : 1,
      "shouldDisplayMessage" : false,
      "hasContent" : true
    } ],
    "attachments" : [ {
      "uid" : "f1978178e08fbfc7",
      "name" : "Attachment: SHAFT Engine Logs - Current Method log: f12",
      "source" : "f1978178e08fbfc7.txt",
      "type" : "text/plain",
      "size" : 837
    } ],
    "parameters" : [ ],
    "stepsCount" : 1,
    "attachmentsCount" : 2,
    "shouldDisplayMessage" : false,
    "hasContent" : true
  },
  "afterStages" : [ {
    "name" : "closeBrowser",
    "time" : {
      "start" : 1615254497898,
      "stop" : 1615254498176,
      "duration" : 278
    },
    "description" : "",
    "status" : "passed",
    "steps" : [ {
      "name" : "Action [27]: Successfully Closed All Browsers.",
      "time" : {
        "start" : 1615254498175,
        "stop" : 1615254498175,
        "duration" : 0
      },
      "status" : "passed",
      "steps" : [ ],
      "attachments" : [ ],
      "parameters" : [ {
        "name" : "actionCounter",
        "value" : "27"
      }, {
        "name" : "logText",
        "value" : "Successfully Closed All Browsers."
      } ],
      "stepsCount" : 0,
      "attachmentsCount" : 0,
      "shouldDisplayMessage" : false,
      "hasContent" : true
    } ],
    "attachments" : [ {
      "uid" : "9f8d2288b4816129",
      "name" : "Attachment: Selenium WebDriver Logs - server",
      "source" : "9f8d2288b4816129.txt",
      "type" : "text/plain",
      "size" : 1288
    }, {
      "uid" : "f80e8a35cc65b443",
      "name" : "Attachment: Selenium WebDriver Logs - performance",
      "source" : "f80e8a35cc65b443.txt",
      "type" : "text/plain",
      "size" : 56635
    }, {
      "uid" : "3dfeaed16d8eeeea",
      "name" : "Attachment: Selenium WebDriver Logs - browser",
      "source" : "3dfeaed16d8eeeea.txt",
      "type" : "text/plain",
      "size" : 757
    }, {
      "uid" : "fd8c373212ca9c58",
      "name" : "Attachment: Selenium WebDriver Logs - driver",
      "source" : "fd8c373212ca9c58.txt",
      "type" : "text/plain",
      "size" : 186945
    }, {
      "uid" : "76230129bb3cd192",
      "name" : "Attachment: SHAFT Engine Logs - Current Method log: closeBrowser",
      "source" : "76230129bb3cd192.txt",
      "type" : "text/plain",
      "size" : 531
    } ],
    "parameters" : [ ],
    "stepsCount" : 1,
    "attachmentsCount" : 5,
    "shouldDisplayMessage" : false,
    "hasContent" : true
  }, {
    "name" : "closureActivities",
    "time" : {
      "start" : 1615254884143,
      "stop" : 1615254884800,
      "duration" : 657
    },
    "description" : "",
    "status" : "passed",
    "steps" : [ {
      "name" : "Action [516]: Successfully Closed All Browsers.",
      "time" : {
        "start" : 1615254884144,
        "stop" : 1615254884144,
        "duration" : 0
      },
      "status" : "passed",
      "steps" : [ ],
      "attachments" : [ ],
      "parameters" : [ {
        "name" : "actionCounter",
        "value" : "516"
      }, {
        "name" : "logText",
        "value" : "Successfully Closed All Browsers."
      } ],
      "stepsCount" : 0,
      "attachmentsCount" : 0,
      "shouldDisplayMessage" : false,
      "hasContent" : true
    }, {
      "name" : "Action [517]: Issue Summary: Total Issues = 5, New issues for Failed Tests = 3, Open issues for Passed Tests = 2, Open issues for Failed Tests = 0. Kindly check the attached Issue details.",
      "time" : {
        "start" : 1615254884157,
        "stop" : 1615254884157,
        "duration" : 0
      },
      "status" : "passed",
      "steps" : [ ],
      "attachments" : [ {
        "uid" : "b98a35efe87790ef",
        "name" : "Attachment: SHAFT Engine Logs - Issues log CSV: 20210309-015444",
        "source" : "b98a35efe87790ef.csv",
        "type" : "text/csv",
        "size" : 690
      } ],
      "parameters" : [ {
        "name" : "actionCounter",
        "value" : "517"
      }, {
        "name" : "logText",
        "value" : "Issue Summary: Total Issues = 5, New issues for Failed Tests = 3, Open issues for Passed Tests = 2, Open issues for Failed Tests = 0. Kindly check the attached Issue details."
      }, {
        "name" : "attachments",
        "value" : "[[SHAFT Engine Logs, Issues log CSV: 20210309-015444, java.io.ByteArrayInputStream@7f280112]]"
      } ],
      "stepsCount" : 0,
      "attachmentsCount" : 1,
      "shouldDisplayMessage" : false,
      "hasContent" : true
    } ],
    "attachments" : [ {
      "uid" : "c8b7fa8ee36165ed",
      "name" : "Attachment: SHAFT Engine Logs - Execution log: 20210309-015444",
      "source" : "c8b7fa8ee36165ed.txt",
      "type" : "text/plain",
      "size" : 418431
    }, {
      "uid" : "537dda8896b45e62",
      "name" : "Attachment: HTML - Extent Emailable Execution Report",
      "source" : "537dda8896b45e62.html",
      "type" : "text/html",
      "size" : 8823248
    } ],
    "parameters" : [ ],
    "stepsCount" : 2,
    "attachmentsCount" : 3,
    "shouldDisplayMessage" : false,
    "hasContent" : true
  } ],
  "labels" : [ {
    "name" : "package",
    "value" : "testPackage01.Test_NewValidationActions"
  }, {
    "name" : "testClass",
    "value" : "testPackage01.Test_NewValidationActions"
  }, {
    "name" : "testMethod",
    "value" : "f12"
  }, {
    "name" : "parentSuite",
    "value" : "SHAFT_Engine: Custom Suite"
  }, {
    "name" : "suite",
    "value" : "SHAFT_Engine: Custom Test"
  }, {
    "name" : "subSuite",
    "value" : "testPackage01.Test_NewValidationActions"
  }, {
    "name" : "host",
    "value" : "fv-az92-452"
  }, {
    "name" : "thread",
    "value" : "3996@fv-az92-452.main(1)"
  }, {
    "name" : "framework",
    "value" : "testng"
  }, {
    "name" : "language",
    "value" : "java"
  }, {
    "name" : "resultFormat",
    "value" : "allure2"
  } ],
  "parameters" : [ ],
  "links" : [ ],
  "hidden" : false,
  "retry" : false,
  "extra" : {
    "severity" : "normal",
    "retries" : [ ],
    "categories" : [ ],
    "tags" : [ ]
  },
  "source" : "3a053f95bb66210e.json",
  "parameterValues" : [ ]
}