{
  "uid" : "c69efbfe61f8201d",
  "name" : "validateUserEmail",
  "fullName" : "unitTests.tests_restActions.validateUserEmail",
  "historyId" : "3e73c6377dbba1c4391d565476180108",
  "time" : {
    "start" : 1619144046250,
    "stop" : 1619144047391,
    "duration" : 1141
  },
  "status" : "failed",
  "statusMessage" : "API Action [performRequest] failed. With the following test data [Request Type: \"GET\" | Target Status Code: \"200\" | Service URL: \"https://jsonplaceholder.typicode.com/users\" | Content Type: \"*/*\" | Response Time: \"823ms\"].",
  "statusTrace" : "java.lang.AssertionError: API Action [performRequest] failed. With the following test data [Request Type: \"GET\" | Target Status Code: \"200\" | Service URL: \"https://jsonplaceholder.typicode.com/users\" | Content Type: \"*/*\" | Response Time: \"823ms\"].\n\tat org.testng.Assert.fail(Assert.java:99)\n\tat com.shaft.api.RestActions.failAction(RestActions.java:87)\n\tat com.shaft.api.RestActions.failAction(RestActions.java:404)\n\tat com.shaft.api.RestActions.performRequest(RestActions.java:1086)\n\tat com.shaft.api.RestActions.performRequest(RestActions.java:777)\n\tat unitTests.tests_restActions.validateUserEmail(tests_restActions.java:42)\n\tat java.base/jdk.internal.reflect.NativeMethodAccessorImpl.invoke0(Native Method)\n\tat java.base/jdk.internal.reflect.NativeMethodAccessorImpl.invoke(NativeMethodAccessorImpl.java:64)\n\tat java.base/jdk.internal.reflect.DelegatingMethodAccessorImpl.invoke(DelegatingMethodAccessorImpl.java:43)\n\tat java.base/java.lang.reflect.Method.invoke(Method.java:564)\n\tat org.testng.internal.MethodInvocationHelper.invokeMethod(MethodInvocationHelper.java:133)\n\tat org.testng.internal.TestInvoker.invokeMethod(TestInvoker.java:598)\n\tat org.testng.internal.TestInvoker.invokeTestMethod(TestInvoker.java:173)\n\tat org.testng.internal.MethodRunner.runInSequence(MethodRunner.java:46)\n\tat org.testng.internal.TestInvoker$MethodInvocationAgent.invoke(TestInvoker.java:824)\n\tat org.testng.internal.TestInvoker.invokeTestMethods(TestInvoker.java:146)\n\tat org.testng.internal.TestMethodWorker.invokeTestMethods(TestMethodWorker.java:146)\n\tat org.testng.internal.TestMethodWorker.run(TestMethodWorker.java:128)\n\tat java.base/java.util.ArrayList.forEach(ArrayList.java:1511)\n\tat org.testng.TestRunner.privateRun(TestRunner.java:794)\n\tat org.testng.TestRunner.run(TestRunner.java:596)\n\tat org.testng.SuiteRunner.runTest(SuiteRunner.java:377)\n\tat org.testng.SuiteRunner.runSequentially(SuiteRunner.java:371)\n\tat org.testng.SuiteRunner.privateRun(SuiteRunner.java:332)\n\tat org.testng.SuiteRunner.run(SuiteRunner.java:276)\n\tat org.testng.SuiteRunnerWorker.runSuite(SuiteRunnerWorker.java:53)\n\tat org.testng.SuiteRunnerWorker.run(SuiteRunnerWorker.java:96)\n\tat org.testng.TestNG.runSuitesSequentially(TestNG.java:1212)\n\tat org.testng.TestNG.runSuitesLocally(TestNG.java:1134)\n\tat org.testng.TestNG.runSuites(TestNG.java:1063)\n\tat org.testng.TestNG.run(TestNG.java:1031)\n\tat org.apache.maven.surefire.testng.TestNGExecutor.run(TestNGExecutor.java:136)\n\tat org.apache.maven.surefire.testng.TestNGDirectoryTestSuite.executeMulti(TestNGDirectoryTestSuite.java:193)\n\tat org.apache.maven.surefire.testng.TestNGDirectoryTestSuite.execute(TestNGDirectoryTestSuite.java:94)\n\tat org.apache.maven.surefire.testng.TestNGProvider.invoke(TestNGProvider.java:145)\n\tat org.apache.maven.surefire.booter.ForkedBooter.runSuitesInProcess(ForkedBooter.java:428)\n\tat org.apache.maven.surefire.booter.ForkedBooter.execute(ForkedBooter.java:162)\n\tat org.apache.maven.surefire.booter.ForkedBooter.run(ForkedBooter.java:562)\n\tat org.apache.maven.surefire.booter.ForkedBooter.main(ForkedBooter.java:548)\n",
  "flaky" : false,
  "newFailed" : true,
  "beforeStages" : [ ],
  "testStage" : {
    "status" : "failed",
    "statusMessage" : "API Action [performRequest] failed. With the following test data [Request Type: \"GET\" | Target Status Code: \"200\" | Service URL: \"https://jsonplaceholder.typicode.com/users\" | Content Type: \"*/*\" | Response Time: \"823ms\"].",
    "statusTrace" : "java.lang.AssertionError: API Action [performRequest] failed. With the following test data [Request Type: \"GET\" | Target Status Code: \"200\" | Service URL: \"https://jsonplaceholder.typicode.com/users\" | Content Type: \"*/*\" | Response Time: \"823ms\"].\n\tat org.testng.Assert.fail(Assert.java:99)\n\tat com.shaft.api.RestActions.failAction(RestActions.java:87)\n\tat com.shaft.api.RestActions.failAction(RestActions.java:404)\n\tat com.shaft.api.RestActions.performRequest(RestActions.java:1086)\n\tat com.shaft.api.RestActions.performRequest(RestActions.java:777)\n\tat unitTests.tests_restActions.validateUserEmail(tests_restActions.java:42)\n\tat java.base/jdk.internal.reflect.NativeMethodAccessorImpl.invoke0(Native Method)\n\tat java.base/jdk.internal.reflect.NativeMethodAccessorImpl.invoke(NativeMethodAccessorImpl.java:64)\n\tat java.base/jdk.internal.reflect.DelegatingMethodAccessorImpl.invoke(DelegatingMethodAccessorImpl.java:43)\n\tat java.base/java.lang.reflect.Method.invoke(Method.java:564)\n\tat org.testng.internal.MethodInvocationHelper.invokeMethod(MethodInvocationHelper.java:133)\n\tat org.testng.internal.TestInvoker.invokeMethod(TestInvoker.java:598)\n\tat org.testng.internal.TestInvoker.invokeTestMethod(TestInvoker.java:173)\n\tat org.testng.internal.MethodRunner.runInSequence(MethodRunner.java:46)\n\tat org.testng.internal.TestInvoker$MethodInvocationAgent.invoke(TestInvoker.java:824)\n\tat org.testng.internal.TestInvoker.invokeTestMethods(TestInvoker.java:146)\n\tat org.testng.internal.TestMethodWorker.invokeTestMethods(TestMethodWorker.java:146)\n\tat org.testng.internal.TestMethodWorker.run(TestMethodWorker.java:128)\n\tat java.base/java.util.ArrayList.forEach(ArrayList.java:1511)\n\tat org.testng.TestRunner.privateRun(TestRunner.java:794)\n\tat org.testng.TestRunner.run(TestRunner.java:596)\n\tat org.testng.SuiteRunner.runTest(SuiteRunner.java:377)\n\tat org.testng.SuiteRunner.runSequentially(SuiteRunner.java:371)\n\tat org.testng.SuiteRunner.privateRun(SuiteRunner.java:332)\n\tat org.testng.SuiteRunner.run(SuiteRunner.java:276)\n\tat org.testng.SuiteRunnerWorker.runSuite(SuiteRunnerWorker.java:53)\n\tat org.testng.SuiteRunnerWorker.run(SuiteRunnerWorker.java:96)\n\tat org.testng.TestNG.runSuitesSequentially(TestNG.java:1212)\n\tat org.testng.TestNG.runSuitesLocally(TestNG.java:1134)\n\tat org.testng.TestNG.runSuites(TestNG.java:1063)\n\tat org.testng.TestNG.run(TestNG.java:1031)\n\tat org.apache.maven.surefire.testng.TestNGExecutor.run(TestNGExecutor.java:136)\n\tat org.apache.maven.surefire.testng.TestNGDirectoryTestSuite.executeMulti(TestNGDirectoryTestSuite.java:193)\n\tat org.apache.maven.surefire.testng.TestNGDirectoryTestSuite.execute(TestNGDirectoryTestSuite.java:94)\n\tat org.apache.maven.surefire.testng.TestNGProvider.invoke(TestNGProvider.java:145)\n\tat org.apache.maven.surefire.booter.ForkedBooter.runSuitesInProcess(ForkedBooter.java:428)\n\tat org.apache.maven.surefire.booter.ForkedBooter.execute(ForkedBooter.java:162)\n\tat org.apache.maven.surefire.booter.ForkedBooter.run(ForkedBooter.java:562)\n\tat org.apache.maven.surefire.booter.ForkedBooter.main(ForkedBooter.java:548)\n",
    "steps" : [ {
      "name" : "Action [509]: AssertEquals FAILED; Expected [200] and Actual [520]. Comparison Type [EQUALS]. Validation Type [POSITIVE].",
      "time" : {
        "start" : 1619144047319,
        "stop" : 1619144047319,
        "duration" : 0
      },
      "status" : "passed",
      "steps" : [ ],
      "attachments" : [ ],
      "parameters" : [ {
        "name" : "actionCounter",
        "value" : "509"
      }, {
        "name" : "logText",
        "value" : "AssertEquals FAILED; Expected [200] and Actual [520]. Comparison Type [EQUALS]. Validation Type [POSITIVE]."
      } ],
      "stepsCount" : 0,
      "attachmentsCount" : 0,
      "shouldDisplayMessage" : false,
      "hasContent" : true
    }, {
      "name" : "Action [510]: API Action [performRequest] failed. With the following test data [Request Type: \"GET\" | Target Status Code: \"200\" | Service URL: \"https://jsonplaceholder.typicode.com/users\" | Content Type: \"*/*\" | Response Time: \"823ms\"].",
      "time" : {
        "start" : 1619144047385,
        "stop" : 1619144047389,
        "duration" : 4
      },
      "status" : "passed",
      "steps" : [ ],
      "attachments" : [ {
        "uid" : "5eee4a16f6cdf6e5",
        "name" : "Attachment: API Response - Body",
        "source" : "5eee4a16f6cdf6e5.html",
        "type" : "text/html",
        "size" : 6369
      } ],
      "parameters" : [ {
        "name" : "actionCounter",
        "value" : "510"
      }, {
        "name" : "logText",
        "value" : "API Action [performRequest] failed. With the following test data [Request Type: \"GET\" | Target Status Code: \"200\" | Service URL: \"https://jsonplaceholder.typicode.com/users\" | Content Type: \"*/*\" | Response Time: \"823ms\"]."
      }, {
        "name" : "attachments",
        "value" : "[null, [API Response, Body, java.io.ByteArrayInputStream@685bf34]]"
      } ],
      "stepsCount" : 0,
      "attachmentsCount" : 1,
      "shouldDisplayMessage" : false,
      "hasContent" : true
    } ],
    "attachments" : [ {
      "uid" : "611959cfcbc0d6ee",
      "name" : "Attachment: SHAFT Engine Logs - Current Method log: validateUserEmail",
      "source" : "611959cfcbc0d6ee.txt",
      "type" : "text/plain",
      "size" : 1162
    } ],
    "parameters" : [ ],
    "stepsCount" : 2,
    "attachmentsCount" : 2,
    "shouldDisplayMessage" : true,
    "hasContent" : true
  },
  "afterStages" : [ {
    "name" : "closureActivities",
    "time" : {
      "start" : 1619144047470,
      "stop" : 1619144048132,
      "duration" : 662
    },
    "description" : "",
    "status" : "passed",
    "steps" : [ {
      "name" : "Action [513]: Successfully Closed All Browsers.",
      "time" : {
        "start" : 1619144047471,
        "stop" : 1619144047471,
        "duration" : 0
      },
      "status" : "passed",
      "steps" : [ ],
      "attachments" : [ ],
      "parameters" : [ {
        "name" : "actionCounter",
        "value" : "513"
      }, {
        "name" : "logText",
        "value" : "Successfully Closed All Browsers."
      } ],
      "stepsCount" : 0,
      "attachmentsCount" : 0,
      "shouldDisplayMessage" : false,
      "hasContent" : true
    }, {
      "name" : "Action [514]: Issue Summary: Total Issues = 7, New issues for Failed Tests = 5, Open issues for Passed Tests = 2, Open issues for Failed Tests = 0. Kindly check the attached Issue details.",
      "time" : {
        "start" : 1619144047489,
        "stop" : 1619144047489,
        "duration" : 0
      },
      "status" : "passed",
      "steps" : [ ],
      "attachments" : [ {
        "uid" : "811735eb3a8847c7",
        "name" : "Attachment: SHAFT Engine Logs - Issues log CSV: 20210423-021407",
        "source" : "811735eb3a8847c7.csv",
        "type" : "text/csv",
        "size" : 954
      } ],
      "parameters" : [ {
        "name" : "actionCounter",
        "value" : "514"
      }, {
        "name" : "logText",
        "value" : "Issue Summary: Total Issues = 7, New issues for Failed Tests = 5, Open issues for Passed Tests = 2, Open issues for Failed Tests = 0. Kindly check the attached Issue details."
      }, {
        "name" : "attachments",
        "value" : "[[SHAFT Engine Logs, Issues log CSV: 20210423-021407, java.io.ByteArrayInputStream@4ba5e86c]]"
      } ],
      "stepsCount" : 0,
      "attachmentsCount" : 1,
      "shouldDisplayMessage" : false,
      "hasContent" : true
    } ],
    "attachments" : [ {
      "uid" : "7f5fcaa5048ae85b",
      "name" : "Attachment: SHAFT Engine Logs - Execution log: 20210423-021407",
      "source" : "7f5fcaa5048ae85b.txt",
      "type" : "text/plain",
      "size" : 404426
    }, {
      "uid" : "e82163ad6a1e3fd8",
      "name" : "Attachment: HTML - Extent Emailable Execution Report",
      "source" : "e82163ad6a1e3fd8.html",
      "type" : "text/html",
      "size" : 8676186
    } ],
    "parameters" : [ ],
    "stepsCount" : 2,
    "attachmentsCount" : 3,
    "shouldDisplayMessage" : false,
    "hasContent" : true
  } ],
  "labels" : [ {
    "name" : "package",
    "value" : "unitTests.tests_restActions"
  }, {
    "name" : "testClass",
    "value" : "unitTests.tests_restActions"
  }, {
    "name" : "testMethod",
    "value" : "validateUserEmail"
  }, {
    "name" : "parentSuite",
    "value" : "SHAFT_Engine: Custom Suite"
  }, {
    "name" : "suite",
    "value" : "SHAFT_Engine: Custom Test"
  }, {
    "name" : "subSuite",
    "value" : "unitTests.tests_restActions"
  }, {
    "name" : "host",
    "value" : "fv-az37-850"
  }, {
    "name" : "thread",
    "value" : "3879@fv-az37-850.main(1)"
  }, {
    "name" : "framework",
    "value" : "testng"
  }, {
    "name" : "language",
    "value" : "java"
  }, {
    "name" : "resultFormat",
    "value" : "allure2"
  } ],
  "parameters" : [ ],
  "links" : [ ],
  "hidden" : false,
  "retry" : false,
  "extra" : {
    "severity" : "normal",
    "retries" : [ ],
    "categories" : [ {
      "name" : "Product defects",
      "matchedStatuses" : [ ],
      "flaky" : false
    } ],
    "history" : {
      "statistic" : {
        "failed" : 1,
        "broken" : 0,
        "skipped" : 0,
        "passed" : 2,
        "unknown" : 0,
        "total" : 3
      },
      "items" : [ {
        "uid" : "8fc2e2b77e02297b",
        "reportUrl" : "https://MahmoudElSharkawy.github.io/SHAFT_ENGINE/allure/108//#testresult/8fc2e2b77e02297b",
        "status" : "passed",
        "time" : {
          "start" : 1619102041319,
          "stop" : 1619102042739,
          "duration" : 1420
        }
      }, {
        "uid" : "371468dc7b85802c",
        "reportUrl" : "https://MahmoudElSharkawy.github.io/SHAFT_ENGINE/allure/96//#testresult/371468dc7b85802c",
        "status" : "passed",
        "time" : {
          "start" : 1618884655886,
          "stop" : 1618884656171,
          "duration" : 285
        }
      } ]
    },
    "tags" : [ ]
  },
  "source" : "c69efbfe61f8201d.json",
  "parameterValues" : [ ]
}