{
  "uid" : "f294ab2ed50acd7e",
  "name" : "f12",
  "fullName" : "testPackage01.Test_NewValidationActions.f12",
  "historyId" : "e4f1c0befddb2cc79c696a26e59210d1",
  "time" : {
    "start" : 1616810834711,
    "stop" : 1616810835066,
    "duration" : 355
  },
  "status" : "passed",
  "flaky" : false,
  "newFailed" : false,
  "beforeStages" : [ {
    "name" : "openBrowser",
    "time" : {
      "start" : 1616810833685,
      "stop" : 1616810834665,
      "duration" : 980
    },
    "description" : "",
    "status" : "passed",
    "steps" : [ {
      "name" : "Action [85]: Attempting to run remotely on: [Linux-64], [GoogleChrome], [http://localhost:4444/wd/hub], Headless Execution.",
      "time" : {
        "start" : 1616810833686,
        "stop" : 1616810833686,
        "duration" : 0
      },
      "status" : "passed",
      "steps" : [ ],
      "attachments" : [ ],
      "parameters" : [ {
        "name" : "actionCounter",
        "value" : "85"
      }, {
        "name" : "logText",
        "value" : "Attempting to run remotely on: [Linux-64], [GoogleChrome], [http://localhost:4444/wd/hub], Headless Execution."
      } ],
      "stepsCount" : 0,
      "attachmentsCount" : 0,
      "shouldDisplayMessage" : false,
      "hasContent" : true
    }, {
      "name" : "Action [86]: Successfully Opened [GoogleChrome].",
      "time" : {
        "start" : 1616810833967,
        "stop" : 1616810833967,
        "duration" : 0
      },
      "status" : "passed",
      "steps" : [ ],
      "attachments" : [ ],
      "parameters" : [ {
        "name" : "actionCounter",
        "value" : "86"
      }, {
        "name" : "logText",
        "value" : "Successfully Opened [GoogleChrome]."
      } ],
      "stepsCount" : 0,
      "attachmentsCount" : 0,
      "shouldDisplayMessage" : false,
      "hasContent" : true
    }, {
      "name" : "Action [87]: Browser Action [navigateToURL] successfully performed. With the following test data [https://the-internet.herokuapp.com/].",
      "time" : {
        "start" : 1616810834660,
        "stop" : 1616810834665,
        "duration" : 5
      },
      "status" : "passed",
      "steps" : [ ],
      "attachments" : [ ],
      "parameters" : [ {
        "name" : "actionCounter",
        "value" : "87"
      }, {
        "name" : "logText",
        "value" : "Browser Action [navigateToURL] successfully performed. With the following test data [https://the-internet.herokuapp.com/]."
      }, {
        "name" : "attachments",
        "value" : "[null]"
      } ],
      "stepsCount" : 0,
      "attachmentsCount" : 0,
      "shouldDisplayMessage" : false,
      "hasContent" : true
    } ],
    "attachments" : [ {
      "uid" : "988dc0562ce51e90",
      "name" : "Attachment: SHAFT Engine Logs - Current Method log: openBrowser",
      "source" : "988dc0562ce51e90.txt",
      "type" : "text/plain",
      "size" : 744
    } ],
    "parameters" : [ ],
    "stepsCount" : 3,
    "attachmentsCount" : 1,
    "shouldDisplayMessage" : false,
    "hasContent" : true
  } ],
  "testStage" : {
    "status" : "passed",
    "steps" : [ {
      "name" : "Action [88]: AssertElementExists FAILED; Expected [Element Should not Exist, locator 'By.tagName: h1'] and Actual [Element Exists]. Comparison Type [EQUALS]. Validation Type [NEGATIVE].",
      "time" : {
        "start" : 1616810835064,
        "stop" : 1616810835066,
        "duration" : 2
      },
      "status" : "passed",
      "steps" : [ ],
      "attachments" : [ {
        "uid" : "6b8ee616fdbf5039",
        "name" : "Attachment: Screenshot - 1616810834959_f12_AssertElementExists_failed",
        "source" : "6b8ee616fdbf5039.png",
        "type" : "image/png",
        "size" : 158296
      } ],
      "parameters" : [ {
        "name" : "actionCounter",
        "value" : "88"
      }, {
        "name" : "logText",
        "value" : "AssertElementExists FAILED; Expected [Element Should not Exist, locator 'By.tagName: h1'] and Actual [Element Exists]. Comparison Type [EQUALS]. Validation Type [NEGATIVE]."
      }, {
        "name" : "attachments",
        "value" : "[[Screenshot, 1616810834959_f12_AssertElementExists_failed, java.io.ByteArrayInputStream@6be8e6ee]]"
      } ],
      "stepsCount" : 0,
      "attachmentsCount" : 1,
      "shouldDisplayMessage" : false,
      "hasContent" : true
    } ],
    "attachments" : [ {
      "uid" : "90374f53ea38d056",
      "name" : "Attachment: SHAFT Engine Logs - Current Method log: f12",
      "source" : "90374f53ea38d056.txt",
      "type" : "text/plain",
      "size" : 838
    } ],
    "parameters" : [ ],
    "stepsCount" : 1,
    "attachmentsCount" : 2,
    "shouldDisplayMessage" : false,
    "hasContent" : true
  },
  "afterStages" : [ {
    "name" : "closeBrowser",
    "time" : {
      "start" : 1616810835067,
      "stop" : 1616810835252,
      "duration" : 185
    },
    "description" : "",
    "status" : "passed",
    "steps" : [ {
      "name" : "Action [89]: Successfully Closed All Browsers.",
      "time" : {
        "start" : 1616810835250,
        "stop" : 1616810835251,
        "duration" : 1
      },
      "status" : "passed",
      "steps" : [ ],
      "attachments" : [ ],
      "parameters" : [ {
        "name" : "actionCounter",
        "value" : "89"
      }, {
        "name" : "logText",
        "value" : "Successfully Closed All Browsers."
      } ],
      "stepsCount" : 0,
      "attachmentsCount" : 0,
      "shouldDisplayMessage" : false,
      "hasContent" : true
    } ],
    "attachments" : [ {
      "uid" : "79b6b24b8e36b06b",
      "name" : "Attachment: Selenium WebDriver Logs - server",
      "source" : "79b6b24b8e36b06b.txt",
      "type" : "text/plain",
      "size" : 1288
    }, {
      "uid" : "1c0bfa4be971e325",
      "name" : "Attachment: Selenium WebDriver Logs - performance",
      "source" : "1c0bfa4be971e325.txt",
      "type" : "text/plain",
      "size" : 61104
    }, {
      "uid" : "a56bac5f1c1d316f",
      "name" : "Attachment: Selenium WebDriver Logs - browser",
      "source" : "a56bac5f1c1d316f.txt",
      "type" : "text/plain",
      "size" : 757
    }, {
      "uid" : "2271e71fcc580c40",
      "name" : "Attachment: Selenium WebDriver Logs - driver",
      "source" : "2271e71fcc580c40.txt",
      "type" : "text/plain",
      "size" : 202623
    }, {
      "uid" : "963f89bb09593bb2",
      "name" : "Attachment: SHAFT Engine Logs - Current Method log: closeBrowser",
      "source" : "963f89bb09593bb2.txt",
      "type" : "text/plain",
      "size" : 531
    } ],
    "parameters" : [ ],
    "stepsCount" : 1,
    "attachmentsCount" : 5,
    "shouldDisplayMessage" : false,
    "hasContent" : true
  }, {
    "name" : "closureActivities",
    "time" : {
      "start" : 1616811124080,
      "stop" : 1616811124587,
      "duration" : 507
    },
    "description" : "",
    "status" : "passed",
    "steps" : [ {
      "name" : "Action [522]: Successfully Closed All Browsers.",
      "time" : {
        "start" : 1616811124081,
        "stop" : 1616811124081,
        "duration" : 0
      },
      "status" : "passed",
      "steps" : [ ],
      "attachments" : [ ],
      "parameters" : [ {
        "name" : "actionCounter",
        "value" : "522"
      }, {
        "name" : "logText",
        "value" : "Successfully Closed All Browsers."
      } ],
      "stepsCount" : 0,
      "attachmentsCount" : 0,
      "shouldDisplayMessage" : false,
      "hasContent" : true
    }, {
      "name" : "Action [523]: Issue Summary: Total Issues = 2, New issues for Failed Tests = 0, Open issues for Passed Tests = 2, Open issues for Failed Tests = 0. Kindly check the attached Issue details.",
      "time" : {
        "start" : 1616811124095,
        "stop" : 1616811124096,
        "duration" : 1
      },
      "status" : "passed",
      "steps" : [ ],
      "attachments" : [ {
        "uid" : "a8a414ae1f014cc8",
        "name" : "Attachment: SHAFT Engine Logs - Issues log CSV: 20210327-021204",
        "source" : "a8a414ae1f014cc8.csv",
        "type" : "text/csv",
        "size" : 228
      } ],
      "parameters" : [ {
        "name" : "actionCounter",
        "value" : "523"
      }, {
        "name" : "logText",
        "value" : "Issue Summary: Total Issues = 2, New issues for Failed Tests = 0, Open issues for Passed Tests = 2, Open issues for Failed Tests = 0. Kindly check the attached Issue details."
      }, {
        "name" : "attachments",
        "value" : "[[SHAFT Engine Logs, Issues log CSV: 20210327-021204, java.io.ByteArrayInputStream@3c79b589]]"
      } ],
      "stepsCount" : 0,
      "attachmentsCount" : 1,
      "shouldDisplayMessage" : false,
      "hasContent" : true
    } ],
    "attachments" : [ {
      "uid" : "dd0da902b4ceae84",
      "name" : "Attachment: SHAFT Engine Logs - Execution log: 20210327-021204",
      "source" : "dd0da902b4ceae84.txt",
      "type" : "text/plain",
      "size" : 382732
    }, {
      "uid" : "91329d5777e1b853",
      "name" : "Attachment: HTML - Extent Emailable Execution Report",
      "source" : "91329d5777e1b853.html",
      "type" : "text/html",
      "size" : 7201982
    } ],
    "parameters" : [ ],
    "stepsCount" : 2,
    "attachmentsCount" : 3,
    "shouldDisplayMessage" : false,
    "hasContent" : true
  } ],
  "labels" : [ {
    "name" : "package",
    "value" : "testPackage01.Test_NewValidationActions"
  }, {
    "name" : "testClass",
    "value" : "testPackage01.Test_NewValidationActions"
  }, {
    "name" : "testMethod",
    "value" : "f12"
  }, {
    "name" : "parentSuite",
    "value" : "SHAFT_Engine: Custom Suite"
  }, {
    "name" : "suite",
    "value" : "SHAFT_Engine: Custom Test"
  }, {
    "name" : "subSuite",
    "value" : "testPackage01.Test_NewValidationActions"
  }, {
    "name" : "host",
    "value" : "fv-az63-488"
  }, {
    "name" : "thread",
    "value" : "3931@fv-az63-488.main(1)"
  }, {
    "name" : "framework",
    "value" : "testng"
  }, {
    "name" : "language",
    "value" : "java"
  }, {
    "name" : "resultFormat",
    "value" : "allure2"
  } ],
  "parameters" : [ ],
  "links" : [ ],
  "hidden" : false,
  "retry" : false,
  "extra" : {
    "severity" : "normal",
    "retries" : [ ],
    "categories" : [ ],
    "tags" : [ ]
  },
  "source" : "f294ab2ed50acd7e.json",
  "parameterValues" : [ ]
}