{
  "uid" : "26045f27cd1e6f21",
  "name" : "f12",
  "fullName" : "testPackage01.Test_NewValidationHelper.f12",
  "historyId" : "8a583f3461f88d7c293779bde04a0e1d",
  "time" : {
    "start" : 1619101722721,
    "stop" : 1619101723083,
    "duration" : 362
  },
  "status" : "passed",
  "flaky" : false,
  "newFailed" : false,
  "beforeStages" : [ {
    "name" : "openBrowser",
    "time" : {
      "start" : 1619101721932,
      "stop" : 1619101722720,
      "duration" : 788
    },
    "description" : "",
    "status" : "passed",
    "steps" : [ {
      "name" : "Action [130]: Attempting to run remotely on: [Linux-64], [GoogleChrome], [http://localhost:4444/wd/hub], Headless Execution.",
      "time" : {
        "start" : 1619101721933,
        "stop" : 1619101721933,
        "duration" : 0
      },
      "status" : "passed",
      "steps" : [ ],
      "attachments" : [ ],
      "parameters" : [ {
        "name" : "actionCounter",
        "value" : "130"
      }, {
        "name" : "logText",
        "value" : "Attempting to run remotely on: [Linux-64], [GoogleChrome], [http://localhost:4444/wd/hub], Headless Execution."
      } ],
      "stepsCount" : 0,
      "attachmentsCount" : 0,
      "shouldDisplayMessage" : false,
      "hasContent" : true
    }, {
      "name" : "Action [131]: Successfully Opened [GoogleChrome].",
      "time" : {
        "start" : 1619101722173,
        "stop" : 1619101722173,
        "duration" : 0
      },
      "status" : "passed",
      "steps" : [ ],
      "attachments" : [ ],
      "parameters" : [ {
        "name" : "actionCounter",
        "value" : "131"
      }, {
        "name" : "logText",
        "value" : "Successfully Opened [GoogleChrome]."
      } ],
      "stepsCount" : 0,
      "attachmentsCount" : 0,
      "shouldDisplayMessage" : false,
      "hasContent" : true
    }, {
      "name" : "Action [132]: Browser Action [navigateToURL] successfully performed. With the following test data [https://the-internet.herokuapp.com/].",
      "time" : {
        "start" : 1619101722718,
        "stop" : 1619101722719,
        "duration" : 1
      },
      "status" : "passed",
      "steps" : [ ],
      "attachments" : [ ],
      "parameters" : [ {
        "name" : "actionCounter",
        "value" : "132"
      }, {
        "name" : "logText",
        "value" : "Browser Action [navigateToURL] successfully performed. With the following test data [https://the-internet.herokuapp.com/]."
      }, {
        "name" : "attachments",
        "value" : "[null]"
      } ],
      "stepsCount" : 0,
      "attachmentsCount" : 0,
      "shouldDisplayMessage" : false,
      "hasContent" : true
    } ],
    "attachments" : [ {
      "uid" : "ae3c8b571e63693",
      "name" : "Attachment: SHAFT Engine Logs - Current Method log: openBrowser",
      "source" : "ae3c8b571e63693.txt",
      "type" : "text/plain",
      "size" : 744
    } ],
    "parameters" : [ ],
    "stepsCount" : 3,
    "attachmentsCount" : 1,
    "shouldDisplayMessage" : false,
    "hasContent" : true
  } ],
  "testStage" : {
    "status" : "passed",
    "steps" : [ {
      "name" : "Action [133]: AssertElementExists FAILED; Expected [Element Should not Exist, locator 'By.tagName: h1'] and Actual [Element Exists]. Comparison Type [EQUALS]. Validation Type [NEGATIVE].",
      "time" : {
        "start" : 1619101723081,
        "stop" : 1619101723082,
        "duration" : 1
      },
      "status" : "passed",
      "steps" : [ ],
      "attachments" : [ {
        "uid" : "ad4611ae7ba82c9e",
        "name" : "Attachment: Screenshot - 1619101722986_f12_AssertElementExists_failed",
        "source" : "ad4611ae7ba82c9e.png",
        "type" : "image/png",
        "size" : 158296
      } ],
      "parameters" : [ {
        "name" : "actionCounter",
        "value" : "133"
      }, {
        "name" : "logText",
        "value" : "AssertElementExists FAILED; Expected [Element Should not Exist, locator 'By.tagName: h1'] and Actual [Element Exists]. Comparison Type [EQUALS]. Validation Type [NEGATIVE]."
      }, {
        "name" : "attachments",
        "value" : "[[Screenshot, 1619101722986_f12_AssertElementExists_failed, java.io.ByteArrayInputStream@1391204c]]"
      } ],
      "stepsCount" : 0,
      "attachmentsCount" : 1,
      "shouldDisplayMessage" : false,
      "hasContent" : true
    } ],
    "attachments" : [ {
      "uid" : "4ce2f7328b131661",
      "name" : "Attachment: SHAFT Engine Logs - Current Method log: f12",
      "source" : "4ce2f7328b131661.txt",
      "type" : "text/plain",
      "size" : 837
    } ],
    "parameters" : [ ],
    "stepsCount" : 1,
    "attachmentsCount" : 2,
    "shouldDisplayMessage" : false,
    "hasContent" : true
  },
  "afterStages" : [ {
    "name" : "closeBrowser",
    "time" : {
      "start" : 1619101723084,
      "stop" : 1619101723261,
      "duration" : 177
    },
    "description" : "",
    "status" : "passed",
    "steps" : [ {
      "name" : "Action [134]: Successfully Closed All Browsers.",
      "time" : {
        "start" : 1619101723260,
        "stop" : 1619101723261,
        "duration" : 1
      },
      "status" : "passed",
      "steps" : [ ],
      "attachments" : [ ],
      "parameters" : [ {
        "name" : "actionCounter",
        "value" : "134"
      }, {
        "name" : "logText",
        "value" : "Successfully Closed All Browsers."
      } ],
      "stepsCount" : 0,
      "attachmentsCount" : 0,
      "shouldDisplayMessage" : false,
      "hasContent" : true
    } ],
    "attachments" : [ {
      "uid" : "419be3bfdf84b3e0",
      "name" : "Attachment: Selenium WebDriver Logs - server",
      "source" : "419be3bfdf84b3e0.txt",
      "type" : "text/plain",
      "size" : 1288
    }, {
      "uid" : "1f5c3b6962f2a1f1",
      "name" : "Attachment: Selenium WebDriver Logs - performance",
      "source" : "1f5c3b6962f2a1f1.txt",
      "type" : "text/plain",
      "size" : 66081
    }, {
      "uid" : "f1e1f7ee0c5a0e8f",
      "name" : "Attachment: Selenium WebDriver Logs - browser",
      "source" : "f1e1f7ee0c5a0e8f.txt",
      "type" : "text/plain",
      "size" : 297
    }, {
      "uid" : "e834c029a349e0f7",
      "name" : "Attachment: Selenium WebDriver Logs - driver",
      "source" : "e834c029a349e0f7.txt",
      "type" : "text/plain",
      "size" : 204899
    }, {
      "uid" : "5daac5ec9b10398b",
      "name" : "Attachment: SHAFT Engine Logs - Current Method log: closeBrowser",
      "source" : "5daac5ec9b10398b.txt",
      "type" : "text/plain",
      "size" : 531
    } ],
    "parameters" : [ ],
    "stepsCount" : 1,
    "attachmentsCount" : 5,
    "shouldDisplayMessage" : false,
    "hasContent" : true
  }, {
    "name" : "closureActivities",
    "time" : {
      "start" : 1619102042834,
      "stop" : 1619102043650,
      "duration" : 816
    },
    "description" : "",
    "status" : "passed",
    "steps" : [ {
      "name" : "Action [514]: Successfully Closed All Browsers.",
      "time" : {
        "start" : 1619102042834,
        "stop" : 1619102042834,
        "duration" : 0
      },
      "status" : "passed",
      "steps" : [ ],
      "attachments" : [ ],
      "parameters" : [ {
        "name" : "actionCounter",
        "value" : "514"
      }, {
        "name" : "logText",
        "value" : "Successfully Closed All Browsers."
      } ],
      "stepsCount" : 0,
      "attachmentsCount" : 0,
      "shouldDisplayMessage" : false,
      "hasContent" : true
    }, {
      "name" : "Action [515]: Issue Summary: Total Issues = 6, New issues for Failed Tests = 4, Open issues for Passed Tests = 2, Open issues for Failed Tests = 0. Kindly check the attached Issue details.",
      "time" : {
        "start" : 1619102042851,
        "stop" : 1619102042851,
        "duration" : 0
      },
      "status" : "passed",
      "steps" : [ ],
      "attachments" : [ {
        "uid" : "d3cea02cb9e75c69",
        "name" : "Attachment: SHAFT Engine Logs - Issues log CSV: 20210422-143402",
        "source" : "d3cea02cb9e75c69.csv",
        "type" : "text/csv",
        "size" : 832
      } ],
      "parameters" : [ {
        "name" : "actionCounter",
        "value" : "515"
      }, {
        "name" : "logText",
        "value" : "Issue Summary: Total Issues = 6, New issues for Failed Tests = 4, Open issues for Passed Tests = 2, Open issues for Failed Tests = 0. Kindly check the attached Issue details."
      }, {
        "name" : "attachments",
        "value" : "[[SHAFT Engine Logs, Issues log CSV: 20210422-143402, java.io.ByteArrayInputStream@168a5892]]"
      } ],
      "stepsCount" : 0,
      "attachmentsCount" : 1,
      "shouldDisplayMessage" : false,
      "hasContent" : true
    } ],
    "attachments" : [ {
      "uid" : "d3d482abb11fc551",
      "name" : "Attachment: SHAFT Engine Logs - Execution log: 20210422-143402",
      "source" : "d3d482abb11fc551.txt",
      "type" : "text/plain",
      "size" : 406675
    }, {
      "uid" : "ce8beb97e375c1c6",
      "name" : "Attachment: HTML - Extent Emailable Execution Report",
      "source" : "ce8beb97e375c1c6.html",
      "type" : "text/html",
      "size" : 8716367
    } ],
    "parameters" : [ ],
    "stepsCount" : 2,
    "attachmentsCount" : 3,
    "shouldDisplayMessage" : false,
    "hasContent" : true
  } ],
  "labels" : [ {
    "name" : "package",
    "value" : "testPackage01.Test_NewValidationHelper"
  }, {
    "name" : "testClass",
    "value" : "testPackage01.Test_NewValidationHelper"
  }, {
    "name" : "testMethod",
    "value" : "f12"
  }, {
    "name" : "parentSuite",
    "value" : "SHAFT_Engine: Custom Suite"
  }, {
    "name" : "suite",
    "value" : "SHAFT_Engine: Custom Test"
  }, {
    "name" : "subSuite",
    "value" : "testPackage01.Test_NewValidationHelper"
  }, {
    "name" : "host",
    "value" : "fv-az92-4"
  }, {
    "name" : "thread",
    "value" : "3835@fv-az92-4.main(1)"
  }, {
    "name" : "framework",
    "value" : "testng"
  }, {
    "name" : "language",
    "value" : "java"
  }, {
    "name" : "resultFormat",
    "value" : "allure2"
  } ],
  "parameters" : [ ],
  "links" : [ ],
  "hidden" : false,
  "retry" : false,
  "extra" : {
    "severity" : "normal",
    "retries" : [ ],
    "categories" : [ ],
    "tags" : [ ]
  },
  "source" : "26045f27cd1e6f21.json",
  "parameterValues" : [ ]
}