{
  "uid" : "7ca51759c45b546",
  "name" : "getPostsAndAssertBodyForSpecificTitle",
  "fullName" : "unitTests.tests_restActions.getPostsAndAssertBodyForSpecificTitle",
  "historyId" : "5514b76ba1dc4de2d7fa6ed8af87a94e",
  "time" : {
    "start" : 1619662030887,
    "stop" : 1619662031085,
    "duration" : 198
  },
  "status" : "broken",
  "statusMessage" : "Cannot invoke \"com.shaft.api.RequestBuilder$AuthenticationType.ordinal()\" because \"this.authenticationType\" is null",
  "statusTrace" : "java.lang.NullPointerException: Cannot invoke \"com.shaft.api.RequestBuilder$AuthenticationType.ordinal()\" because \"this.authenticationType\" is null\n\tat com.shaft.api.RequestBuilder.performRequest(RequestBuilder.java:103)\n\tat unitTests.tests_restActions.getPostsAndAssertBodyForSpecificTitle(tests_restActions.java:20)\n\tat java.base/jdk.internal.reflect.NativeMethodAccessorImpl.invoke0(Native Method)\n\tat java.base/jdk.internal.reflect.NativeMethodAccessorImpl.invoke(NativeMethodAccessorImpl.java:64)\n\tat java.base/jdk.internal.reflect.DelegatingMethodAccessorImpl.invoke(DelegatingMethodAccessorImpl.java:43)\n\tat java.base/java.lang.reflect.Method.invoke(Method.java:564)\n\tat org.testng.internal.MethodInvocationHelper.invokeMethod(MethodInvocationHelper.java:133)\n\tat org.testng.internal.TestInvoker.invokeMethod(TestInvoker.java:598)\n\tat org.testng.internal.TestInvoker.invokeTestMethod(TestInvoker.java:173)\n\tat org.testng.internal.MethodRunner.runInSequence(MethodRunner.java:46)\n\tat org.testng.internal.TestInvoker$MethodInvocationAgent.invoke(TestInvoker.java:824)\n\tat org.testng.internal.TestInvoker.invokeTestMethods(TestInvoker.java:146)\n\tat org.testng.internal.TestMethodWorker.invokeTestMethods(TestMethodWorker.java:146)\n\tat org.testng.internal.TestMethodWorker.run(TestMethodWorker.java:128)\n\tat java.base/java.util.ArrayList.forEach(ArrayList.java:1511)\n\tat org.testng.TestRunner.privateRun(TestRunner.java:794)\n\tat org.testng.TestRunner.run(TestRunner.java:596)\n\tat org.testng.SuiteRunner.runTest(SuiteRunner.java:377)\n\tat org.testng.SuiteRunner.runSequentially(SuiteRunner.java:371)\n\tat org.testng.SuiteRunner.privateRun(SuiteRunner.java:332)\n\tat org.testng.SuiteRunner.run(SuiteRunner.java:276)\n\tat org.testng.SuiteRunnerWorker.runSuite(SuiteRunnerWorker.java:53)\n\tat org.testng.SuiteRunnerWorker.run(SuiteRunnerWorker.java:96)\n\tat org.testng.TestNG.runSuitesSequentially(TestNG.java:1212)\n\tat org.testng.TestNG.runSuitesLocally(TestNG.java:1134)\n\tat org.testng.TestNG.runSuites(TestNG.java:1063)\n\tat org.testng.TestNG.run(TestNG.java:1031)\n\tat org.apache.maven.surefire.testng.TestNGExecutor.run(TestNGExecutor.java:136)\n\tat org.apache.maven.surefire.testng.TestNGDirectoryTestSuite.executeMulti(TestNGDirectoryTestSuite.java:193)\n\tat org.apache.maven.surefire.testng.TestNGDirectoryTestSuite.execute(TestNGDirectoryTestSuite.java:94)\n\tat org.apache.maven.surefire.testng.TestNGProvider.invoke(TestNGProvider.java:145)\n\tat org.apache.maven.surefire.booter.ForkedBooter.runSuitesInProcess(ForkedBooter.java:428)\n\tat org.apache.maven.surefire.booter.ForkedBooter.execute(ForkedBooter.java:162)\n\tat org.apache.maven.surefire.booter.ForkedBooter.run(ForkedBooter.java:562)\n\tat org.apache.maven.surefire.booter.ForkedBooter.main(ForkedBooter.java:548)\n",
  "flaky" : false,
  "newFailed" : false,
  "beforeStages" : [ ],
  "testStage" : {
    "status" : "broken",
    "statusMessage" : "Cannot invoke \"com.shaft.api.RequestBuilder$AuthenticationType.ordinal()\" because \"this.authenticationType\" is null",
    "statusTrace" : "java.lang.NullPointerException: Cannot invoke \"com.shaft.api.RequestBuilder$AuthenticationType.ordinal()\" because \"this.authenticationType\" is null\n\tat com.shaft.api.RequestBuilder.performRequest(RequestBuilder.java:103)\n\tat unitTests.tests_restActions.getPostsAndAssertBodyForSpecificTitle(tests_restActions.java:20)\n\tat java.base/jdk.internal.reflect.NativeMethodAccessorImpl.invoke0(Native Method)\n\tat java.base/jdk.internal.reflect.NativeMethodAccessorImpl.invoke(NativeMethodAccessorImpl.java:64)\n\tat java.base/jdk.internal.reflect.DelegatingMethodAccessorImpl.invoke(DelegatingMethodAccessorImpl.java:43)\n\tat java.base/java.lang.reflect.Method.invoke(Method.java:564)\n\tat org.testng.internal.MethodInvocationHelper.invokeMethod(MethodInvocationHelper.java:133)\n\tat org.testng.internal.TestInvoker.invokeMethod(TestInvoker.java:598)\n\tat org.testng.internal.TestInvoker.invokeTestMethod(TestInvoker.java:173)\n\tat org.testng.internal.MethodRunner.runInSequence(MethodRunner.java:46)\n\tat org.testng.internal.TestInvoker$MethodInvocationAgent.invoke(TestInvoker.java:824)\n\tat org.testng.internal.TestInvoker.invokeTestMethods(TestInvoker.java:146)\n\tat org.testng.internal.TestMethodWorker.invokeTestMethods(TestMethodWorker.java:146)\n\tat org.testng.internal.TestMethodWorker.run(TestMethodWorker.java:128)\n\tat java.base/java.util.ArrayList.forEach(ArrayList.java:1511)\n\tat org.testng.TestRunner.privateRun(TestRunner.java:794)\n\tat org.testng.TestRunner.run(TestRunner.java:596)\n\tat org.testng.SuiteRunner.runTest(SuiteRunner.java:377)\n\tat org.testng.SuiteRunner.runSequentially(SuiteRunner.java:371)\n\tat org.testng.SuiteRunner.privateRun(SuiteRunner.java:332)\n\tat org.testng.SuiteRunner.run(SuiteRunner.java:276)\n\tat org.testng.SuiteRunnerWorker.runSuite(SuiteRunnerWorker.java:53)\n\tat org.testng.SuiteRunnerWorker.run(SuiteRunnerWorker.java:96)\n\tat org.testng.TestNG.runSuitesSequentially(TestNG.java:1212)\n\tat org.testng.TestNG.runSuitesLocally(TestNG.java:1134)\n\tat org.testng.TestNG.runSuites(TestNG.java:1063)\n\tat org.testng.TestNG.run(TestNG.java:1031)\n\tat org.apache.maven.surefire.testng.TestNGExecutor.run(TestNGExecutor.java:136)\n\tat org.apache.maven.surefire.testng.TestNGDirectoryTestSuite.executeMulti(TestNGDirectoryTestSuite.java:193)\n\tat org.apache.maven.surefire.testng.TestNGDirectoryTestSuite.execute(TestNGDirectoryTestSuite.java:94)\n\tat org.apache.maven.surefire.testng.TestNGProvider.invoke(TestNGProvider.java:145)\n\tat org.apache.maven.surefire.booter.ForkedBooter.runSuitesInProcess(ForkedBooter.java:428)\n\tat org.apache.maven.surefire.booter.ForkedBooter.execute(ForkedBooter.java:162)\n\tat org.apache.maven.surefire.booter.ForkedBooter.run(ForkedBooter.java:562)\n\tat org.apache.maven.surefire.booter.ForkedBooter.main(ForkedBooter.java:548)\n",
    "steps" : [ ],
    "attachments" : [ {
      "uid" : "502dfd1029bb83a6",
      "name" : "Attachment: SHAFT Engine Logs - Current Method log: getPostsAndAssertBodyForSpecificTitle",
      "source" : "502dfd1029bb83a6.txt",
      "type" : "text/plain",
      "size" : 440
    } ],
    "parameters" : [ ],
    "stepsCount" : 0,
    "attachmentsCount" : 1,
    "shouldDisplayMessage" : true,
    "hasContent" : true
  },
  "afterStages" : [ {
    "name" : "closureActivities",
    "time" : {
      "start" : 1619662032541,
      "stop" : 1619662033220,
      "duration" : 679
    },
    "description" : "",
    "status" : "passed",
    "steps" : [ {
      "name" : "Action [526]: Successfully Closed All Browsers.",
      "time" : {
        "start" : 1619662032542,
        "stop" : 1619662032542,
        "duration" : 0
      },
      "status" : "passed",
      "steps" : [ ],
      "attachments" : [ ],
      "parameters" : [ {
        "name" : "actionCounter",
        "value" : "526"
      }, {
        "name" : "logText",
        "value" : "Successfully Closed All Browsers."
      } ],
      "stepsCount" : 0,
      "attachmentsCount" : 0,
      "shouldDisplayMessage" : false,
      "hasContent" : true
    }, {
      "name" : "Action [527]: Issue Summary: Total Issues = 3, New issues for Failed Tests = 1, Open issues for Passed Tests = 2, Open issues for Failed Tests = 0. Kindly check the attached Issue details.",
      "time" : {
        "start" : 1619662032558,
        "stop" : 1619662032558,
        "duration" : 0
      },
      "status" : "passed",
      "steps" : [ ],
      "attachments" : [ {
        "uid" : "fc91915f526b59b",
        "name" : "Attachment: SHAFT Engine Logs - Issues log CSV: 20210429-020712",
        "source" : "fc91915f526b59b.csv",
        "type" : "text/csv",
        "size" : 370
      } ],
      "parameters" : [ {
        "name" : "actionCounter",
        "value" : "527"
      }, {
        "name" : "logText",
        "value" : "Issue Summary: Total Issues = 3, New issues for Failed Tests = 1, Open issues for Passed Tests = 2, Open issues for Failed Tests = 0. Kindly check the attached Issue details."
      }, {
        "name" : "attachments",
        "value" : "[[SHAFT Engine Logs, Issues log CSV: 20210429-020712, java.io.ByteArrayInputStream@72fa8494]]"
      } ],
      "stepsCount" : 0,
      "attachmentsCount" : 1,
      "shouldDisplayMessage" : false,
      "hasContent" : true
    } ],
    "attachments" : [ {
      "uid" : "a2faf5980fdafcfe",
      "name" : "Attachment: SHAFT Engine Logs - Execution log: 20210429-020712",
      "source" : "a2faf5980fdafcfe.txt",
      "type" : "text/plain",
      "size" : 372853
    }, {
      "uid" : "9ec62800cf862d41",
      "name" : "Attachment: HTML - Extent Emailable Execution Report",
      "source" : "9ec62800cf862d41.html",
      "type" : "text/html",
      "size" : 7569903
    } ],
    "parameters" : [ ],
    "stepsCount" : 2,
    "attachmentsCount" : 3,
    "shouldDisplayMessage" : false,
    "hasContent" : true
  } ],
  "labels" : [ {
    "name" : "package",
    "value" : "unitTests.tests_restActions"
  }, {
    "name" : "testClass",
    "value" : "unitTests.tests_restActions"
  }, {
    "name" : "testMethod",
    "value" : "getPostsAndAssertBodyForSpecificTitle"
  }, {
    "name" : "parentSuite",
    "value" : "SHAFT_Engine: Custom Suite"
  }, {
    "name" : "suite",
    "value" : "SHAFT_Engine: Custom Test"
  }, {
    "name" : "subSuite",
    "value" : "unitTests.tests_restActions"
  }, {
    "name" : "host",
    "value" : "fv-az101-283"
  }, {
    "name" : "thread",
    "value" : "3977@fv-az101-283.main(1)"
  }, {
    "name" : "framework",
    "value" : "testng"
  }, {
    "name" : "language",
    "value" : "java"
  }, {
    "name" : "resultFormat",
    "value" : "allure2"
  } ],
  "parameters" : [ ],
  "links" : [ ],
  "hidden" : false,
  "retry" : false,
  "extra" : {
    "severity" : "normal",
    "retries" : [ ],
    "categories" : [ {
      "name" : "Test defects",
      "matchedStatuses" : [ ],
      "flaky" : false
    } ],
    "history" : {
      "statistic" : {
        "failed" : 0,
        "broken" : 9,
        "skipped" : 0,
        "passed" : 1,
        "unknown" : 0,
        "total" : 10
      },
      "items" : [ {
        "uid" : "78baa45896898edd",
        "reportUrl" : "https://MahmoudElSharkawy.github.io/SHAFT_ENGINE/allure/117//#testresult/78baa45896898edd",
        "status" : "broken",
        "statusDetails" : "Cannot invoke \"com.shaft.api.RequestBuilder$AuthenticationType.ordinal()\" because \"this.authenticationType\" is null",
        "time" : {
          "start" : 1619575661193,
          "stop" : 1619575661381,
          "duration" : 188
        }
      }, {
        "uid" : "a517796a6f851482",
        "reportUrl" : "https://MahmoudElSharkawy.github.io/SHAFT_ENGINE/allure/116//#testresult/a517796a6f851482",
        "status" : "broken",
        "statusDetails" : "Cannot invoke \"com.shaft.api.RequestBuilder$AuthenticationType.ordinal()\" because \"this.authenticationType\" is null",
        "time" : {
          "start" : 1619489291320,
          "stop" : 1619489291445,
          "duration" : 125
        }
      }, {
        "uid" : "196a5408f2e51c01",
        "reportUrl" : "https://MahmoudElSharkawy.github.io/SHAFT_ENGINE/allure/115//#testresult/196a5408f2e51c01",
        "status" : "broken",
        "statusDetails" : "Cannot invoke \"com.shaft.api.RequestBuilder$AuthenticationType.ordinal()\" because \"this.authenticationType\" is null",
        "time" : {
          "start" : 1619403383840,
          "stop" : 1619403384080,
          "duration" : 240
        }
      }, {
        "uid" : "7fa7c50dfbffb5c7",
        "reportUrl" : "https://MahmoudElSharkawy.github.io/SHAFT_ENGINE/allure/114//#testresult/7fa7c50dfbffb5c7",
        "status" : "broken",
        "statusDetails" : "Cannot invoke \"com.shaft.api.RequestBuilder$AuthenticationType.ordinal()\" because \"this.authenticationType\" is null",
        "time" : {
          "start" : 1619316944687,
          "stop" : 1619316944907,
          "duration" : 220
        }
      }, {
        "uid" : "256e6c86d68c0047",
        "reportUrl" : "https://MahmoudElSharkawy.github.io/SHAFT_ENGINE/allure/113//#testresult/256e6c86d68c0047",
        "status" : "broken",
        "statusDetails" : "Cannot invoke \"com.shaft.api.RequestBuilder$AuthenticationType.ordinal()\" because \"this.authenticationType\" is null",
        "time" : {
          "start" : 1619278257612,
          "stop" : 1619278257816,
          "duration" : 204
        }
      }, {
        "uid" : "d8613ba71aa6967f",
        "reportUrl" : "https://MahmoudElSharkawy.github.io/SHAFT_ENGINE/allure/112//#testresult/d8613ba71aa6967f",
        "status" : "broken",
        "statusDetails" : "Cannot invoke \"com.shaft.api.RequestBuilder$AuthenticationType.ordinal()\" because \"this.authenticationType\" is null",
        "time" : {
          "start" : 1619230207813,
          "stop" : 1619230208011,
          "duration" : 198
        }
      }, {
        "uid" : "530e1658ad53690c",
        "reportUrl" : "https://MahmoudElSharkawy.github.io/SHAFT_ENGINE/allure/111//#testresult/530e1658ad53690c",
        "status" : "broken",
        "statusDetails" : "Cannot invoke \"com.shaft.api.RequestBuilder$AuthenticationType.ordinal()\" because \"this.authenticationType\" is null",
        "time" : {
          "start" : 1619144046075,
          "stop" : 1619144046246,
          "duration" : 171
        }
      }, {
        "uid" : "ac1de1f1e863b8da",
        "reportUrl" : "https://MahmoudElSharkawy.github.io/SHAFT_ENGINE/allure/108//#testresult/ac1de1f1e863b8da",
        "status" : "broken",
        "statusDetails" : "Cannot invoke \"com.shaft.api.RequestBuilder$AuthenticationType.ordinal()\" because \"this.authenticationType\" is null",
        "time" : {
          "start" : 1619102041137,
          "stop" : 1619102041316,
          "duration" : 179
        }
      }, {
        "uid" : "26f2808756c397b0",
        "reportUrl" : "https://MahmoudElSharkawy.github.io/SHAFT_ENGINE/allure/96//#testresult/26f2808756c397b0",
        "status" : "passed",
        "time" : {
          "start" : 1618884651079,
          "stop" : 1618884655865,
          "duration" : 4786
        }
      } ]
    },
    "tags" : [ ]
  },
  "source" : "7ca51759c45b546.json",
  "parameterValues" : [ ]
}