{
  "uid" : "4cb2234e18f7d1e7",
  "name" : "assertComparativeRelation_greaterThanOrEquals_true_equals_expectedToFail",
  "fullName" : "unitTests.tests_validations_assertions.assertComparativeRelation_greaterThanOrEquals_true_equals_expectedToFail",
  "historyId" : "6bfdcb3e2066e47f76cdc938949ea3b5",
  "time" : {
    "start" : 1613368972789,
    "stop" : 1613368972791,
    "duration" : 2
  },
  "status" : "passed",
  "flaky" : false,
  "newFailed" : false,
  "beforeStages" : [ ],
  "testStage" : {
    "status" : "passed",
    "steps" : [ {
      "name" : "Action [356]: AssertComparativeRelation FAILED; Expected [1] and Actual [0]. Comparison Type [GREATER_THAN_OR_EQUALS]. Validation Type [POSITIVE].",
      "time" : {
        "start" : 1613368972790,
        "stop" : 1613368972790,
        "duration" : 0
      },
      "status" : "passed",
      "steps" : [ ],
      "attachments" : [ ],
      "parameters" : [ {
        "name" : "actionCounter",
        "value" : "356"
      }, {
        "name" : "logText",
        "value" : "AssertComparativeRelation FAILED; Expected [1] and Actual [0]. Comparison Type [GREATER_THAN_OR_EQUALS]. Validation Type [POSITIVE]."
      } ],
      "stepsCount" : 0,
      "attachmentsCount" : 0,
      "shouldDisplayMessage" : false,
      "hasContent" : true
    } ],
    "attachments" : [ {
      "uid" : "e3b06fa055ebe6c",
      "name" : "Attachment: SHAFT Engine Logs - Current Method log: assertComparativeRelation_greaterThanOrEquals_true_equals_expectedToFail",
      "source" : "e3b06fa055ebe6c.txt",
      "type" : "text/plain",
      "size" : 663
    } ],
    "parameters" : [ ],
    "stepsCount" : 1,
    "attachmentsCount" : 1,
    "shouldDisplayMessage" : false,
    "hasContent" : true
  },
  "afterStages" : [ {
    "name" : "closureActivities",
    "time" : {
      "start" : 1613369029260,
      "stop" : 1613369029949,
      "duration" : 689
    },
    "description" : "",
    "status" : "passed",
    "steps" : [ {
      "name" : "Action [507]: Successfully Closed All Browsers.",
      "time" : {
        "start" : 1613369029261,
        "stop" : 1613369029261,
        "duration" : 0
      },
      "status" : "passed",
      "steps" : [ ],
      "attachments" : [ ],
      "parameters" : [ {
        "name" : "actionCounter",
        "value" : "507"
      }, {
        "name" : "logText",
        "value" : "Successfully Closed All Browsers."
      } ],
      "stepsCount" : 0,
      "attachmentsCount" : 0,
      "shouldDisplayMessage" : false,
      "hasContent" : true
    }, {
      "name" : "Action [508]: Issue Summary: Total Issues = 4, New issues for Failed Tests = 2, Open issues for Passed Tests = 2, Open issues for Failed Tests = 0. Kindly check the attached Issue details.",
      "time" : {
        "start" : 1613369029270,
        "stop" : 1613369029271,
        "duration" : 1
      },
      "status" : "passed",
      "steps" : [ ],
      "attachments" : [ {
        "uid" : "5b533123ec71fba3",
        "name" : "Attachment: SHAFT Engine Logs - Issues log CSV: 20210215-060349",
        "source" : "5b533123ec71fba3.csv",
        "type" : "text/csv",
        "size" : 544
      } ],
      "parameters" : [ {
        "name" : "actionCounter",
        "value" : "508"
      }, {
        "name" : "logText",
        "value" : "Issue Summary: Total Issues = 4, New issues for Failed Tests = 2, Open issues for Passed Tests = 2, Open issues for Failed Tests = 0. Kindly check the attached Issue details."
      }, {
        "name" : "attachments",
        "value" : "[[SHAFT Engine Logs, Issues log CSV: 20210215-060349, java.io.ByteArrayInputStream@3bb8e99a]]"
      } ],
      "stepsCount" : 0,
      "attachmentsCount" : 1,
      "shouldDisplayMessage" : false,
      "hasContent" : true
    } ],
    "attachments" : [ {
      "uid" : "4eb19397ba0a82d3",
      "name" : "Attachment: SHAFT Engine Logs - Execution log: 20210215-060349",
      "source" : "4eb19397ba0a82d3.txt",
      "type" : "text/plain",
      "size" : 238997
    }, {
      "uid" : "9ba98683ca079f13",
      "name" : "Attachment: HTML - Extent Emailable Execution Report",
      "source" : "9ba98683ca079f13.html",
      "type" : "text/html",
      "size" : 6980772
    } ],
    "parameters" : [ ],
    "stepsCount" : 2,
    "attachmentsCount" : 3,
    "shouldDisplayMessage" : false,
    "hasContent" : true
  } ],
  "labels" : [ {
    "name" : "package",
    "value" : "unitTests.tests_validations_assertions"
  }, {
    "name" : "testClass",
    "value" : "unitTests.tests_validations_assertions"
  }, {
    "name" : "testMethod",
    "value" : "assertComparativeRelation_greaterThanOrEquals_true_equals_expectedToFail"
  }, {
    "name" : "parentSuite",
    "value" : "SHAFT_Engine: Custom Suite"
  }, {
    "name" : "suite",
    "value" : "SHAFT_Engine: Custom Test"
  }, {
    "name" : "subSuite",
    "value" : "unitTests.tests_validations_assertions"
  }, {
    "name" : "host",
    "value" : "fv-az59-786"
  }, {
    "name" : "thread",
    "value" : "3880@fv-az59-786.main(1)"
  }, {
    "name" : "framework",
    "value" : "testng"
  }, {
    "name" : "language",
    "value" : "java"
  }, {
    "name" : "resultFormat",
    "value" : "allure2"
  } ],
  "parameters" : [ ],
  "links" : [ ],
  "hidden" : false,
  "retry" : false,
  "extra" : {
    "severity" : "normal",
    "retries" : [ ],
    "categories" : [ ],
    "tags" : [ ]
  },
  "source" : "4cb2234e18f7d1e7.json",
  "parameterValues" : [ ]
}