{
  "uid" : "fac4d07f6d857c73",
  "name" : "f12",
  "fullName" : "testPackage01.Test_NewValidationActions.f12",
  "historyId" : "e4f1c0befddb2cc79c696a26e59210d1",
  "time" : {
    "start" : 1616032232634,
    "stop" : 1616032233074,
    "duration" : 440
  },
  "status" : "passed",
  "flaky" : false,
  "newFailed" : false,
  "beforeStages" : [ {
    "name" : "openBrowser",
    "time" : {
      "start" : 1616032231124,
      "stop" : 1616032232624,
      "duration" : 1500
    },
    "description" : "",
    "status" : "passed",
    "steps" : [ {
      "name" : "Action [23]: Attempting to run remotely on: [Linux-64], [GoogleChrome], [http://localhost:4444/wd/hub], Headless Execution.",
      "time" : {
        "start" : 1616032231125,
        "stop" : 1616032231125,
        "duration" : 0
      },
      "status" : "passed",
      "steps" : [ ],
      "attachments" : [ ],
      "parameters" : [ {
        "name" : "actionCounter",
        "value" : "23"
      }, {
        "name" : "logText",
        "value" : "Attempting to run remotely on: [Linux-64], [GoogleChrome], [http://localhost:4444/wd/hub], Headless Execution."
      } ],
      "stepsCount" : 0,
      "attachmentsCount" : 0,
      "shouldDisplayMessage" : false,
      "hasContent" : true
    }, {
      "name" : "Action [24]: Successfully Opened [GoogleChrome].",
      "time" : {
        "start" : 1616032231838,
        "stop" : 1616032231839,
        "duration" : 1
      },
      "status" : "passed",
      "steps" : [ ],
      "attachments" : [ ],
      "parameters" : [ {
        "name" : "actionCounter",
        "value" : "24"
      }, {
        "name" : "logText",
        "value" : "Successfully Opened [GoogleChrome]."
      } ],
      "stepsCount" : 0,
      "attachmentsCount" : 0,
      "shouldDisplayMessage" : false,
      "hasContent" : true
    }, {
      "name" : "Action [25]: Browser Action [navigateToURL] successfully performed. With the following test data [https://the-internet.herokuapp.com/].",
      "time" : {
        "start" : 1616032232623,
        "stop" : 1616032232623,
        "duration" : 0
      },
      "status" : "passed",
      "steps" : [ ],
      "attachments" : [ ],
      "parameters" : [ {
        "name" : "actionCounter",
        "value" : "25"
      }, {
        "name" : "logText",
        "value" : "Browser Action [navigateToURL] successfully performed. With the following test data [https://the-internet.herokuapp.com/]."
      }, {
        "name" : "attachments",
        "value" : "[null]"
      } ],
      "stepsCount" : 0,
      "attachmentsCount" : 0,
      "shouldDisplayMessage" : false,
      "hasContent" : true
    } ],
    "attachments" : [ {
      "uid" : "abcabe3b7a93c61e",
      "name" : "Attachment: SHAFT Engine Logs - Current Method log: openBrowser",
      "source" : "abcabe3b7a93c61e.txt",
      "type" : "text/plain",
      "size" : 744
    } ],
    "parameters" : [ ],
    "stepsCount" : 3,
    "attachmentsCount" : 1,
    "shouldDisplayMessage" : false,
    "hasContent" : true
  } ],
  "testStage" : {
    "status" : "passed",
    "steps" : [ {
      "name" : "Action [26]: AssertElementExists FAILED; Expected [Element Should not Exist, locator 'By.tagName: h1'] and Actual [Element Exists]. Comparison Type [EQUALS]. Validation Type [NEGATIVE].",
      "time" : {
        "start" : 1616032233067,
        "stop" : 1616032233070,
        "duration" : 3
      },
      "status" : "passed",
      "steps" : [ ],
      "attachments" : [ {
        "uid" : "76db1aa3d0d72084",
        "name" : "Attachment: Screenshot - 1616032232952_f12_AssertElementExists_failed",
        "source" : "76db1aa3d0d72084.png",
        "type" : "image/png",
        "size" : 158296
      } ],
      "parameters" : [ {
        "name" : "actionCounter",
        "value" : "26"
      }, {
        "name" : "logText",
        "value" : "AssertElementExists FAILED; Expected [Element Should not Exist, locator 'By.tagName: h1'] and Actual [Element Exists]. Comparison Type [EQUALS]. Validation Type [NEGATIVE]."
      }, {
        "name" : "attachments",
        "value" : "[[Screenshot, 1616032232952_f12_AssertElementExists_failed, java.io.ByteArrayInputStream@2a8e30e3]]"
      } ],
      "stepsCount" : 0,
      "attachmentsCount" : 1,
      "shouldDisplayMessage" : false,
      "hasContent" : true
    } ],
    "attachments" : [ {
      "uid" : "74bdb809969ca3a2",
      "name" : "Attachment: SHAFT Engine Logs - Current Method log: f12",
      "source" : "74bdb809969ca3a2.txt",
      "type" : "text/plain",
      "size" : 837
    } ],
    "parameters" : [ ],
    "stepsCount" : 1,
    "attachmentsCount" : 2,
    "shouldDisplayMessage" : false,
    "hasContent" : true
  },
  "afterStages" : [ {
    "name" : "closeBrowser",
    "time" : {
      "start" : 1616032233076,
      "stop" : 1616032233348,
      "duration" : 272
    },
    "description" : "",
    "status" : "passed",
    "steps" : [ {
      "name" : "Action [27]: Successfully Closed All Browsers.",
      "time" : {
        "start" : 1616032233347,
        "stop" : 1616032233348,
        "duration" : 1
      },
      "status" : "passed",
      "steps" : [ ],
      "attachments" : [ ],
      "parameters" : [ {
        "name" : "actionCounter",
        "value" : "27"
      }, {
        "name" : "logText",
        "value" : "Successfully Closed All Browsers."
      } ],
      "stepsCount" : 0,
      "attachmentsCount" : 0,
      "shouldDisplayMessage" : false,
      "hasContent" : true
    } ],
    "attachments" : [ {
      "uid" : "945ec6b030fdf4ed",
      "name" : "Attachment: Selenium WebDriver Logs - server",
      "source" : "945ec6b030fdf4ed.txt",
      "type" : "text/plain",
      "size" : 1288
    }, {
      "uid" : "e76404a662cdeeba",
      "name" : "Attachment: Selenium WebDriver Logs - performance",
      "source" : "e76404a662cdeeba.txt",
      "type" : "text/plain",
      "size" : 59209
    }, {
      "uid" : "b357d03ff309657b",
      "name" : "Attachment: Selenium WebDriver Logs - browser",
      "source" : "b357d03ff309657b.txt",
      "type" : "text/plain",
      "size" : 757
    }, {
      "uid" : "41a683d36ddd2368",
      "name" : "Attachment: Selenium WebDriver Logs - driver",
      "source" : "41a683d36ddd2368.txt",
      "type" : "text/plain",
      "size" : 191621
    }, {
      "uid" : "18da626959d1af54",
      "name" : "Attachment: SHAFT Engine Logs - Current Method log: closeBrowser",
      "source" : "18da626959d1af54.txt",
      "type" : "text/plain",
      "size" : 531
    } ],
    "parameters" : [ ],
    "stepsCount" : 1,
    "attachmentsCount" : 5,
    "shouldDisplayMessage" : false,
    "hasContent" : true
  }, {
    "name" : "closureActivities",
    "time" : {
      "start" : 1616032554647,
      "stop" : 1616032555433,
      "duration" : 786
    },
    "description" : "",
    "status" : "passed",
    "steps" : [ {
      "name" : "Action [522]: Successfully Closed All Browsers.",
      "time" : {
        "start" : 1616032554647,
        "stop" : 1616032554648,
        "duration" : 1
      },
      "status" : "passed",
      "steps" : [ ],
      "attachments" : [ ],
      "parameters" : [ {
        "name" : "actionCounter",
        "value" : "522"
      }, {
        "name" : "logText",
        "value" : "Successfully Closed All Browsers."
      } ],
      "stepsCount" : 0,
      "attachmentsCount" : 0,
      "shouldDisplayMessage" : false,
      "hasContent" : true
    }, {
      "name" : "Action [523]: Issue Summary: Total Issues = 2, New issues for Failed Tests = 0, Open issues for Passed Tests = 2, Open issues for Failed Tests = 0. Kindly check the attached Issue details.",
      "time" : {
        "start" : 1616032554663,
        "stop" : 1616032554664,
        "duration" : 1
      },
      "status" : "passed",
      "steps" : [ ],
      "attachments" : [ {
        "uid" : "982f023b8600b858",
        "name" : "Attachment: SHAFT Engine Logs - Issues log CSV: 20210318-015554",
        "source" : "982f023b8600b858.csv",
        "type" : "text/csv",
        "size" : 228
      } ],
      "parameters" : [ {
        "name" : "actionCounter",
        "value" : "523"
      }, {
        "name" : "logText",
        "value" : "Issue Summary: Total Issues = 2, New issues for Failed Tests = 0, Open issues for Passed Tests = 2, Open issues for Failed Tests = 0. Kindly check the attached Issue details."
      }, {
        "name" : "attachments",
        "value" : "[[SHAFT Engine Logs, Issues log CSV: 20210318-015554, java.io.ByteArrayInputStream@6c8626ce]]"
      } ],
      "stepsCount" : 0,
      "attachmentsCount" : 1,
      "shouldDisplayMessage" : false,
      "hasContent" : true
    } ],
    "attachments" : [ {
      "uid" : "4735fbe7d25eab2c",
      "name" : "Attachment: SHAFT Engine Logs - Execution log: 20210318-015554",
      "source" : "4735fbe7d25eab2c.txt",
      "type" : "text/plain",
      "size" : 363112
    }, {
      "uid" : "f5bca0950293fa05",
      "name" : "Attachment: HTML - Extent Emailable Execution Report",
      "source" : "f5bca0950293fa05.html",
      "type" : "text/html",
      "size" : 8709057
    } ],
    "parameters" : [ ],
    "stepsCount" : 2,
    "attachmentsCount" : 3,
    "shouldDisplayMessage" : false,
    "hasContent" : true
  } ],
  "labels" : [ {
    "name" : "package",
    "value" : "testPackage01.Test_NewValidationActions"
  }, {
    "name" : "testClass",
    "value" : "testPackage01.Test_NewValidationActions"
  }, {
    "name" : "testMethod",
    "value" : "f12"
  }, {
    "name" : "parentSuite",
    "value" : "SHAFT_Engine: Custom Suite"
  }, {
    "name" : "suite",
    "value" : "SHAFT_Engine: Custom Test"
  }, {
    "name" : "subSuite",
    "value" : "testPackage01.Test_NewValidationActions"
  }, {
    "name" : "host",
    "value" : "fv-az59-587"
  }, {
    "name" : "thread",
    "value" : "4429@fv-az59-587.main(1)"
  }, {
    "name" : "framework",
    "value" : "testng"
  }, {
    "name" : "language",
    "value" : "java"
  }, {
    "name" : "resultFormat",
    "value" : "allure2"
  } ],
  "parameters" : [ ],
  "links" : [ ],
  "hidden" : false,
  "retry" : false,
  "extra" : {
    "severity" : "normal",
    "retries" : [ ],
    "categories" : [ ],
    "tags" : [ ]
  },
  "source" : "fac4d07f6d857c73.json",
  "parameterValues" : [ ]
}