{
  "uid" : "5ed252e16cf97732",
  "name" : "f15",
  "fullName" : "testPackage01.Test_NewValidationActions.f15",
  "historyId" : "8ad0e7501f35925a6444f1e8c5b341c5",
  "time" : {
    "start" : 1613007653071,
    "stop" : 1613007653403,
    "duration" : 332
  },
  "status" : "passed",
  "flaky" : false,
  "newFailed" : false,
  "beforeStages" : [ {
    "name" : "openBrowser",
    "time" : {
      "start" : 1613007652073,
      "stop" : 1613007653070,
      "duration" : 997
    },
    "description" : "",
    "status" : "passed",
    "steps" : [ {
      "name" : "Action [57]: Attempting to run remotely on: [Linux-64], [GoogleChrome], [http://localhost:4444/wd/hub], Headless Execution.",
      "time" : {
        "start" : 1613007652073,
        "stop" : 1613007652073,
        "duration" : 0
      },
      "status" : "passed",
      "steps" : [ ],
      "attachments" : [ ],
      "parameters" : [ {
        "name" : "actionCounter",
        "value" : "57"
      }, {
        "name" : "logText",
        "value" : "Attempting to run remotely on: [Linux-64], [GoogleChrome], [http://localhost:4444/wd/hub], Headless Execution."
      } ],
      "hasContent" : true,
      "stepsCount" : 0,
      "attachmentsCount" : 0,
      "shouldDisplayMessage" : false
    }, {
      "name" : "Action [58]: Successfully Opened [GoogleChrome].",
      "time" : {
        "start" : 1613007652277,
        "stop" : 1613007652277,
        "duration" : 0
      },
      "status" : "passed",
      "steps" : [ ],
      "attachments" : [ ],
      "parameters" : [ {
        "name" : "actionCounter",
        "value" : "58"
      }, {
        "name" : "logText",
        "value" : "Successfully Opened [GoogleChrome]."
      } ],
      "hasContent" : true,
      "stepsCount" : 0,
      "attachmentsCount" : 0,
      "shouldDisplayMessage" : false
    }, {
      "name" : "Action [59]: Browser Action [navigateToURL] successfully performed. With the following test data [https://the-internet.herokuapp.com/].",
      "time" : {
        "start" : 1613007653069,
        "stop" : 1613007653069,
        "duration" : 0
      },
      "status" : "passed",
      "steps" : [ ],
      "attachments" : [ ],
      "parameters" : [ {
        "name" : "actionCounter",
        "value" : "59"
      }, {
        "name" : "logText",
        "value" : "Browser Action [navigateToURL] successfully performed. With the following test data [https://the-internet.herokuapp.com/]."
      }, {
        "name" : "attachments",
        "value" : "[null]"
      } ],
      "hasContent" : true,
      "stepsCount" : 0,
      "attachmentsCount" : 0,
      "shouldDisplayMessage" : false
    } ],
    "attachments" : [ {
      "uid" : "fd1c61aba4eb5824",
      "name" : "Attachment: SHAFT Engine Logs - Current Method log: openBrowser",
      "source" : "fd1c61aba4eb5824.txt",
      "type" : "text/plain",
      "size" : 744
    } ],
    "parameters" : [ ],
    "hasContent" : true,
    "stepsCount" : 3,
    "attachmentsCount" : 1,
    "shouldDisplayMessage" : false
  } ],
  "testStage" : {
    "status" : "passed",
    "steps" : [ {
      "name" : "Action [60]: AssertElementAttribute FAILED; Expected [Value Should not be 'Welcome' for the 'text' attribute, element locator 'By.tagName: h1'] and Actual [Welcome to the-internet]. Comparison Type [CONTAINS]. Validation Type [NEGATIVE].",
      "time" : {
        "start" : 1613007653402,
        "stop" : 1613007653403,
        "duration" : 1
      },
      "status" : "passed",
      "steps" : [ ],
      "attachments" : [ {
        "uid" : "b188998017f0c196",
        "name" : "Attachment: Screenshot - 1613007653332_f15_AssertElementAttribute_failed",
        "source" : "b188998017f0c196.png",
        "type" : "image/png",
        "size" : 158296
      } ],
      "parameters" : [ {
        "name" : "actionCounter",
        "value" : "60"
      }, {
        "name" : "logText",
        "value" : "AssertElementAttribute FAILED; Expected [Value Should not be 'Welcome' for the 'text' attribute, element locator 'By.tagName: h1'] and Actual [Welcome to the-internet]. Comparison Type [CONTAINS]. Validation Type [NEGATIVE]."
      }, {
        "name" : "attachments",
        "value" : "[[Screenshot, 1613007653332_f15_AssertElementAttribute_failed, java.io.ByteArrayInputStream@330d557e]]"
      } ],
      "hasContent" : true,
      "stepsCount" : 0,
      "attachmentsCount" : 1,
      "shouldDisplayMessage" : false
    } ],
    "attachments" : [ {
      "uid" : "7834a16b63223a6a",
      "name" : "Attachment: SHAFT Engine Logs - Current Method log: f15",
      "source" : "7834a16b63223a6a.txt",
      "type" : "text/plain",
      "size" : 1043
    } ],
    "parameters" : [ ],
    "hasContent" : true,
    "stepsCount" : 1,
    "attachmentsCount" : 2,
    "shouldDisplayMessage" : false
  },
  "afterStages" : [ {
    "name" : "closeBrowser",
    "time" : {
      "start" : 1613007653408,
      "stop" : 1613007653585,
      "duration" : 177
    },
    "description" : "",
    "status" : "passed",
    "steps" : [ {
      "name" : "Action [61]: Successfully Closed All Browsers.",
      "time" : {
        "start" : 1613007653584,
        "stop" : 1613007653585,
        "duration" : 1
      },
      "status" : "passed",
      "steps" : [ ],
      "attachments" : [ ],
      "parameters" : [ {
        "name" : "actionCounter",
        "value" : "61"
      }, {
        "name" : "logText",
        "value" : "Successfully Closed All Browsers."
      } ],
      "hasContent" : true,
      "stepsCount" : 0,
      "attachmentsCount" : 0,
      "shouldDisplayMessage" : false
    } ],
    "attachments" : [ {
      "uid" : "9c21d600c54a7c1c",
      "name" : "Attachment: Selenium WebDriver Logs - server",
      "source" : "9c21d600c54a7c1c.txt",
      "type" : "text/plain",
      "size" : 1288
    }, {
      "uid" : "18018939fb88d4eb",
      "name" : "Attachment: Selenium WebDriver Logs - performance",
      "source" : "18018939fb88d4eb.txt",
      "type" : "text/plain",
      "size" : 61219
    }, {
      "uid" : "85c92ca3cbc7a5a1",
      "name" : "Attachment: Selenium WebDriver Logs - browser",
      "source" : "85c92ca3cbc7a5a1.txt",
      "type" : "text/plain",
      "size" : 759
    }, {
      "uid" : "f7e682fcf3870ac2",
      "name" : "Attachment: Selenium WebDriver Logs - driver",
      "source" : "f7e682fcf3870ac2.txt",
      "type" : "text/plain",
      "size" : 209059
    }, {
      "uid" : "a17b88f9136b207c",
      "name" : "Attachment: SHAFT Engine Logs - Current Method log: closeBrowser",
      "source" : "a17b88f9136b207c.txt",
      "type" : "text/plain",
      "size" : 531
    } ],
    "parameters" : [ ],
    "hasContent" : true,
    "stepsCount" : 1,
    "attachmentsCount" : 5,
    "shouldDisplayMessage" : false
  }, {
    "name" : "closureActivities",
    "time" : {
      "start" : 1613007966801,
      "stop" : 1613007966827,
      "duration" : 26
    },
    "description" : "",
    "status" : "passed",
    "steps" : [ {
      "name" : "Action [503]: Successfully Closed All Browsers.",
      "time" : {
        "start" : 1613007966801,
        "stop" : 1613007966801,
        "duration" : 0
      },
      "status" : "passed",
      "steps" : [ ],
      "attachments" : [ ],
      "parameters" : [ {
        "name" : "actionCounter",
        "value" : "503"
      }, {
        "name" : "logText",
        "value" : "Successfully Closed All Browsers."
      } ],
      "hasContent" : true,
      "stepsCount" : 0,
      "attachmentsCount" : 0,
      "shouldDisplayMessage" : false
    }, {
      "name" : "Action [504]: Issue Summary: Total Issues = 5, New issues for Failed Tests = 3, Open issues for Passed Tests = 2, Open issues for Failed Tests = 0. Kindly check the attached Issue details.",
      "time" : {
        "start" : 1613007966816,
        "stop" : 1613007966816,
        "duration" : 0
      },
      "status" : "passed",
      "steps" : [ ],
      "attachments" : [ {
        "uid" : "de0681ef9cc5f97d",
        "name" : "Attachment: SHAFT Engine Logs - Issues log CSV: 20210211-014606",
        "source" : "de0681ef9cc5f97d.csv",
        "type" : "text/csv",
        "size" : 690
      } ],
      "parameters" : [ {
        "name" : "actionCounter",
        "value" : "504"
      }, {
        "name" : "logText",
        "value" : "Issue Summary: Total Issues = 5, New issues for Failed Tests = 3, Open issues for Passed Tests = 2, Open issues for Failed Tests = 0. Kindly check the attached Issue details."
      }, {
        "name" : "attachments",
        "value" : "[[SHAFT Engine Logs, Issues log CSV: 20210211-014606, java.io.ByteArrayInputStream@6686a4aa]]"
      } ],
      "hasContent" : true,
      "stepsCount" : 0,
      "attachmentsCount" : 1,
      "shouldDisplayMessage" : false
    } ],
    "attachments" : [ {
      "uid" : "d493a2170b9949dd",
      "name" : "Attachment: SHAFT Engine Logs - Execution log: 20210211-014606",
      "source" : "d493a2170b9949dd.txt",
      "type" : "text/plain",
      "size" : 435341
    } ],
    "parameters" : [ ],
    "hasContent" : true,
    "stepsCount" : 2,
    "attachmentsCount" : 2,
    "shouldDisplayMessage" : false
  } ],
  "labels" : [ {
    "name" : "package",
    "value" : "testPackage01.Test_NewValidationActions"
  }, {
    "name" : "testClass",
    "value" : "testPackage01.Test_NewValidationActions"
  }, {
    "name" : "testMethod",
    "value" : "f15"
  }, {
    "name" : "parentSuite",
    "value" : "SHAFT_Engine: Custom Suite"
  }, {
    "name" : "suite",
    "value" : "SHAFT_Engine: Custom Test"
  }, {
    "name" : "subSuite",
    "value" : "testPackage01.Test_NewValidationActions"
  }, {
    "name" : "host",
    "value" : "fv-az29-210"
  }, {
    "name" : "thread",
    "value" : "4006@fv-az29-210.main(1)"
  }, {
    "name" : "framework",
    "value" : "testng"
  }, {
    "name" : "language",
    "value" : "java"
  }, {
    "name" : "resultFormat",
    "value" : "allure2"
  } ],
  "parameters" : [ ],
  "links" : [ ],
  "hidden" : false,
  "retry" : false,
  "extra" : {
    "severity" : "normal",
    "retries" : [ ],
    "categories" : [ ],
    "tags" : [ ]
  },
  "source" : "5ed252e16cf97732.json",
  "parameterValues" : [ ]
}