{
  "uid" : "d3e9c4910df3c239",
  "name" : "f22",
  "fullName" : "testPackage01.Test_NewValidationActions.f22",
  "historyId" : "800cd9c8b5d99dd6684a556a70c6b7f1",
  "time" : {
    "start" : 1613007715001,
    "stop" : 1613007715377,
    "duration" : 376
  },
  "status" : "passed",
  "flaky" : false,
  "newFailed" : false,
  "beforeStages" : [ {
    "name" : "openBrowser",
    "time" : {
      "start" : 1613007713904,
      "stop" : 1613007714968,
      "duration" : 1064
    },
    "description" : "",
    "status" : "passed",
    "steps" : [ {
      "name" : "Action [96]: Attempting to run remotely on: [Linux-64], [GoogleChrome], [http://localhost:4444/wd/hub], Headless Execution.",
      "time" : {
        "start" : 1613007713905,
        "stop" : 1613007713905,
        "duration" : 0
      },
      "status" : "passed",
      "steps" : [ ],
      "attachments" : [ ],
      "parameters" : [ {
        "name" : "actionCounter",
        "value" : "96"
      }, {
        "name" : "logText",
        "value" : "Attempting to run remotely on: [Linux-64], [GoogleChrome], [http://localhost:4444/wd/hub], Headless Execution."
      } ],
      "hasContent" : true,
      "stepsCount" : 0,
      "attachmentsCount" : 0,
      "shouldDisplayMessage" : false
    }, {
      "name" : "Action [97]: Successfully Opened [GoogleChrome].",
      "time" : {
        "start" : 1613007714120,
        "stop" : 1613007714120,
        "duration" : 0
      },
      "status" : "passed",
      "steps" : [ ],
      "attachments" : [ ],
      "parameters" : [ {
        "name" : "actionCounter",
        "value" : "97"
      }, {
        "name" : "logText",
        "value" : "Successfully Opened [GoogleChrome]."
      } ],
      "hasContent" : true,
      "stepsCount" : 0,
      "attachmentsCount" : 0,
      "shouldDisplayMessage" : false
    }, {
      "name" : "Action [98]: Browser Action [navigateToURL] successfully performed. With the following test data [https://the-internet.herokuapp.com/].",
      "time" : {
        "start" : 1613007714967,
        "stop" : 1613007714967,
        "duration" : 0
      },
      "status" : "passed",
      "steps" : [ ],
      "attachments" : [ ],
      "parameters" : [ {
        "name" : "actionCounter",
        "value" : "98"
      }, {
        "name" : "logText",
        "value" : "Browser Action [navigateToURL] successfully performed. With the following test data [https://the-internet.herokuapp.com/]."
      }, {
        "name" : "attachments",
        "value" : "[null]"
      } ],
      "hasContent" : true,
      "stepsCount" : 0,
      "attachmentsCount" : 0,
      "shouldDisplayMessage" : false
    } ],
    "attachments" : [ {
      "uid" : "1d62ea3c4e8d7b5e",
      "name" : "Attachment: SHAFT Engine Logs - Current Method log: openBrowser",
      "source" : "1d62ea3c4e8d7b5e.txt",
      "type" : "text/plain",
      "size" : 744
    } ],
    "parameters" : [ ],
    "hasContent" : true,
    "stepsCount" : 3,
    "attachmentsCount" : 1,
    "shouldDisplayMessage" : false
  } ],
  "testStage" : {
    "status" : "passed",
    "steps" : [ {
      "name" : "Action [99]: AssertElementAttribute FAILED; Expected [Value Should be 'yyy' for the 'text' attribute, element locator 'By.tagName: h1'] and Actual [Welcome to the-internet]. Comparison Type [CONTAINS]. Validation Type [POSITIVE].",
      "time" : {
        "start" : 1613007715375,
        "stop" : 1613007715376,
        "duration" : 1
      },
      "status" : "passed",
      "steps" : [ ],
      "attachments" : [ {
        "uid" : "16d4e5efe86cc44f",
        "name" : "Attachment: Screenshot - 1613007715287_f22_AssertElementAttribute_failed",
        "source" : "16d4e5efe86cc44f.png",
        "type" : "image/png",
        "size" : 158296
      } ],
      "parameters" : [ {
        "name" : "actionCounter",
        "value" : "99"
      }, {
        "name" : "logText",
        "value" : "AssertElementAttribute FAILED; Expected [Value Should be 'yyy' for the 'text' attribute, element locator 'By.tagName: h1'] and Actual [Welcome to the-internet]. Comparison Type [CONTAINS]. Validation Type [POSITIVE]."
      }, {
        "name" : "attachments",
        "value" : "[[Screenshot, 1613007715287_f22_AssertElementAttribute_failed, java.io.ByteArrayInputStream@3a6ae0f0]]"
      } ],
      "hasContent" : true,
      "stepsCount" : 0,
      "attachmentsCount" : 1,
      "shouldDisplayMessage" : false
    } ],
    "attachments" : [ {
      "uid" : "afeb86adfcb98dcf",
      "name" : "Attachment: SHAFT Engine Logs - Current Method log: f22",
      "source" : "afeb86adfcb98dcf.txt",
      "type" : "text/plain",
      "size" : 1035
    } ],
    "parameters" : [ ],
    "hasContent" : true,
    "stepsCount" : 1,
    "attachmentsCount" : 2,
    "shouldDisplayMessage" : false
  },
  "afterStages" : [ {
    "name" : "closeBrowser",
    "time" : {
      "start" : 1613007715377,
      "stop" : 1613007715546,
      "duration" : 169
    },
    "description" : "",
    "status" : "passed",
    "steps" : [ {
      "name" : "Action [100]: Successfully Closed All Browsers.",
      "time" : {
        "start" : 1613007715546,
        "stop" : 1613007715546,
        "duration" : 0
      },
      "status" : "passed",
      "steps" : [ ],
      "attachments" : [ ],
      "parameters" : [ {
        "name" : "actionCounter",
        "value" : "100"
      }, {
        "name" : "logText",
        "value" : "Successfully Closed All Browsers."
      } ],
      "hasContent" : true,
      "stepsCount" : 0,
      "attachmentsCount" : 0,
      "shouldDisplayMessage" : false
    } ],
    "attachments" : [ {
      "uid" : "715ee269d78d7d26",
      "name" : "Attachment: Selenium WebDriver Logs - server",
      "source" : "715ee269d78d7d26.txt",
      "type" : "text/plain",
      "size" : 1288
    }, {
      "uid" : "c2ac8c7f4ae57295",
      "name" : "Attachment: Selenium WebDriver Logs - performance",
      "source" : "c2ac8c7f4ae57295.txt",
      "type" : "text/plain",
      "size" : 61966
    }, {
      "uid" : "f0fccc2823f9efaf",
      "name" : "Attachment: Selenium WebDriver Logs - browser",
      "source" : "f0fccc2823f9efaf.txt",
      "type" : "text/plain",
      "size" : 757
    }, {
      "uid" : "7394532f60e3af13",
      "name" : "Attachment: Selenium WebDriver Logs - driver",
      "source" : "7394532f60e3af13.txt",
      "type" : "text/plain",
      "size" : 210255
    }, {
      "uid" : "4da26c4e70a14486",
      "name" : "Attachment: SHAFT Engine Logs - Current Method log: closeBrowser",
      "source" : "4da26c4e70a14486.txt",
      "type" : "text/plain",
      "size" : 531
    } ],
    "parameters" : [ ],
    "hasContent" : true,
    "stepsCount" : 1,
    "attachmentsCount" : 5,
    "shouldDisplayMessage" : false
  }, {
    "name" : "closureActivities",
    "time" : {
      "start" : 1613007966801,
      "stop" : 1613007966827,
      "duration" : 26
    },
    "description" : "",
    "status" : "passed",
    "steps" : [ {
      "name" : "Action [503]: Successfully Closed All Browsers.",
      "time" : {
        "start" : 1613007966801,
        "stop" : 1613007966801,
        "duration" : 0
      },
      "status" : "passed",
      "steps" : [ ],
      "attachments" : [ ],
      "parameters" : [ {
        "name" : "actionCounter",
        "value" : "503"
      }, {
        "name" : "logText",
        "value" : "Successfully Closed All Browsers."
      } ],
      "hasContent" : true,
      "stepsCount" : 0,
      "attachmentsCount" : 0,
      "shouldDisplayMessage" : false
    }, {
      "name" : "Action [504]: Issue Summary: Total Issues = 5, New issues for Failed Tests = 3, Open issues for Passed Tests = 2, Open issues for Failed Tests = 0. Kindly check the attached Issue details.",
      "time" : {
        "start" : 1613007966816,
        "stop" : 1613007966816,
        "duration" : 0
      },
      "status" : "passed",
      "steps" : [ ],
      "attachments" : [ {
        "uid" : "de0681ef9cc5f97d",
        "name" : "Attachment: SHAFT Engine Logs - Issues log CSV: 20210211-014606",
        "source" : "de0681ef9cc5f97d.csv",
        "type" : "text/csv",
        "size" : 690
      } ],
      "parameters" : [ {
        "name" : "actionCounter",
        "value" : "504"
      }, {
        "name" : "logText",
        "value" : "Issue Summary: Total Issues = 5, New issues for Failed Tests = 3, Open issues for Passed Tests = 2, Open issues for Failed Tests = 0. Kindly check the attached Issue details."
      }, {
        "name" : "attachments",
        "value" : "[[SHAFT Engine Logs, Issues log CSV: 20210211-014606, java.io.ByteArrayInputStream@6686a4aa]]"
      } ],
      "hasContent" : true,
      "stepsCount" : 0,
      "attachmentsCount" : 1,
      "shouldDisplayMessage" : false
    } ],
    "attachments" : [ {
      "uid" : "d493a2170b9949dd",
      "name" : "Attachment: SHAFT Engine Logs - Execution log: 20210211-014606",
      "source" : "d493a2170b9949dd.txt",
      "type" : "text/plain",
      "size" : 435341
    } ],
    "parameters" : [ ],
    "hasContent" : true,
    "stepsCount" : 2,
    "attachmentsCount" : 2,
    "shouldDisplayMessage" : false
  } ],
  "labels" : [ {
    "name" : "package",
    "value" : "testPackage01.Test_NewValidationActions"
  }, {
    "name" : "testClass",
    "value" : "testPackage01.Test_NewValidationActions"
  }, {
    "name" : "testMethod",
    "value" : "f22"
  }, {
    "name" : "parentSuite",
    "value" : "SHAFT_Engine: Custom Suite"
  }, {
    "name" : "suite",
    "value" : "SHAFT_Engine: Custom Test"
  }, {
    "name" : "subSuite",
    "value" : "testPackage01.Test_NewValidationActions"
  }, {
    "name" : "host",
    "value" : "fv-az29-210"
  }, {
    "name" : "thread",
    "value" : "4006@fv-az29-210.main(1)"
  }, {
    "name" : "framework",
    "value" : "testng"
  }, {
    "name" : "language",
    "value" : "java"
  }, {
    "name" : "resultFormat",
    "value" : "allure2"
  } ],
  "parameters" : [ ],
  "links" : [ ],
  "hidden" : false,
  "retry" : false,
  "extra" : {
    "severity" : "normal",
    "retries" : [ ],
    "categories" : [ ],
    "tags" : [ ]
  },
  "source" : "d3e9c4910df3c239.json",
  "parameterValues" : [ ]
}