{
  "uid" : "d8613ba71aa6967f",
  "name" : "getPostsAndAssertBodyForSpecificTitle",
  "fullName" : "unitTests.tests_restActions.getPostsAndAssertBodyForSpecificTitle",
  "historyId" : "5514b76ba1dc4de2d7fa6ed8af87a94e",
  "time" : {
    "start" : 1619230207813,
    "stop" : 1619230208011,
    "duration" : 198
  },
  "status" : "broken",
  "statusMessage" : "Cannot invoke \"com.shaft.api.RequestBuilder$AuthenticationType.ordinal()\" because \"this.authenticationType\" is null",
  "statusTrace" : "java.lang.NullPointerException: Cannot invoke \"com.shaft.api.RequestBuilder$AuthenticationType.ordinal()\" because \"this.authenticationType\" is null\n\tat com.shaft.api.RequestBuilder.performRequest(RequestBuilder.java:103)\n\tat unitTests.tests_restActions.getPostsAndAssertBodyForSpecificTitle(tests_restActions.java:20)\n\tat java.base/jdk.internal.reflect.NativeMethodAccessorImpl.invoke0(Native Method)\n\tat java.base/jdk.internal.reflect.NativeMethodAccessorImpl.invoke(NativeMethodAccessorImpl.java:64)\n\tat java.base/jdk.internal.reflect.DelegatingMethodAccessorImpl.invoke(DelegatingMethodAccessorImpl.java:43)\n\tat java.base/java.lang.reflect.Method.invoke(Method.java:564)\n\tat org.testng.internal.MethodInvocationHelper.invokeMethod(MethodInvocationHelper.java:133)\n\tat org.testng.internal.TestInvoker.invokeMethod(TestInvoker.java:598)\n\tat org.testng.internal.TestInvoker.invokeTestMethod(TestInvoker.java:173)\n\tat org.testng.internal.MethodRunner.runInSequence(MethodRunner.java:46)\n\tat org.testng.internal.TestInvoker$MethodInvocationAgent.invoke(TestInvoker.java:824)\n\tat org.testng.internal.TestInvoker.invokeTestMethods(TestInvoker.java:146)\n\tat org.testng.internal.TestMethodWorker.invokeTestMethods(TestMethodWorker.java:146)\n\tat org.testng.internal.TestMethodWorker.run(TestMethodWorker.java:128)\n\tat java.base/java.util.ArrayList.forEach(ArrayList.java:1511)\n\tat org.testng.TestRunner.privateRun(TestRunner.java:794)\n\tat org.testng.TestRunner.run(TestRunner.java:596)\n\tat org.testng.SuiteRunner.runTest(SuiteRunner.java:377)\n\tat org.testng.SuiteRunner.runSequentially(SuiteRunner.java:371)\n\tat org.testng.SuiteRunner.privateRun(SuiteRunner.java:332)\n\tat org.testng.SuiteRunner.run(SuiteRunner.java:276)\n\tat org.testng.SuiteRunnerWorker.runSuite(SuiteRunnerWorker.java:53)\n\tat org.testng.SuiteRunnerWorker.run(SuiteRunnerWorker.java:96)\n\tat org.testng.TestNG.runSuitesSequentially(TestNG.java:1212)\n\tat org.testng.TestNG.runSuitesLocally(TestNG.java:1134)\n\tat org.testng.TestNG.runSuites(TestNG.java:1063)\n\tat org.testng.TestNG.run(TestNG.java:1031)\n\tat org.apache.maven.surefire.testng.TestNGExecutor.run(TestNGExecutor.java:136)\n\tat org.apache.maven.surefire.testng.TestNGDirectoryTestSuite.executeMulti(TestNGDirectoryTestSuite.java:193)\n\tat org.apache.maven.surefire.testng.TestNGDirectoryTestSuite.execute(TestNGDirectoryTestSuite.java:94)\n\tat org.apache.maven.surefire.testng.TestNGProvider.invoke(TestNGProvider.java:145)\n\tat org.apache.maven.surefire.booter.ForkedBooter.runSuitesInProcess(ForkedBooter.java:428)\n\tat org.apache.maven.surefire.booter.ForkedBooter.execute(ForkedBooter.java:162)\n\tat org.apache.maven.surefire.booter.ForkedBooter.run(ForkedBooter.java:562)\n\tat org.apache.maven.surefire.booter.ForkedBooter.main(ForkedBooter.java:548)\n",
  "flaky" : false,
  "newFailed" : false,
  "beforeStages" : [ ],
  "testStage" : {
    "status" : "broken",
    "statusMessage" : "Cannot invoke \"com.shaft.api.RequestBuilder$AuthenticationType.ordinal()\" because \"this.authenticationType\" is null",
    "statusTrace" : "java.lang.NullPointerException: Cannot invoke \"com.shaft.api.RequestBuilder$AuthenticationType.ordinal()\" because \"this.authenticationType\" is null\n\tat com.shaft.api.RequestBuilder.performRequest(RequestBuilder.java:103)\n\tat unitTests.tests_restActions.getPostsAndAssertBodyForSpecificTitle(tests_restActions.java:20)\n\tat java.base/jdk.internal.reflect.NativeMethodAccessorImpl.invoke0(Native Method)\n\tat java.base/jdk.internal.reflect.NativeMethodAccessorImpl.invoke(NativeMethodAccessorImpl.java:64)\n\tat java.base/jdk.internal.reflect.DelegatingMethodAccessorImpl.invoke(DelegatingMethodAccessorImpl.java:43)\n\tat java.base/java.lang.reflect.Method.invoke(Method.java:564)\n\tat org.testng.internal.MethodInvocationHelper.invokeMethod(MethodInvocationHelper.java:133)\n\tat org.testng.internal.TestInvoker.invokeMethod(TestInvoker.java:598)\n\tat org.testng.internal.TestInvoker.invokeTestMethod(TestInvoker.java:173)\n\tat org.testng.internal.MethodRunner.runInSequence(MethodRunner.java:46)\n\tat org.testng.internal.TestInvoker$MethodInvocationAgent.invoke(TestInvoker.java:824)\n\tat org.testng.internal.TestInvoker.invokeTestMethods(TestInvoker.java:146)\n\tat org.testng.internal.TestMethodWorker.invokeTestMethods(TestMethodWorker.java:146)\n\tat org.testng.internal.TestMethodWorker.run(TestMethodWorker.java:128)\n\tat java.base/java.util.ArrayList.forEach(ArrayList.java:1511)\n\tat org.testng.TestRunner.privateRun(TestRunner.java:794)\n\tat org.testng.TestRunner.run(TestRunner.java:596)\n\tat org.testng.SuiteRunner.runTest(SuiteRunner.java:377)\n\tat org.testng.SuiteRunner.runSequentially(SuiteRunner.java:371)\n\tat org.testng.SuiteRunner.privateRun(SuiteRunner.java:332)\n\tat org.testng.SuiteRunner.run(SuiteRunner.java:276)\n\tat org.testng.SuiteRunnerWorker.runSuite(SuiteRunnerWorker.java:53)\n\tat org.testng.SuiteRunnerWorker.run(SuiteRunnerWorker.java:96)\n\tat org.testng.TestNG.runSuitesSequentially(TestNG.java:1212)\n\tat org.testng.TestNG.runSuitesLocally(TestNG.java:1134)\n\tat org.testng.TestNG.runSuites(TestNG.java:1063)\n\tat org.testng.TestNG.run(TestNG.java:1031)\n\tat org.apache.maven.surefire.testng.TestNGExecutor.run(TestNGExecutor.java:136)\n\tat org.apache.maven.surefire.testng.TestNGDirectoryTestSuite.executeMulti(TestNGDirectoryTestSuite.java:193)\n\tat org.apache.maven.surefire.testng.TestNGDirectoryTestSuite.execute(TestNGDirectoryTestSuite.java:94)\n\tat org.apache.maven.surefire.testng.TestNGProvider.invoke(TestNGProvider.java:145)\n\tat org.apache.maven.surefire.booter.ForkedBooter.runSuitesInProcess(ForkedBooter.java:428)\n\tat org.apache.maven.surefire.booter.ForkedBooter.execute(ForkedBooter.java:162)\n\tat org.apache.maven.surefire.booter.ForkedBooter.run(ForkedBooter.java:562)\n\tat org.apache.maven.surefire.booter.ForkedBooter.main(ForkedBooter.java:548)\n",
    "steps" : [ ],
    "attachments" : [ {
      "uid" : "fe52532ea5c989e6",
      "name" : "Attachment: SHAFT Engine Logs - Current Method log: getPostsAndAssertBodyForSpecificTitle",
      "source" : "fe52532ea5c989e6.txt",
      "type" : "text/plain",
      "size" : 440
    } ],
    "parameters" : [ ],
    "stepsCount" : 0,
    "attachmentsCount" : 1,
    "shouldDisplayMessage" : true,
    "hasContent" : true
  },
  "afterStages" : [ {
    "name" : "closureActivities",
    "time" : {
      "start" : 1619230209153,
      "stop" : 1619230209962,
      "duration" : 809
    },
    "description" : "",
    "status" : "passed",
    "steps" : [ {
      "name" : "Action [519]: Successfully Closed All Browsers.",
      "time" : {
        "start" : 1619230209153,
        "stop" : 1619230209154,
        "duration" : 1
      },
      "status" : "passed",
      "steps" : [ ],
      "attachments" : [ ],
      "parameters" : [ {
        "name" : "actionCounter",
        "value" : "519"
      }, {
        "name" : "logText",
        "value" : "Successfully Closed All Browsers."
      } ],
      "stepsCount" : 0,
      "attachmentsCount" : 0,
      "shouldDisplayMessage" : false,
      "hasContent" : true
    }, {
      "name" : "Action [520]: Issue Summary: Total Issues = 4, New issues for Failed Tests = 2, Open issues for Passed Tests = 2, Open issues for Failed Tests = 0. Kindly check the attached Issue details.",
      "time" : {
        "start" : 1619230209166,
        "stop" : 1619230209169,
        "duration" : 3
      },
      "status" : "passed",
      "steps" : [ ],
      "attachments" : [ {
        "uid" : "3ee57306ff3afea8",
        "name" : "Attachment: SHAFT Engine Logs - Issues log CSV: 20210424-021009",
        "source" : "3ee57306ff3afea8.csv",
        "type" : "text/csv",
        "size" : 492
      } ],
      "parameters" : [ {
        "name" : "actionCounter",
        "value" : "520"
      }, {
        "name" : "logText",
        "value" : "Issue Summary: Total Issues = 4, New issues for Failed Tests = 2, Open issues for Passed Tests = 2, Open issues for Failed Tests = 0. Kindly check the attached Issue details."
      }, {
        "name" : "attachments",
        "value" : "[[SHAFT Engine Logs, Issues log CSV: 20210424-021009, java.io.ByteArrayInputStream@5b4d5437]]"
      } ],
      "stepsCount" : 0,
      "attachmentsCount" : 1,
      "shouldDisplayMessage" : false,
      "hasContent" : true
    } ],
    "attachments" : [ {
      "uid" : "f029966e72ed3eda",
      "name" : "Attachment: SHAFT Engine Logs - Execution log: 20210424-021009",
      "source" : "f029966e72ed3eda.txt",
      "type" : "text/plain",
      "size" : 347785
    }, {
      "uid" : "1b7694a8e800d9c3",
      "name" : "Attachment: HTML - Extent Emailable Execution Report",
      "source" : "1b7694a8e800d9c3.html",
      "type" : "text/html",
      "size" : 8962632
    } ],
    "parameters" : [ ],
    "stepsCount" : 2,
    "attachmentsCount" : 3,
    "shouldDisplayMessage" : false,
    "hasContent" : true
  } ],
  "labels" : [ {
    "name" : "package",
    "value" : "unitTests.tests_restActions"
  }, {
    "name" : "testClass",
    "value" : "unitTests.tests_restActions"
  }, {
    "name" : "testMethod",
    "value" : "getPostsAndAssertBodyForSpecificTitle"
  }, {
    "name" : "parentSuite",
    "value" : "SHAFT_Engine: Custom Suite"
  }, {
    "name" : "suite",
    "value" : "SHAFT_Engine: Custom Test"
  }, {
    "name" : "subSuite",
    "value" : "unitTests.tests_restActions"
  }, {
    "name" : "host",
    "value" : "fv-az99-558"
  }, {
    "name" : "thread",
    "value" : "4282@fv-az99-558.main(1)"
  }, {
    "name" : "framework",
    "value" : "testng"
  }, {
    "name" : "language",
    "value" : "java"
  }, {
    "name" : "resultFormat",
    "value" : "allure2"
  } ],
  "parameters" : [ ],
  "links" : [ ],
  "hidden" : false,
  "retry" : false,
  "extra" : {
    "severity" : "normal",
    "retries" : [ ],
    "categories" : [ {
      "name" : "Test defects",
      "matchedStatuses" : [ ],
      "flaky" : false
    } ],
    "history" : {
      "statistic" : {
        "failed" : 0,
        "broken" : 3,
        "skipped" : 0,
        "passed" : 1,
        "unknown" : 0,
        "total" : 4
      },
      "items" : [ {
        "uid" : "530e1658ad53690c",
        "reportUrl" : "https://MahmoudElSharkawy.github.io/SHAFT_ENGINE/allure/111//#testresult/530e1658ad53690c",
        "status" : "broken",
        "statusDetails" : "Cannot invoke \"com.shaft.api.RequestBuilder$AuthenticationType.ordinal()\" because \"this.authenticationType\" is null",
        "time" : {
          "start" : 1619144046075,
          "stop" : 1619144046246,
          "duration" : 171
        }
      }, {
        "uid" : "ac1de1f1e863b8da",
        "reportUrl" : "https://MahmoudElSharkawy.github.io/SHAFT_ENGINE/allure/108//#testresult/ac1de1f1e863b8da",
        "status" : "broken",
        "statusDetails" : "Cannot invoke \"com.shaft.api.RequestBuilder$AuthenticationType.ordinal()\" because \"this.authenticationType\" is null",
        "time" : {
          "start" : 1619102041137,
          "stop" : 1619102041316,
          "duration" : 179
        }
      }, {
        "uid" : "26f2808756c397b0",
        "reportUrl" : "https://MahmoudElSharkawy.github.io/SHAFT_ENGINE/allure/96//#testresult/26f2808756c397b0",
        "status" : "passed",
        "time" : {
          "start" : 1618884651079,
          "stop" : 1618884655865,
          "duration" : 4786
        }
      } ]
    },
    "tags" : [ ]
  },
  "source" : "d8613ba71aa6967f.json",
  "parameterValues" : [ ]
}