{
  "uid" : "f2970e7d7daa14f",
  "name" : "f21",
  "fullName" : "testPackage01.Test_NewValidationHelper.f21",
  "historyId" : "259a17265cbc92933de3cafb98400a6e",
  "time" : {
    "start" : 1619229986970,
    "stop" : 1619230012616,
    "duration" : 25646
  },
  "status" : "passed",
  "flaky" : false,
  "newFailed" : false,
  "beforeStages" : [ {
    "name" : "openBrowser",
    "time" : {
      "start" : 1619229986198,
      "stop" : 1619229986968,
      "duration" : 770
    },
    "description" : "",
    "status" : "passed",
    "steps" : [ {
      "name" : "Action [179]: Attempting to run remotely on: [Linux-64], [GoogleChrome], [http://localhost:4444/wd/hub], Headless Execution.",
      "time" : {
        "start" : 1619229986198,
        "stop" : 1619229986198,
        "duration" : 0
      },
      "status" : "passed",
      "steps" : [ ],
      "attachments" : [ ],
      "parameters" : [ {
        "name" : "actionCounter",
        "value" : "179"
      }, {
        "name" : "logText",
        "value" : "Attempting to run remotely on: [Linux-64], [GoogleChrome], [http://localhost:4444/wd/hub], Headless Execution."
      } ],
      "stepsCount" : 0,
      "attachmentsCount" : 0,
      "shouldDisplayMessage" : false,
      "hasContent" : true
    }, {
      "name" : "Action [180]: Successfully Opened [GoogleChrome].",
      "time" : {
        "start" : 1619229986532,
        "stop" : 1619229986532,
        "duration" : 0
      },
      "status" : "passed",
      "steps" : [ ],
      "attachments" : [ ],
      "parameters" : [ {
        "name" : "actionCounter",
        "value" : "180"
      }, {
        "name" : "logText",
        "value" : "Successfully Opened [GoogleChrome]."
      } ],
      "stepsCount" : 0,
      "attachmentsCount" : 0,
      "shouldDisplayMessage" : false,
      "hasContent" : true
    }, {
      "name" : "Action [181]: Browser Action [navigateToURL] successfully performed. With the following test data [https://the-internet.herokuapp.com/].",
      "time" : {
        "start" : 1619229986968,
        "stop" : 1619229986968,
        "duration" : 0
      },
      "status" : "passed",
      "steps" : [ ],
      "attachments" : [ ],
      "parameters" : [ {
        "name" : "actionCounter",
        "value" : "181"
      }, {
        "name" : "logText",
        "value" : "Browser Action [navigateToURL] successfully performed. With the following test data [https://the-internet.herokuapp.com/]."
      }, {
        "name" : "attachments",
        "value" : "[null]"
      } ],
      "stepsCount" : 0,
      "attachmentsCount" : 0,
      "shouldDisplayMessage" : false,
      "hasContent" : true
    } ],
    "attachments" : [ ],
    "parameters" : [ ],
    "stepsCount" : 3,
    "attachmentsCount" : 0,
    "shouldDisplayMessage" : false,
    "hasContent" : true
  } ],
  "testStage" : {
    "status" : "passed",
    "steps" : [ {
      "name" : "Action [182]: Element Action [identifyUniqueElement] failed. With the following test data [zero elements found matching this locator \"By.tagName: h3\".].",
      "time" : {
        "start" : 1619230012613,
        "stop" : 1619230012614,
        "duration" : 1
      },
      "status" : "passed",
      "steps" : [ ],
      "attachments" : [ {
        "uid" : "f108dbca2460b093",
        "name" : "Attachment: Screenshot - 1619230012538_f21_identifyUniqueElement_failed",
        "source" : "f108dbca2460b093.png",
        "type" : "image/png",
        "size" : 55570
      } ],
      "parameters" : [ {
        "name" : "actionCounter",
        "value" : "182"
      }, {
        "name" : "logText",
        "value" : "Element Action [identifyUniqueElement] failed. With the following test data [zero elements found matching this locator \"By.tagName: h3\".]."
      }, {
        "name" : "attachments",
        "value" : "[[Screenshot, 1619230012538_f21_identifyUniqueElement_failed, java.io.ByteArrayInputStream@705a2022]]"
      } ],
      "stepsCount" : 0,
      "attachmentsCount" : 1,
      "shouldDisplayMessage" : false,
      "hasContent" : true
    }, {
      "name" : "Action [183]: AssertElementAttribute FAILED; Expected [Value Should be 'Welcome' for the 'text' attribute, element locator 'By.tagName: h3'] and Actual [Failed to read the desired element attribute]. Comparison Type [CONTAINS]. Validation Type [POSITIVE].",
      "time" : {
        "start" : 1619230012615,
        "stop" : 1619230012615,
        "duration" : 0
      },
      "status" : "passed",
      "steps" : [ ],
      "attachments" : [ ],
      "parameters" : [ {
        "name" : "actionCounter",
        "value" : "183"
      }, {
        "name" : "logText",
        "value" : "AssertElementAttribute FAILED; Expected [Value Should be 'Welcome' for the 'text' attribute, element locator 'By.tagName: h3'] and Actual [Failed to read the desired element attribute]. Comparison Type [CONTAINS]. Validation Type [POSITIVE]."
      } ],
      "stepsCount" : 0,
      "attachmentsCount" : 0,
      "shouldDisplayMessage" : false,
      "hasContent" : true
    } ],
    "attachments" : [ {
      "uid" : "8aa3ab976bf0d82e",
      "name" : "Attachment: SHAFT Engine Logs - Current Method log: f21",
      "source" : "8aa3ab976bf0d82e.txt",
      "type" : "text/plain",
      "size" : 11021
    } ],
    "parameters" : [ ],
    "stepsCount" : 2,
    "attachmentsCount" : 2,
    "shouldDisplayMessage" : false,
    "hasContent" : true
  },
  "afterStages" : [ {
    "name" : "closeBrowser",
    "time" : {
      "start" : 1619230012626,
      "stop" : 1619230012807,
      "duration" : 181
    },
    "description" : "",
    "status" : "passed",
    "steps" : [ {
      "name" : "Action [184]: Successfully Closed All Browsers.",
      "time" : {
        "start" : 1619230012806,
        "stop" : 1619230012806,
        "duration" : 0
      },
      "status" : "passed",
      "steps" : [ ],
      "attachments" : [ ],
      "parameters" : [ {
        "name" : "actionCounter",
        "value" : "184"
      }, {
        "name" : "logText",
        "value" : "Successfully Closed All Browsers."
      } ],
      "stepsCount" : 0,
      "attachmentsCount" : 0,
      "shouldDisplayMessage" : false,
      "hasContent" : true
    } ],
    "attachments" : [ {
      "uid" : "f7832f96c500e062",
      "name" : "Attachment: Selenium WebDriver Logs - server",
      "source" : "f7832f96c500e062.txt",
      "type" : "text/plain",
      "size" : 1288
    }, {
      "uid" : "dd48e27d55d6207a",
      "name" : "Attachment: Selenium WebDriver Logs - performance",
      "source" : "dd48e27d55d6207a.txt",
      "type" : "text/plain",
      "size" : 54775
    }, {
      "uid" : "41ca489f8faf2211",
      "name" : "Attachment: Selenium WebDriver Logs - browser",
      "source" : "41ca489f8faf2211.txt",
      "type" : "text/plain",
      "size" : 298
    }, {
      "uid" : "e072fc034cfa4578",
      "name" : "Attachment: Selenium WebDriver Logs - driver",
      "source" : "e072fc034cfa4578.txt",
      "type" : "text/plain",
      "size" : 215138
    } ],
    "parameters" : [ ],
    "stepsCount" : 1,
    "attachmentsCount" : 4,
    "shouldDisplayMessage" : false,
    "hasContent" : true
  }, {
    "name" : "closureActivities",
    "time" : {
      "start" : 1619230209153,
      "stop" : 1619230209962,
      "duration" : 809
    },
    "description" : "",
    "status" : "passed",
    "steps" : [ {
      "name" : "Action [519]: Successfully Closed All Browsers.",
      "time" : {
        "start" : 1619230209153,
        "stop" : 1619230209154,
        "duration" : 1
      },
      "status" : "passed",
      "steps" : [ ],
      "attachments" : [ ],
      "parameters" : [ {
        "name" : "actionCounter",
        "value" : "519"
      }, {
        "name" : "logText",
        "value" : "Successfully Closed All Browsers."
      } ],
      "stepsCount" : 0,
      "attachmentsCount" : 0,
      "shouldDisplayMessage" : false,
      "hasContent" : true
    }, {
      "name" : "Action [520]: Issue Summary: Total Issues = 4, New issues for Failed Tests = 2, Open issues for Passed Tests = 2, Open issues for Failed Tests = 0. Kindly check the attached Issue details.",
      "time" : {
        "start" : 1619230209166,
        "stop" : 1619230209169,
        "duration" : 3
      },
      "status" : "passed",
      "steps" : [ ],
      "attachments" : [ {
        "uid" : "3ee57306ff3afea8",
        "name" : "Attachment: SHAFT Engine Logs - Issues log CSV: 20210424-021009",
        "source" : "3ee57306ff3afea8.csv",
        "type" : "text/csv",
        "size" : 492
      } ],
      "parameters" : [ {
        "name" : "actionCounter",
        "value" : "520"
      }, {
        "name" : "logText",
        "value" : "Issue Summary: Total Issues = 4, New issues for Failed Tests = 2, Open issues for Passed Tests = 2, Open issues for Failed Tests = 0. Kindly check the attached Issue details."
      }, {
        "name" : "attachments",
        "value" : "[[SHAFT Engine Logs, Issues log CSV: 20210424-021009, java.io.ByteArrayInputStream@5b4d5437]]"
      } ],
      "stepsCount" : 0,
      "attachmentsCount" : 1,
      "shouldDisplayMessage" : false,
      "hasContent" : true
    } ],
    "attachments" : [ {
      "uid" : "f029966e72ed3eda",
      "name" : "Attachment: SHAFT Engine Logs - Execution log: 20210424-021009",
      "source" : "f029966e72ed3eda.txt",
      "type" : "text/plain",
      "size" : 347785
    }, {
      "uid" : "1b7694a8e800d9c3",
      "name" : "Attachment: HTML - Extent Emailable Execution Report",
      "source" : "1b7694a8e800d9c3.html",
      "type" : "text/html",
      "size" : 8962632
    } ],
    "parameters" : [ ],
    "stepsCount" : 2,
    "attachmentsCount" : 3,
    "shouldDisplayMessage" : false,
    "hasContent" : true
  } ],
  "labels" : [ {
    "name" : "package",
    "value" : "testPackage01.Test_NewValidationHelper"
  }, {
    "name" : "testClass",
    "value" : "testPackage01.Test_NewValidationHelper"
  }, {
    "name" : "testMethod",
    "value" : "f21"
  }, {
    "name" : "parentSuite",
    "value" : "SHAFT_Engine: Custom Suite"
  }, {
    "name" : "suite",
    "value" : "SHAFT_Engine: Custom Test"
  }, {
    "name" : "subSuite",
    "value" : "testPackage01.Test_NewValidationHelper"
  }, {
    "name" : "host",
    "value" : "fv-az99-558"
  }, {
    "name" : "thread",
    "value" : "4282@fv-az99-558.main(1)"
  }, {
    "name" : "framework",
    "value" : "testng"
  }, {
    "name" : "language",
    "value" : "java"
  }, {
    "name" : "resultFormat",
    "value" : "allure2"
  } ],
  "parameters" : [ ],
  "links" : [ ],
  "hidden" : false,
  "retry" : false,
  "extra" : {
    "severity" : "normal",
    "retries" : [ ],
    "categories" : [ ],
    "history" : {
      "statistic" : {
        "failed" : 0,
        "broken" : 0,
        "skipped" : 0,
        "passed" : 3,
        "unknown" : 0,
        "total" : 3
      },
      "items" : [ {
        "uid" : "913d5b40344e273e",
        "reportUrl" : "https://MahmoudElSharkawy.github.io/SHAFT_ENGINE/allure/111//#testresult/913d5b40344e273e",
        "status" : "passed",
        "time" : {
          "start" : 1619143764298,
          "stop" : 1619143789873,
          "duration" : 25575
        }
      }, {
        "uid" : "fd8cd3bfa6b46c46",
        "reportUrl" : "https://MahmoudElSharkawy.github.io/SHAFT_ENGINE/allure/108//#testresult/fd8cd3bfa6b46c46",
        "status" : "passed",
        "time" : {
          "start" : 1619101760262,
          "stop" : 1619101785851,
          "duration" : 25589
        }
      } ]
    },
    "tags" : [ ]
  },
  "source" : "f2970e7d7daa14f.json",
  "parameterValues" : [ ]
}